ARM GAS  C:\Users\purdu\AppData\Local\Temp\ccRfkNxR.s 			page 1


   1              		.cpu cortex-m4
   2              		.arch armv7e-m
   3              		.fpu fpv4-sp-d16
   4              		.eabi_attribute 27, 1
   5              		.eabi_attribute 28, 1
   6              		.eabi_attribute 20, 1
   7              		.eabi_attribute 21, 1
   8              		.eabi_attribute 23, 3
   9              		.eabi_attribute 24, 1
  10              		.eabi_attribute 25, 1
  11              		.eabi_attribute 26, 1
  12              		.eabi_attribute 30, 1
  13              		.eabi_attribute 34, 1
  14              		.eabi_attribute 18, 4
  15              		.file	"gpio.c"
  16              		.text
  17              	.Ltext0:
  18              		.cfi_sections	.debug_frame
  19              		.file 1 "Core/Src/gpio.c"
  20              		.section	.text.MX_GPIO_Init,"ax",%progbits
  21              		.align	1
  22              		.global	MX_GPIO_Init
  23              		.syntax unified
  24              		.thumb
  25              		.thumb_func
  27              	MX_GPIO_Init:
  28              	.LFB329:
   1:Core/Src/gpio.c **** /* USER CODE BEGIN Header */
   2:Core/Src/gpio.c **** /**
   3:Core/Src/gpio.c ****   ******************************************************************************
   4:Core/Src/gpio.c ****   * @file    gpio.c
   5:Core/Src/gpio.c ****   * @brief   This file provides code for the configuration
   6:Core/Src/gpio.c ****   *          of all used GPIO pins.
   7:Core/Src/gpio.c ****   ******************************************************************************
   8:Core/Src/gpio.c ****   * @attention
   9:Core/Src/gpio.c ****   *
  10:Core/Src/gpio.c ****   * Copyright (c) 2024 STMicroelectronics.
  11:Core/Src/gpio.c ****   * All rights reserved.
  12:Core/Src/gpio.c ****   *
  13:Core/Src/gpio.c ****   * This software is licensed under terms that can be found in the LICENSE file
  14:Core/Src/gpio.c ****   * in the root directory of this software component.
  15:Core/Src/gpio.c ****   * If no LICENSE file comes with this software, it is provided AS-IS.
  16:Core/Src/gpio.c ****   *
  17:Core/Src/gpio.c ****   ******************************************************************************
  18:Core/Src/gpio.c ****   */
  19:Core/Src/gpio.c **** /* USER CODE END Header */
  20:Core/Src/gpio.c **** 
  21:Core/Src/gpio.c **** /* Includes ------------------------------------------------------------------*/
  22:Core/Src/gpio.c **** #include "gpio.h"
  23:Core/Src/gpio.c **** 
  24:Core/Src/gpio.c **** /* USER CODE BEGIN 0 */
  25:Core/Src/gpio.c **** 
  26:Core/Src/gpio.c **** /* USER CODE END 0 */
  27:Core/Src/gpio.c **** 
  28:Core/Src/gpio.c **** /*----------------------------------------------------------------------------*/
  29:Core/Src/gpio.c **** /* Configure GPIO                                                             */
  30:Core/Src/gpio.c **** /*----------------------------------------------------------------------------*/
ARM GAS  C:\Users\purdu\AppData\Local\Temp\ccRfkNxR.s 			page 2


  31:Core/Src/gpio.c **** /* USER CODE BEGIN 1 */
  32:Core/Src/gpio.c **** 
  33:Core/Src/gpio.c **** /* USER CODE END 1 */
  34:Core/Src/gpio.c **** 
  35:Core/Src/gpio.c **** /** Configure pins as
  36:Core/Src/gpio.c ****         * Analog
  37:Core/Src/gpio.c ****         * Input
  38:Core/Src/gpio.c ****         * Output
  39:Core/Src/gpio.c ****         * EVENT_OUT
  40:Core/Src/gpio.c ****         * EXTI
  41:Core/Src/gpio.c **** */
  42:Core/Src/gpio.c **** void MX_GPIO_Init(void)
  43:Core/Src/gpio.c **** {
  29              		.loc 1 43 1 view -0
  30              		.cfi_startproc
  31              		@ args = 0, pretend = 0, frame = 48
  32              		@ frame_needed = 0, uses_anonymous_args = 0
  33 0000 00B5     		push	{lr}
  34              	.LCFI0:
  35              		.cfi_def_cfa_offset 4
  36              		.cfi_offset 14, -4
  37 0002 8DB0     		sub	sp, sp, #52
  38              	.LCFI1:
  39              		.cfi_def_cfa_offset 56
  44:Core/Src/gpio.c **** 
  45:Core/Src/gpio.c ****   GPIO_InitTypeDef GPIO_InitStruct = {0};
  40              		.loc 1 45 3 view .LVU1
  41              		.loc 1 45 20 is_stmt 0 view .LVU2
  42 0004 0023     		movs	r3, #0
  43 0006 0793     		str	r3, [sp, #28]
  44 0008 0893     		str	r3, [sp, #32]
  45 000a 0993     		str	r3, [sp, #36]
  46 000c 0A93     		str	r3, [sp, #40]
  47 000e 0B93     		str	r3, [sp, #44]
  46:Core/Src/gpio.c **** 
  47:Core/Src/gpio.c ****   /* GPIO Ports Clock Enable */
  48:Core/Src/gpio.c ****   __HAL_RCC_GPIOE_CLK_ENABLE();
  48              		.loc 1 48 3 is_stmt 1 view .LVU3
  49              	.LBB2:
  50              		.loc 1 48 3 view .LVU4
  51              		.loc 1 48 3 view .LVU5
  52 0010 03F18043 		add	r3, r3, #1073741824
  53 0014 03F50433 		add	r3, r3, #135168
  54 0018 DA6C     		ldr	r2, [r3, #76]
  55 001a 42F01002 		orr	r2, r2, #16
  56 001e DA64     		str	r2, [r3, #76]
  57              		.loc 1 48 3 view .LVU6
  58 0020 DA6C     		ldr	r2, [r3, #76]
  59 0022 02F01002 		and	r2, r2, #16
  60 0026 0192     		str	r2, [sp, #4]
  61              		.loc 1 48 3 view .LVU7
  62 0028 019A     		ldr	r2, [sp, #4]
  63              	.LBE2:
  64              		.loc 1 48 3 view .LVU8
  49:Core/Src/gpio.c ****   __HAL_RCC_GPIOC_CLK_ENABLE();
  65              		.loc 1 49 3 view .LVU9
  66              	.LBB3:
ARM GAS  C:\Users\purdu\AppData\Local\Temp\ccRfkNxR.s 			page 3


  67              		.loc 1 49 3 view .LVU10
  68              		.loc 1 49 3 view .LVU11
  69 002a DA6C     		ldr	r2, [r3, #76]
  70 002c 42F00402 		orr	r2, r2, #4
  71 0030 DA64     		str	r2, [r3, #76]
  72              		.loc 1 49 3 view .LVU12
  73 0032 DA6C     		ldr	r2, [r3, #76]
  74 0034 02F00402 		and	r2, r2, #4
  75 0038 0292     		str	r2, [sp, #8]
  76              		.loc 1 49 3 view .LVU13
  77 003a 029A     		ldr	r2, [sp, #8]
  78              	.LBE3:
  79              		.loc 1 49 3 view .LVU14
  50:Core/Src/gpio.c ****   __HAL_RCC_GPIOF_CLK_ENABLE();
  80              		.loc 1 50 3 view .LVU15
  81              	.LBB4:
  82              		.loc 1 50 3 view .LVU16
  83              		.loc 1 50 3 view .LVU17
  84 003c DA6C     		ldr	r2, [r3, #76]
  85 003e 42F02002 		orr	r2, r2, #32
  86 0042 DA64     		str	r2, [r3, #76]
  87              		.loc 1 50 3 view .LVU18
  88 0044 DA6C     		ldr	r2, [r3, #76]
  89 0046 02F02002 		and	r2, r2, #32
  90 004a 0392     		str	r2, [sp, #12]
  91              		.loc 1 50 3 view .LVU19
  92 004c 039A     		ldr	r2, [sp, #12]
  93              	.LBE4:
  94              		.loc 1 50 3 view .LVU20
  51:Core/Src/gpio.c ****   __HAL_RCC_GPIOA_CLK_ENABLE();
  95              		.loc 1 51 3 view .LVU21
  96              	.LBB5:
  97              		.loc 1 51 3 view .LVU22
  98              		.loc 1 51 3 view .LVU23
  99 004e DA6C     		ldr	r2, [r3, #76]
 100 0050 42F00102 		orr	r2, r2, #1
 101 0054 DA64     		str	r2, [r3, #76]
 102              		.loc 1 51 3 view .LVU24
 103 0056 DA6C     		ldr	r2, [r3, #76]
 104 0058 02F00102 		and	r2, r2, #1
 105 005c 0492     		str	r2, [sp, #16]
 106              		.loc 1 51 3 view .LVU25
 107 005e 049A     		ldr	r2, [sp, #16]
 108              	.LBE5:
 109              		.loc 1 51 3 view .LVU26
  52:Core/Src/gpio.c ****   __HAL_RCC_GPIOB_CLK_ENABLE();
 110              		.loc 1 52 3 view .LVU27
 111              	.LBB6:
 112              		.loc 1 52 3 view .LVU28
 113              		.loc 1 52 3 view .LVU29
 114 0060 DA6C     		ldr	r2, [r3, #76]
 115 0062 42F00202 		orr	r2, r2, #2
 116 0066 DA64     		str	r2, [r3, #76]
 117              		.loc 1 52 3 view .LVU30
 118 0068 DA6C     		ldr	r2, [r3, #76]
 119 006a 02F00202 		and	r2, r2, #2
 120 006e 0592     		str	r2, [sp, #20]
ARM GAS  C:\Users\purdu\AppData\Local\Temp\ccRfkNxR.s 			page 4


 121              		.loc 1 52 3 view .LVU31
 122 0070 059A     		ldr	r2, [sp, #20]
 123              	.LBE6:
 124              		.loc 1 52 3 view .LVU32
  53:Core/Src/gpio.c ****   __HAL_RCC_GPIOD_CLK_ENABLE();
 125              		.loc 1 53 3 view .LVU33
 126              	.LBB7:
 127              		.loc 1 53 3 view .LVU34
 128              		.loc 1 53 3 view .LVU35
 129 0072 DA6C     		ldr	r2, [r3, #76]
 130 0074 42F00802 		orr	r2, r2, #8
 131 0078 DA64     		str	r2, [r3, #76]
 132              		.loc 1 53 3 view .LVU36
 133 007a DB6C     		ldr	r3, [r3, #76]
 134 007c 03F00803 		and	r3, r3, #8
 135 0080 0693     		str	r3, [sp, #24]
 136              		.loc 1 53 3 view .LVU37
 137 0082 069B     		ldr	r3, [sp, #24]
 138              	.LBE7:
 139              		.loc 1 53 3 view .LVU38
  54:Core/Src/gpio.c **** 
  55:Core/Src/gpio.c ****   /*Configure GPIO pins : PB14 PB15 */
  56:Core/Src/gpio.c ****   GPIO_InitStruct.Pin = GPIO_PIN_14|GPIO_PIN_15;
 140              		.loc 1 56 3 view .LVU39
 141              		.loc 1 56 23 is_stmt 0 view .LVU40
 142 0084 4FF44043 		mov	r3, #49152
 143 0088 0793     		str	r3, [sp, #28]
  57:Core/Src/gpio.c ****   GPIO_InitStruct.Mode = GPIO_MODE_INPUT;
 144              		.loc 1 57 3 is_stmt 1 view .LVU41
  58:Core/Src/gpio.c ****   GPIO_InitStruct.Pull = GPIO_NOPULL;
 145              		.loc 1 58 3 view .LVU42
  59:Core/Src/gpio.c ****   HAL_GPIO_Init(GPIOB, &GPIO_InitStruct);
 146              		.loc 1 59 3 view .LVU43
 147 008a 07A9     		add	r1, sp, #28
 148 008c 0248     		ldr	r0, .L3
 149 008e FFF7FEFF 		bl	HAL_GPIO_Init
 150              	.LVL0:
  60:Core/Src/gpio.c **** 
  61:Core/Src/gpio.c **** }
 151              		.loc 1 61 1 is_stmt 0 view .LVU44
 152 0092 0DB0     		add	sp, sp, #52
 153              	.LCFI2:
 154              		.cfi_def_cfa_offset 4
 155              		@ sp needed
 156 0094 5DF804FB 		ldr	pc, [sp], #4
 157              	.L4:
 158              		.align	2
 159              	.L3:
 160 0098 00040048 		.word	1207960576
 161              		.cfi_endproc
 162              	.LFE329:
 164              		.text
 165              	.Letext0:
 166              		.file 2 "C:/Program Files (x86)/Arm GNU Toolchain arm-none-eabi/13.2 Rel1/arm-none-eabi/include/ma
 167              		.file 3 "C:/Program Files (x86)/Arm GNU Toolchain arm-none-eabi/13.2 Rel1/arm-none-eabi/include/sy
 168              		.file 4 "Drivers/CMSIS/Device/ST/STM32G4xx/Include/stm32g473xx.h"
 169              		.file 5 "Drivers/STM32G4xx_HAL_Driver/Inc/stm32g4xx_hal_gpio.h"
ARM GAS  C:\Users\purdu\AppData\Local\Temp\ccRfkNxR.s 			page 5


ARM GAS  C:\Users\purdu\AppData\Local\Temp\ccRfkNxR.s 			page 6


DEFINED SYMBOLS
                            *ABS*:00000000 gpio.c
C:\Users\purdu\AppData\Local\Temp\ccRfkNxR.s:21     .text.MX_GPIO_Init:00000000 $t
C:\Users\purdu\AppData\Local\Temp\ccRfkNxR.s:27     .text.MX_GPIO_Init:00000000 MX_GPIO_Init
C:\Users\purdu\AppData\Local\Temp\ccRfkNxR.s:160    .text.MX_GPIO_Init:00000098 $d

UNDEFINED SYMBOLS
HAL_GPIO_Init
