ARM GAS  C:\Users\purdu\AppData\Local\Temp\ccbCkvUz.s 			page 1


   1              		.cpu cortex-m4
   2              		.arch armv7e-m
   3              		.fpu fpv4-sp-d16
   4              		.eabi_attribute 27, 1
   5              		.eabi_attribute 28, 1
   6              		.eabi_attribute 20, 1
   7              		.eabi_attribute 21, 1
   8              		.eabi_attribute 23, 3
   9              		.eabi_attribute 24, 1
  10              		.eabi_attribute 25, 1
  11              		.eabi_attribute 26, 1
  12              		.eabi_attribute 30, 1
  13              		.eabi_attribute 34, 1
  14              		.eabi_attribute 18, 4
  15              		.file	"usart.c"
  16              		.text
  17              	.Ltext0:
  18              		.cfi_sections	.debug_frame
  19              		.file 1 "Core/Src/usart.c"
  20              		.section	.text.MX_USART1_UART_Init,"ax",%progbits
  21              		.align	1
  22              		.global	MX_USART1_UART_Init
  23              		.syntax unified
  24              		.thumb
  25              		.thumb_func
  27              	MX_USART1_UART_Init:
  28              	.LFB329:
   1:Core/Src/usart.c **** /* USER CODE BEGIN Header */
   2:Core/Src/usart.c **** /**
   3:Core/Src/usart.c ****   ******************************************************************************
   4:Core/Src/usart.c ****   * @file    usart.c
   5:Core/Src/usart.c ****   * @brief   This file provides code for the configuration
   6:Core/Src/usart.c ****   *          of the USART instances.
   7:Core/Src/usart.c ****   ******************************************************************************
   8:Core/Src/usart.c ****   * @attention
   9:Core/Src/usart.c ****   *
  10:Core/Src/usart.c ****   * Copyright (c) 2024 STMicroelectronics.
  11:Core/Src/usart.c ****   * All rights reserved.
  12:Core/Src/usart.c ****   *
  13:Core/Src/usart.c ****   * This software is licensed under terms that can be found in the LICENSE file
  14:Core/Src/usart.c ****   * in the root directory of this software component.
  15:Core/Src/usart.c ****   * If no LICENSE file comes with this software, it is provided AS-IS.
  16:Core/Src/usart.c ****   *
  17:Core/Src/usart.c ****   ******************************************************************************
  18:Core/Src/usart.c ****   */
  19:Core/Src/usart.c **** /* USER CODE END Header */
  20:Core/Src/usart.c **** /* Includes ------------------------------------------------------------------*/
  21:Core/Src/usart.c **** #include "usart.h"
  22:Core/Src/usart.c **** 
  23:Core/Src/usart.c **** /* USER CODE BEGIN 0 */
  24:Core/Src/usart.c **** 
  25:Core/Src/usart.c **** /* USER CODE END 0 */
  26:Core/Src/usart.c **** 
  27:Core/Src/usart.c **** UART_HandleTypeDef huart1;
  28:Core/Src/usart.c **** UART_HandleTypeDef huart2;
  29:Core/Src/usart.c **** UART_HandleTypeDef huart3;
  30:Core/Src/usart.c **** 
ARM GAS  C:\Users\purdu\AppData\Local\Temp\ccbCkvUz.s 			page 2


  31:Core/Src/usart.c **** /* USART1 init function */
  32:Core/Src/usart.c **** 
  33:Core/Src/usart.c **** void MX_USART1_UART_Init(void)
  34:Core/Src/usart.c **** {
  29              		.loc 1 34 1 view -0
  30              		.cfi_startproc
  31              		@ args = 0, pretend = 0, frame = 0
  32              		@ frame_needed = 0, uses_anonymous_args = 0
  33 0000 08B5     		push	{r3, lr}
  34              	.LCFI0:
  35              		.cfi_def_cfa_offset 8
  36              		.cfi_offset 3, -8
  37              		.cfi_offset 14, -4
  35:Core/Src/usart.c **** 
  36:Core/Src/usart.c ****   /* USER CODE BEGIN USART1_Init 0 */
  37:Core/Src/usart.c **** 
  38:Core/Src/usart.c ****   /* USER CODE END USART1_Init 0 */
  39:Core/Src/usart.c **** 
  40:Core/Src/usart.c ****   /* USER CODE BEGIN USART1_Init 1 */
  41:Core/Src/usart.c **** 
  42:Core/Src/usart.c ****   /* USER CODE END USART1_Init 1 */
  43:Core/Src/usart.c ****   huart1.Instance = USART1;
  38              		.loc 1 43 3 view .LVU1
  39              		.loc 1 43 19 is_stmt 0 view .LVU2
  40 0002 1748     		ldr	r0, .L11
  41 0004 174B     		ldr	r3, .L11+4
  42 0006 0360     		str	r3, [r0]
  44:Core/Src/usart.c ****   huart1.Init.BaudRate = 115200;
  43              		.loc 1 44 3 is_stmt 1 view .LVU3
  44              		.loc 1 44 24 is_stmt 0 view .LVU4
  45 0008 4FF4E133 		mov	r3, #115200
  46 000c 4360     		str	r3, [r0, #4]
  45:Core/Src/usart.c ****   huart1.Init.WordLength = UART_WORDLENGTH_8B;
  47              		.loc 1 45 3 is_stmt 1 view .LVU5
  48              		.loc 1 45 26 is_stmt 0 view .LVU6
  49 000e 0023     		movs	r3, #0
  50 0010 8360     		str	r3, [r0, #8]
  46:Core/Src/usart.c ****   huart1.Init.StopBits = UART_STOPBITS_1;
  51              		.loc 1 46 3 is_stmt 1 view .LVU7
  52              		.loc 1 46 24 is_stmt 0 view .LVU8
  53 0012 C360     		str	r3, [r0, #12]
  47:Core/Src/usart.c ****   huart1.Init.Parity = UART_PARITY_NONE;
  54              		.loc 1 47 3 is_stmt 1 view .LVU9
  55              		.loc 1 47 22 is_stmt 0 view .LVU10
  56 0014 0361     		str	r3, [r0, #16]
  48:Core/Src/usart.c ****   huart1.Init.Mode = UART_MODE_TX_RX;
  57              		.loc 1 48 3 is_stmt 1 view .LVU11
  58              		.loc 1 48 20 is_stmt 0 view .LVU12
  59 0016 0C22     		movs	r2, #12
  60 0018 4261     		str	r2, [r0, #20]
  49:Core/Src/usart.c ****   huart1.Init.HwFlowCtl = UART_HWCONTROL_NONE;
  61              		.loc 1 49 3 is_stmt 1 view .LVU13
  62              		.loc 1 49 25 is_stmt 0 view .LVU14
  63 001a 8361     		str	r3, [r0, #24]
  50:Core/Src/usart.c ****   huart1.Init.OverSampling = UART_OVERSAMPLING_16;
  64              		.loc 1 50 3 is_stmt 1 view .LVU15
  65              		.loc 1 50 28 is_stmt 0 view .LVU16
ARM GAS  C:\Users\purdu\AppData\Local\Temp\ccbCkvUz.s 			page 3


  66 001c C361     		str	r3, [r0, #28]
  51:Core/Src/usart.c ****   huart1.Init.OneBitSampling = UART_ONE_BIT_SAMPLE_DISABLE;
  67              		.loc 1 51 3 is_stmt 1 view .LVU17
  68              		.loc 1 51 30 is_stmt 0 view .LVU18
  69 001e 0362     		str	r3, [r0, #32]
  52:Core/Src/usart.c ****   huart1.Init.ClockPrescaler = UART_PRESCALER_DIV1;
  70              		.loc 1 52 3 is_stmt 1 view .LVU19
  71              		.loc 1 52 30 is_stmt 0 view .LVU20
  72 0020 4362     		str	r3, [r0, #36]
  53:Core/Src/usart.c ****   huart1.AdvancedInit.AdvFeatureInit = UART_ADVFEATURE_NO_INIT;
  73              		.loc 1 53 3 is_stmt 1 view .LVU21
  74              		.loc 1 53 38 is_stmt 0 view .LVU22
  75 0022 8362     		str	r3, [r0, #40]
  54:Core/Src/usart.c ****   if (HAL_UART_Init(&huart1) != HAL_OK)
  76              		.loc 1 54 3 is_stmt 1 view .LVU23
  77              		.loc 1 54 7 is_stmt 0 view .LVU24
  78 0024 FFF7FEFF 		bl	HAL_UART_Init
  79              	.LVL0:
  80              		.loc 1 54 6 view .LVU25
  81 0028 70B9     		cbnz	r0, .L7
  82              	.L2:
  55:Core/Src/usart.c ****   {
  56:Core/Src/usart.c ****     Error_Handler();
  57:Core/Src/usart.c ****   }
  58:Core/Src/usart.c ****   if (HAL_UARTEx_SetTxFifoThreshold(&huart1, UART_TXFIFO_THRESHOLD_1_8) != HAL_OK)
  83              		.loc 1 58 3 is_stmt 1 view .LVU26
  84              		.loc 1 58 7 is_stmt 0 view .LVU27
  85 002a 0021     		movs	r1, #0
  86 002c 0C48     		ldr	r0, .L11
  87 002e FFF7FEFF 		bl	HAL_UARTEx_SetTxFifoThreshold
  88              	.LVL1:
  89              		.loc 1 58 6 view .LVU28
  90 0032 60B9     		cbnz	r0, .L8
  91              	.L3:
  59:Core/Src/usart.c ****   {
  60:Core/Src/usart.c ****     Error_Handler();
  61:Core/Src/usart.c ****   }
  62:Core/Src/usart.c ****   if (HAL_UARTEx_SetRxFifoThreshold(&huart1, UART_RXFIFO_THRESHOLD_1_8) != HAL_OK)
  92              		.loc 1 62 3 is_stmt 1 view .LVU29
  93              		.loc 1 62 7 is_stmt 0 view .LVU30
  94 0034 0021     		movs	r1, #0
  95 0036 0A48     		ldr	r0, .L11
  96 0038 FFF7FEFF 		bl	HAL_UARTEx_SetRxFifoThreshold
  97              	.LVL2:
  98              		.loc 1 62 6 view .LVU31
  99 003c 50B9     		cbnz	r0, .L9
 100              	.L4:
  63:Core/Src/usart.c ****   {
  64:Core/Src/usart.c ****     Error_Handler();
  65:Core/Src/usart.c ****   }
  66:Core/Src/usart.c ****   if (HAL_UARTEx_DisableFifoMode(&huart1) != HAL_OK)
 101              		.loc 1 66 3 is_stmt 1 view .LVU32
 102              		.loc 1 66 7 is_stmt 0 view .LVU33
 103 003e 0848     		ldr	r0, .L11
 104 0040 FFF7FEFF 		bl	HAL_UARTEx_DisableFifoMode
 105              	.LVL3:
 106              		.loc 1 66 6 view .LVU34
ARM GAS  C:\Users\purdu\AppData\Local\Temp\ccbCkvUz.s 			page 4


 107 0044 48B9     		cbnz	r0, .L10
 108              	.L1:
  67:Core/Src/usart.c ****   {
  68:Core/Src/usart.c ****     Error_Handler();
  69:Core/Src/usart.c ****   }
  70:Core/Src/usart.c ****   /* USER CODE BEGIN USART1_Init 2 */
  71:Core/Src/usart.c **** 
  72:Core/Src/usart.c ****   /* USER CODE END USART1_Init 2 */
  73:Core/Src/usart.c **** 
  74:Core/Src/usart.c **** }
 109              		.loc 1 74 1 view .LVU35
 110 0046 08BD     		pop	{r3, pc}
 111              	.L7:
  56:Core/Src/usart.c ****   }
 112              		.loc 1 56 5 is_stmt 1 view .LVU36
 113 0048 FFF7FEFF 		bl	Error_Handler
 114              	.LVL4:
 115 004c EDE7     		b	.L2
 116              	.L8:
  60:Core/Src/usart.c ****   }
 117              		.loc 1 60 5 view .LVU37
 118 004e FFF7FEFF 		bl	Error_Handler
 119              	.LVL5:
 120 0052 EFE7     		b	.L3
 121              	.L9:
  64:Core/Src/usart.c ****   }
 122              		.loc 1 64 5 view .LVU38
 123 0054 FFF7FEFF 		bl	Error_Handler
 124              	.LVL6:
 125 0058 F1E7     		b	.L4
 126              	.L10:
  68:Core/Src/usart.c ****   }
 127              		.loc 1 68 5 view .LVU39
 128 005a FFF7FEFF 		bl	Error_Handler
 129              	.LVL7:
 130              		.loc 1 74 1 is_stmt 0 view .LVU40
 131 005e F2E7     		b	.L1
 132              	.L12:
 133              		.align	2
 134              	.L11:
 135 0060 00000000 		.word	huart1
 136 0064 00380140 		.word	1073821696
 137              		.cfi_endproc
 138              	.LFE329:
 140              		.section	.text.MX_USART2_UART_Init,"ax",%progbits
 141              		.align	1
 142              		.global	MX_USART2_UART_Init
 143              		.syntax unified
 144              		.thumb
 145              		.thumb_func
 147              	MX_USART2_UART_Init:
 148              	.LFB330:
  75:Core/Src/usart.c **** /* USART2 init function */
  76:Core/Src/usart.c **** 
  77:Core/Src/usart.c **** void MX_USART2_UART_Init(void)
  78:Core/Src/usart.c **** {
 149              		.loc 1 78 1 is_stmt 1 view -0
ARM GAS  C:\Users\purdu\AppData\Local\Temp\ccbCkvUz.s 			page 5


 150              		.cfi_startproc
 151              		@ args = 0, pretend = 0, frame = 0
 152              		@ frame_needed = 0, uses_anonymous_args = 0
 153 0000 08B5     		push	{r3, lr}
 154              	.LCFI1:
 155              		.cfi_def_cfa_offset 8
 156              		.cfi_offset 3, -8
 157              		.cfi_offset 14, -4
  79:Core/Src/usart.c **** 
  80:Core/Src/usart.c ****   /* USER CODE BEGIN USART2_Init 0 */
  81:Core/Src/usart.c **** 
  82:Core/Src/usart.c ****   /* USER CODE END USART2_Init 0 */
  83:Core/Src/usart.c **** 
  84:Core/Src/usart.c ****   /* USER CODE BEGIN USART2_Init 1 */
  85:Core/Src/usart.c **** 
  86:Core/Src/usart.c ****   /* USER CODE END USART2_Init 1 */
  87:Core/Src/usart.c ****   huart2.Instance = USART2;
 158              		.loc 1 87 3 view .LVU42
 159              		.loc 1 87 19 is_stmt 0 view .LVU43
 160 0002 1748     		ldr	r0, .L23
 161 0004 174B     		ldr	r3, .L23+4
 162 0006 0360     		str	r3, [r0]
  88:Core/Src/usart.c ****   huart2.Init.BaudRate = 115200;
 163              		.loc 1 88 3 is_stmt 1 view .LVU44
 164              		.loc 1 88 24 is_stmt 0 view .LVU45
 165 0008 4FF4E133 		mov	r3, #115200
 166 000c 4360     		str	r3, [r0, #4]
  89:Core/Src/usart.c ****   huart2.Init.WordLength = UART_WORDLENGTH_8B;
 167              		.loc 1 89 3 is_stmt 1 view .LVU46
 168              		.loc 1 89 26 is_stmt 0 view .LVU47
 169 000e 0023     		movs	r3, #0
 170 0010 8360     		str	r3, [r0, #8]
  90:Core/Src/usart.c ****   huart2.Init.StopBits = UART_STOPBITS_1;
 171              		.loc 1 90 3 is_stmt 1 view .LVU48
 172              		.loc 1 90 24 is_stmt 0 view .LVU49
 173 0012 C360     		str	r3, [r0, #12]
  91:Core/Src/usart.c ****   huart2.Init.Parity = UART_PARITY_NONE;
 174              		.loc 1 91 3 is_stmt 1 view .LVU50
 175              		.loc 1 91 22 is_stmt 0 view .LVU51
 176 0014 0361     		str	r3, [r0, #16]
  92:Core/Src/usart.c ****   huart2.Init.Mode = UART_MODE_TX_RX;
 177              		.loc 1 92 3 is_stmt 1 view .LVU52
 178              		.loc 1 92 20 is_stmt 0 view .LVU53
 179 0016 0C22     		movs	r2, #12
 180 0018 4261     		str	r2, [r0, #20]
  93:Core/Src/usart.c ****   huart2.Init.HwFlowCtl = UART_HWCONTROL_NONE;
 181              		.loc 1 93 3 is_stmt 1 view .LVU54
 182              		.loc 1 93 25 is_stmt 0 view .LVU55
 183 001a 8361     		str	r3, [r0, #24]
  94:Core/Src/usart.c ****   huart2.Init.OverSampling = UART_OVERSAMPLING_16;
 184              		.loc 1 94 3 is_stmt 1 view .LVU56
 185              		.loc 1 94 28 is_stmt 0 view .LVU57
 186 001c C361     		str	r3, [r0, #28]
  95:Core/Src/usart.c ****   huart2.Init.OneBitSampling = UART_ONE_BIT_SAMPLE_DISABLE;
 187              		.loc 1 95 3 is_stmt 1 view .LVU58
 188              		.loc 1 95 30 is_stmt 0 view .LVU59
 189 001e 0362     		str	r3, [r0, #32]
ARM GAS  C:\Users\purdu\AppData\Local\Temp\ccbCkvUz.s 			page 6


  96:Core/Src/usart.c ****   huart2.Init.ClockPrescaler = UART_PRESCALER_DIV1;
 190              		.loc 1 96 3 is_stmt 1 view .LVU60
 191              		.loc 1 96 30 is_stmt 0 view .LVU61
 192 0020 4362     		str	r3, [r0, #36]
  97:Core/Src/usart.c ****   huart2.AdvancedInit.AdvFeatureInit = UART_ADVFEATURE_NO_INIT;
 193              		.loc 1 97 3 is_stmt 1 view .LVU62
 194              		.loc 1 97 38 is_stmt 0 view .LVU63
 195 0022 8362     		str	r3, [r0, #40]
  98:Core/Src/usart.c ****   if (HAL_UART_Init(&huart2) != HAL_OK)
 196              		.loc 1 98 3 is_stmt 1 view .LVU64
 197              		.loc 1 98 7 is_stmt 0 view .LVU65
 198 0024 FFF7FEFF 		bl	HAL_UART_Init
 199              	.LVL8:
 200              		.loc 1 98 6 view .LVU66
 201 0028 70B9     		cbnz	r0, .L19
 202              	.L14:
  99:Core/Src/usart.c ****   {
 100:Core/Src/usart.c ****     Error_Handler();
 101:Core/Src/usart.c ****   }
 102:Core/Src/usart.c ****   if (HAL_UARTEx_SetTxFifoThreshold(&huart2, UART_TXFIFO_THRESHOLD_1_8) != HAL_OK)
 203              		.loc 1 102 3 is_stmt 1 view .LVU67
 204              		.loc 1 102 7 is_stmt 0 view .LVU68
 205 002a 0021     		movs	r1, #0
 206 002c 0C48     		ldr	r0, .L23
 207 002e FFF7FEFF 		bl	HAL_UARTEx_SetTxFifoThreshold
 208              	.LVL9:
 209              		.loc 1 102 6 view .LVU69
 210 0032 60B9     		cbnz	r0, .L20
 211              	.L15:
 103:Core/Src/usart.c ****   {
 104:Core/Src/usart.c ****     Error_Handler();
 105:Core/Src/usart.c ****   }
 106:Core/Src/usart.c ****   if (HAL_UARTEx_SetRxFifoThreshold(&huart2, UART_RXFIFO_THRESHOLD_1_8) != HAL_OK)
 212              		.loc 1 106 3 is_stmt 1 view .LVU70
 213              		.loc 1 106 7 is_stmt 0 view .LVU71
 214 0034 0021     		movs	r1, #0
 215 0036 0A48     		ldr	r0, .L23
 216 0038 FFF7FEFF 		bl	HAL_UARTEx_SetRxFifoThreshold
 217              	.LVL10:
 218              		.loc 1 106 6 view .LVU72
 219 003c 50B9     		cbnz	r0, .L21
 220              	.L16:
 107:Core/Src/usart.c ****   {
 108:Core/Src/usart.c ****     Error_Handler();
 109:Core/Src/usart.c ****   }
 110:Core/Src/usart.c ****   if (HAL_UARTEx_DisableFifoMode(&huart2) != HAL_OK)
 221              		.loc 1 110 3 is_stmt 1 view .LVU73
 222              		.loc 1 110 7 is_stmt 0 view .LVU74
 223 003e 0848     		ldr	r0, .L23
 224 0040 FFF7FEFF 		bl	HAL_UARTEx_DisableFifoMode
 225              	.LVL11:
 226              		.loc 1 110 6 view .LVU75
 227 0044 48B9     		cbnz	r0, .L22
 228              	.L13:
 111:Core/Src/usart.c ****   {
 112:Core/Src/usart.c ****     Error_Handler();
 113:Core/Src/usart.c ****   }
ARM GAS  C:\Users\purdu\AppData\Local\Temp\ccbCkvUz.s 			page 7


 114:Core/Src/usart.c ****   /* USER CODE BEGIN USART2_Init 2 */
 115:Core/Src/usart.c **** 
 116:Core/Src/usart.c ****   /* USER CODE END USART2_Init 2 */
 117:Core/Src/usart.c **** 
 118:Core/Src/usart.c **** }
 229              		.loc 1 118 1 view .LVU76
 230 0046 08BD     		pop	{r3, pc}
 231              	.L19:
 100:Core/Src/usart.c ****   }
 232              		.loc 1 100 5 is_stmt 1 view .LVU77
 233 0048 FFF7FEFF 		bl	Error_Handler
 234              	.LVL12:
 235 004c EDE7     		b	.L14
 236              	.L20:
 104:Core/Src/usart.c ****   }
 237              		.loc 1 104 5 view .LVU78
 238 004e FFF7FEFF 		bl	Error_Handler
 239              	.LVL13:
 240 0052 EFE7     		b	.L15
 241              	.L21:
 108:Core/Src/usart.c ****   }
 242              		.loc 1 108 5 view .LVU79
 243 0054 FFF7FEFF 		bl	Error_Handler
 244              	.LVL14:
 245 0058 F1E7     		b	.L16
 246              	.L22:
 112:Core/Src/usart.c ****   }
 247              		.loc 1 112 5 view .LVU80
 248 005a FFF7FEFF 		bl	Error_Handler
 249              	.LVL15:
 250              		.loc 1 118 1 is_stmt 0 view .LVU81
 251 005e F2E7     		b	.L13
 252              	.L24:
 253              		.align	2
 254              	.L23:
 255 0060 00000000 		.word	huart2
 256 0064 00440040 		.word	1073759232
 257              		.cfi_endproc
 258              	.LFE330:
 260              		.section	.text.MX_USART3_UART_Init,"ax",%progbits
 261              		.align	1
 262              		.global	MX_USART3_UART_Init
 263              		.syntax unified
 264              		.thumb
 265              		.thumb_func
 267              	MX_USART3_UART_Init:
 268              	.LFB331:
 119:Core/Src/usart.c **** /* USART3 init function */
 120:Core/Src/usart.c **** 
 121:Core/Src/usart.c **** void MX_USART3_UART_Init(void)
 122:Core/Src/usart.c **** {
 269              		.loc 1 122 1 is_stmt 1 view -0
 270              		.cfi_startproc
 271              		@ args = 0, pretend = 0, frame = 0
 272              		@ frame_needed = 0, uses_anonymous_args = 0
 273 0000 08B5     		push	{r3, lr}
 274              	.LCFI2:
ARM GAS  C:\Users\purdu\AppData\Local\Temp\ccbCkvUz.s 			page 8


 275              		.cfi_def_cfa_offset 8
 276              		.cfi_offset 3, -8
 277              		.cfi_offset 14, -4
 123:Core/Src/usart.c **** 
 124:Core/Src/usart.c ****   /* USER CODE BEGIN USART3_Init 0 */
 125:Core/Src/usart.c **** 
 126:Core/Src/usart.c ****   /* USER CODE END USART3_Init 0 */
 127:Core/Src/usart.c **** 
 128:Core/Src/usart.c ****   /* USER CODE BEGIN USART3_Init 1 */
 129:Core/Src/usart.c **** 
 130:Core/Src/usart.c ****   /* USER CODE END USART3_Init 1 */
 131:Core/Src/usart.c ****   huart3.Instance = USART3;
 278              		.loc 1 131 3 view .LVU83
 279              		.loc 1 131 19 is_stmt 0 view .LVU84
 280 0002 1748     		ldr	r0, .L35
 281 0004 174B     		ldr	r3, .L35+4
 282 0006 0360     		str	r3, [r0]
 132:Core/Src/usart.c ****   huart3.Init.BaudRate = 115200;
 283              		.loc 1 132 3 is_stmt 1 view .LVU85
 284              		.loc 1 132 24 is_stmt 0 view .LVU86
 285 0008 4FF4E133 		mov	r3, #115200
 286 000c 4360     		str	r3, [r0, #4]
 133:Core/Src/usart.c ****   huart3.Init.WordLength = UART_WORDLENGTH_8B;
 287              		.loc 1 133 3 is_stmt 1 view .LVU87
 288              		.loc 1 133 26 is_stmt 0 view .LVU88
 289 000e 0023     		movs	r3, #0
 290 0010 8360     		str	r3, [r0, #8]
 134:Core/Src/usart.c ****   huart3.Init.StopBits = UART_STOPBITS_1;
 291              		.loc 1 134 3 is_stmt 1 view .LVU89
 292              		.loc 1 134 24 is_stmt 0 view .LVU90
 293 0012 C360     		str	r3, [r0, #12]
 135:Core/Src/usart.c ****   huart3.Init.Parity = UART_PARITY_NONE;
 294              		.loc 1 135 3 is_stmt 1 view .LVU91
 295              		.loc 1 135 22 is_stmt 0 view .LVU92
 296 0014 0361     		str	r3, [r0, #16]
 136:Core/Src/usart.c ****   huart3.Init.Mode = UART_MODE_TX_RX;
 297              		.loc 1 136 3 is_stmt 1 view .LVU93
 298              		.loc 1 136 20 is_stmt 0 view .LVU94
 299 0016 0C22     		movs	r2, #12
 300 0018 4261     		str	r2, [r0, #20]
 137:Core/Src/usart.c ****   huart3.Init.HwFlowCtl = UART_HWCONTROL_NONE;
 301              		.loc 1 137 3 is_stmt 1 view .LVU95
 302              		.loc 1 137 25 is_stmt 0 view .LVU96
 303 001a 8361     		str	r3, [r0, #24]
 138:Core/Src/usart.c ****   huart3.Init.OverSampling = UART_OVERSAMPLING_16;
 304              		.loc 1 138 3 is_stmt 1 view .LVU97
 305              		.loc 1 138 28 is_stmt 0 view .LVU98
 306 001c C361     		str	r3, [r0, #28]
 139:Core/Src/usart.c ****   huart3.Init.OneBitSampling = UART_ONE_BIT_SAMPLE_DISABLE;
 307              		.loc 1 139 3 is_stmt 1 view .LVU99
 308              		.loc 1 139 30 is_stmt 0 view .LVU100
 309 001e 0362     		str	r3, [r0, #32]
 140:Core/Src/usart.c ****   huart3.Init.ClockPrescaler = UART_PRESCALER_DIV1;
 310              		.loc 1 140 3 is_stmt 1 view .LVU101
 311              		.loc 1 140 30 is_stmt 0 view .LVU102
 312 0020 4362     		str	r3, [r0, #36]
 141:Core/Src/usart.c ****   huart3.AdvancedInit.AdvFeatureInit = UART_ADVFEATURE_NO_INIT;
ARM GAS  C:\Users\purdu\AppData\Local\Temp\ccbCkvUz.s 			page 9


 313              		.loc 1 141 3 is_stmt 1 view .LVU103
 314              		.loc 1 141 38 is_stmt 0 view .LVU104
 315 0022 8362     		str	r3, [r0, #40]
 142:Core/Src/usart.c ****   if (HAL_UART_Init(&huart3) != HAL_OK)
 316              		.loc 1 142 3 is_stmt 1 view .LVU105
 317              		.loc 1 142 7 is_stmt 0 view .LVU106
 318 0024 FFF7FEFF 		bl	HAL_UART_Init
 319              	.LVL16:
 320              		.loc 1 142 6 view .LVU107
 321 0028 70B9     		cbnz	r0, .L31
 322              	.L26:
 143:Core/Src/usart.c ****   {
 144:Core/Src/usart.c ****     Error_Handler();
 145:Core/Src/usart.c ****   }
 146:Core/Src/usart.c ****   if (HAL_UARTEx_SetTxFifoThreshold(&huart3, UART_TXFIFO_THRESHOLD_1_8) != HAL_OK)
 323              		.loc 1 146 3 is_stmt 1 view .LVU108
 324              		.loc 1 146 7 is_stmt 0 view .LVU109
 325 002a 0021     		movs	r1, #0
 326 002c 0C48     		ldr	r0, .L35
 327 002e FFF7FEFF 		bl	HAL_UARTEx_SetTxFifoThreshold
 328              	.LVL17:
 329              		.loc 1 146 6 view .LVU110
 330 0032 60B9     		cbnz	r0, .L32
 331              	.L27:
 147:Core/Src/usart.c ****   {
 148:Core/Src/usart.c ****     Error_Handler();
 149:Core/Src/usart.c ****   }
 150:Core/Src/usart.c ****   if (HAL_UARTEx_SetRxFifoThreshold(&huart3, UART_RXFIFO_THRESHOLD_1_8) != HAL_OK)
 332              		.loc 1 150 3 is_stmt 1 view .LVU111
 333              		.loc 1 150 7 is_stmt 0 view .LVU112
 334 0034 0021     		movs	r1, #0
 335 0036 0A48     		ldr	r0, .L35
 336 0038 FFF7FEFF 		bl	HAL_UARTEx_SetRxFifoThreshold
 337              	.LVL18:
 338              		.loc 1 150 6 view .LVU113
 339 003c 50B9     		cbnz	r0, .L33
 340              	.L28:
 151:Core/Src/usart.c ****   {
 152:Core/Src/usart.c ****     Error_Handler();
 153:Core/Src/usart.c ****   }
 154:Core/Src/usart.c ****   if (HAL_UARTEx_DisableFifoMode(&huart3) != HAL_OK)
 341              		.loc 1 154 3 is_stmt 1 view .LVU114
 342              		.loc 1 154 7 is_stmt 0 view .LVU115
 343 003e 0848     		ldr	r0, .L35
 344 0040 FFF7FEFF 		bl	HAL_UARTEx_DisableFifoMode
 345              	.LVL19:
 346              		.loc 1 154 6 view .LVU116
 347 0044 48B9     		cbnz	r0, .L34
 348              	.L25:
 155:Core/Src/usart.c ****   {
 156:Core/Src/usart.c ****     Error_Handler();
 157:Core/Src/usart.c ****   }
 158:Core/Src/usart.c ****   /* USER CODE BEGIN USART3_Init 2 */
 159:Core/Src/usart.c **** 
 160:Core/Src/usart.c ****   /* USER CODE END USART3_Init 2 */
 161:Core/Src/usart.c **** 
 162:Core/Src/usart.c **** }
ARM GAS  C:\Users\purdu\AppData\Local\Temp\ccbCkvUz.s 			page 10


 349              		.loc 1 162 1 view .LVU117
 350 0046 08BD     		pop	{r3, pc}
 351              	.L31:
 144:Core/Src/usart.c ****   }
 352              		.loc 1 144 5 is_stmt 1 view .LVU118
 353 0048 FFF7FEFF 		bl	Error_Handler
 354              	.LVL20:
 355 004c EDE7     		b	.L26
 356              	.L32:
 148:Core/Src/usart.c ****   }
 357              		.loc 1 148 5 view .LVU119
 358 004e FFF7FEFF 		bl	Error_Handler
 359              	.LVL21:
 360 0052 EFE7     		b	.L27
 361              	.L33:
 152:Core/Src/usart.c ****   }
 362              		.loc 1 152 5 view .LVU120
 363 0054 FFF7FEFF 		bl	Error_Handler
 364              	.LVL22:
 365 0058 F1E7     		b	.L28
 366              	.L34:
 156:Core/Src/usart.c ****   }
 367              		.loc 1 156 5 view .LVU121
 368 005a FFF7FEFF 		bl	Error_Handler
 369              	.LVL23:
 370              		.loc 1 162 1 is_stmt 0 view .LVU122
 371 005e F2E7     		b	.L25
 372              	.L36:
 373              		.align	2
 374              	.L35:
 375 0060 00000000 		.word	huart3
 376 0064 00480040 		.word	1073760256
 377              		.cfi_endproc
 378              	.LFE331:
 380              		.section	.text.HAL_UART_MspInit,"ax",%progbits
 381              		.align	1
 382              		.global	HAL_UART_MspInit
 383              		.syntax unified
 384              		.thumb
 385              		.thumb_func
 387              	HAL_UART_MspInit:
 388              	.LVL24:
 389              	.LFB332:
 163:Core/Src/usart.c **** 
 164:Core/Src/usart.c **** void HAL_UART_MspInit(UART_HandleTypeDef* uartHandle)
 165:Core/Src/usart.c **** {
 390              		.loc 1 165 1 is_stmt 1 view -0
 391              		.cfi_startproc
 392              		@ args = 0, pretend = 0, frame = 128
 393              		@ frame_needed = 0, uses_anonymous_args = 0
 394              		.loc 1 165 1 is_stmt 0 view .LVU124
 395 0000 10B5     		push	{r4, lr}
 396              	.LCFI3:
 397              		.cfi_def_cfa_offset 8
 398              		.cfi_offset 4, -8
 399              		.cfi_offset 14, -4
 400 0002 A0B0     		sub	sp, sp, #128
ARM GAS  C:\Users\purdu\AppData\Local\Temp\ccbCkvUz.s 			page 11


 401              	.LCFI4:
 402              		.cfi_def_cfa_offset 136
 403 0004 0446     		mov	r4, r0
 166:Core/Src/usart.c **** 
 167:Core/Src/usart.c ****   GPIO_InitTypeDef GPIO_InitStruct = {0};
 404              		.loc 1 167 3 is_stmt 1 view .LVU125
 405              		.loc 1 167 20 is_stmt 0 view .LVU126
 406 0006 0021     		movs	r1, #0
 407 0008 1B91     		str	r1, [sp, #108]
 408 000a 1C91     		str	r1, [sp, #112]
 409 000c 1D91     		str	r1, [sp, #116]
 410 000e 1E91     		str	r1, [sp, #120]
 411 0010 1F91     		str	r1, [sp, #124]
 168:Core/Src/usart.c ****   RCC_PeriphCLKInitTypeDef PeriphClkInit = {0};
 412              		.loc 1 168 3 is_stmt 1 view .LVU127
 413              		.loc 1 168 28 is_stmt 0 view .LVU128
 414 0012 5422     		movs	r2, #84
 415 0014 06A8     		add	r0, sp, #24
 416              	.LVL25:
 417              		.loc 1 168 28 view .LVU129
 418 0016 FFF7FEFF 		bl	memset
 419              	.LVL26:
 169:Core/Src/usart.c ****   if(uartHandle->Instance==USART1)
 420              		.loc 1 169 3 is_stmt 1 view .LVU130
 421              		.loc 1 169 16 is_stmt 0 view .LVU131
 422 001a 2368     		ldr	r3, [r4]
 423              		.loc 1 169 5 view .LVU132
 424 001c 454A     		ldr	r2, .L51
 425 001e 9342     		cmp	r3, r2
 426 0020 07D0     		beq	.L45
 170:Core/Src/usart.c ****   {
 171:Core/Src/usart.c ****   /* USER CODE BEGIN USART1_MspInit 0 */
 172:Core/Src/usart.c **** 
 173:Core/Src/usart.c ****   /* USER CODE END USART1_MspInit 0 */
 174:Core/Src/usart.c **** 
 175:Core/Src/usart.c ****   /** Initializes the peripherals clocks
 176:Core/Src/usart.c ****   */
 177:Core/Src/usart.c ****     PeriphClkInit.PeriphClockSelection = RCC_PERIPHCLK_USART1;
 178:Core/Src/usart.c ****     PeriphClkInit.Usart1ClockSelection = RCC_USART1CLKSOURCE_PCLK2;
 179:Core/Src/usart.c ****     if (HAL_RCCEx_PeriphCLKConfig(&PeriphClkInit) != HAL_OK)
 180:Core/Src/usart.c ****     {
 181:Core/Src/usart.c ****       Error_Handler();
 182:Core/Src/usart.c ****     }
 183:Core/Src/usart.c **** 
 184:Core/Src/usart.c ****     /* USART1 clock enable */
 185:Core/Src/usart.c ****     __HAL_RCC_USART1_CLK_ENABLE();
 186:Core/Src/usart.c **** 
 187:Core/Src/usart.c ****     __HAL_RCC_GPIOA_CLK_ENABLE();
 188:Core/Src/usart.c ****     /**USART1 GPIO Configuration
 189:Core/Src/usart.c ****     PA9     ------> USART1_TX
 190:Core/Src/usart.c ****     PA10     ------> USART1_RX
 191:Core/Src/usart.c ****     */
 192:Core/Src/usart.c ****     GPIO_InitStruct.Pin = GPIO_PIN_9|GPIO_PIN_10;
 193:Core/Src/usart.c ****     GPIO_InitStruct.Mode = GPIO_MODE_AF_PP;
 194:Core/Src/usart.c ****     GPIO_InitStruct.Pull = GPIO_NOPULL;
 195:Core/Src/usart.c ****     GPIO_InitStruct.Speed = GPIO_SPEED_FREQ_LOW;
 196:Core/Src/usart.c ****     GPIO_InitStruct.Alternate = GPIO_AF7_USART1;
ARM GAS  C:\Users\purdu\AppData\Local\Temp\ccbCkvUz.s 			page 12


 197:Core/Src/usart.c ****     HAL_GPIO_Init(GPIOA, &GPIO_InitStruct);
 198:Core/Src/usart.c **** 
 199:Core/Src/usart.c ****   /* USER CODE BEGIN USART1_MspInit 1 */
 200:Core/Src/usart.c **** 
 201:Core/Src/usart.c ****   /* USER CODE END USART1_MspInit 1 */
 202:Core/Src/usart.c ****   }
 203:Core/Src/usart.c ****   else if(uartHandle->Instance==USART2)
 427              		.loc 1 203 8 is_stmt 1 view .LVU133
 428              		.loc 1 203 10 is_stmt 0 view .LVU134
 429 0022 454A     		ldr	r2, .L51+4
 430 0024 9342     		cmp	r3, r2
 431 0026 30D0     		beq	.L46
 204:Core/Src/usart.c ****   {
 205:Core/Src/usart.c ****   /* USER CODE BEGIN USART2_MspInit 0 */
 206:Core/Src/usart.c **** 
 207:Core/Src/usart.c ****   /* USER CODE END USART2_MspInit 0 */
 208:Core/Src/usart.c **** 
 209:Core/Src/usart.c ****   /** Initializes the peripherals clocks
 210:Core/Src/usart.c ****   */
 211:Core/Src/usart.c ****     PeriphClkInit.PeriphClockSelection = RCC_PERIPHCLK_USART2;
 212:Core/Src/usart.c ****     PeriphClkInit.Usart2ClockSelection = RCC_USART2CLKSOURCE_PCLK1;
 213:Core/Src/usart.c ****     if (HAL_RCCEx_PeriphCLKConfig(&PeriphClkInit) != HAL_OK)
 214:Core/Src/usart.c ****     {
 215:Core/Src/usart.c ****       Error_Handler();
 216:Core/Src/usart.c ****     }
 217:Core/Src/usart.c **** 
 218:Core/Src/usart.c ****     /* USART2 clock enable */
 219:Core/Src/usart.c ****     __HAL_RCC_USART2_CLK_ENABLE();
 220:Core/Src/usart.c **** 
 221:Core/Src/usart.c ****     __HAL_RCC_GPIOD_CLK_ENABLE();
 222:Core/Src/usart.c ****     /**USART2 GPIO Configuration
 223:Core/Src/usart.c ****     PD5     ------> USART2_TX
 224:Core/Src/usart.c ****     PD6     ------> USART2_RX
 225:Core/Src/usart.c ****     */
 226:Core/Src/usart.c ****     GPIO_InitStruct.Pin = GPIO_PIN_5|GPIO_PIN_6;
 227:Core/Src/usart.c ****     GPIO_InitStruct.Mode = GPIO_MODE_AF_PP;
 228:Core/Src/usart.c ****     GPIO_InitStruct.Pull = GPIO_NOPULL;
 229:Core/Src/usart.c ****     GPIO_InitStruct.Speed = GPIO_SPEED_FREQ_LOW;
 230:Core/Src/usart.c ****     GPIO_InitStruct.Alternate = GPIO_AF7_USART2;
 231:Core/Src/usart.c ****     HAL_GPIO_Init(GPIOD, &GPIO_InitStruct);
 232:Core/Src/usart.c **** 
 233:Core/Src/usart.c ****   /* USER CODE BEGIN USART2_MspInit 1 */
 234:Core/Src/usart.c **** 
 235:Core/Src/usart.c ****   /* USER CODE END USART2_MspInit 1 */
 236:Core/Src/usart.c ****   }
 237:Core/Src/usart.c ****   else if(uartHandle->Instance==USART3)
 432              		.loc 1 237 8 is_stmt 1 view .LVU135
 433              		.loc 1 237 10 is_stmt 0 view .LVU136
 434 0028 444A     		ldr	r2, .L51+8
 435 002a 9342     		cmp	r3, r2
 436 002c 57D0     		beq	.L47
 437              	.L37:
 238:Core/Src/usart.c ****   {
 239:Core/Src/usart.c ****   /* USER CODE BEGIN USART3_MspInit 0 */
 240:Core/Src/usart.c **** 
 241:Core/Src/usart.c ****   /* USER CODE END USART3_MspInit 0 */
 242:Core/Src/usart.c **** 
ARM GAS  C:\Users\purdu\AppData\Local\Temp\ccbCkvUz.s 			page 13


 243:Core/Src/usart.c ****   /** Initializes the peripherals clocks
 244:Core/Src/usart.c ****   */
 245:Core/Src/usart.c ****     PeriphClkInit.PeriphClockSelection = RCC_PERIPHCLK_USART3;
 246:Core/Src/usart.c ****     PeriphClkInit.Usart3ClockSelection = RCC_USART3CLKSOURCE_PCLK1;
 247:Core/Src/usart.c ****     if (HAL_RCCEx_PeriphCLKConfig(&PeriphClkInit) != HAL_OK)
 248:Core/Src/usart.c ****     {
 249:Core/Src/usart.c ****       Error_Handler();
 250:Core/Src/usart.c ****     }
 251:Core/Src/usart.c **** 
 252:Core/Src/usart.c ****     /* USART3 clock enable */
 253:Core/Src/usart.c ****     __HAL_RCC_USART3_CLK_ENABLE();
 254:Core/Src/usart.c **** 
 255:Core/Src/usart.c ****     __HAL_RCC_GPIOC_CLK_ENABLE();
 256:Core/Src/usart.c ****     /**USART3 GPIO Configuration
 257:Core/Src/usart.c ****     PC10     ------> USART3_TX
 258:Core/Src/usart.c ****     PC11     ------> USART3_RX
 259:Core/Src/usart.c ****     */
 260:Core/Src/usart.c ****     GPIO_InitStruct.Pin = GPIO_PIN_10|GPIO_PIN_11;
 261:Core/Src/usart.c ****     GPIO_InitStruct.Mode = GPIO_MODE_AF_PP;
 262:Core/Src/usart.c ****     GPIO_InitStruct.Pull = GPIO_NOPULL;
 263:Core/Src/usart.c ****     GPIO_InitStruct.Speed = GPIO_SPEED_FREQ_LOW;
 264:Core/Src/usart.c ****     GPIO_InitStruct.Alternate = GPIO_AF7_USART3;
 265:Core/Src/usart.c ****     HAL_GPIO_Init(GPIOC, &GPIO_InitStruct);
 266:Core/Src/usart.c **** 
 267:Core/Src/usart.c ****   /* USER CODE BEGIN USART3_MspInit 1 */
 268:Core/Src/usart.c **** 
 269:Core/Src/usart.c ****   /* USER CODE END USART3_MspInit 1 */
 270:Core/Src/usart.c ****   }
 271:Core/Src/usart.c **** }
 438              		.loc 1 271 1 view .LVU137
 439 002e 20B0     		add	sp, sp, #128
 440              	.LCFI5:
 441              		.cfi_remember_state
 442              		.cfi_def_cfa_offset 8
 443              		@ sp needed
 444 0030 10BD     		pop	{r4, pc}
 445              	.LVL27:
 446              	.L45:
 447              	.LCFI6:
 448              		.cfi_restore_state
 177:Core/Src/usart.c ****     PeriphClkInit.Usart1ClockSelection = RCC_USART1CLKSOURCE_PCLK2;
 449              		.loc 1 177 5 is_stmt 1 view .LVU138
 177:Core/Src/usart.c ****     PeriphClkInit.Usart1ClockSelection = RCC_USART1CLKSOURCE_PCLK2;
 450              		.loc 1 177 40 is_stmt 0 view .LVU139
 451 0032 0123     		movs	r3, #1
 452 0034 0693     		str	r3, [sp, #24]
 178:Core/Src/usart.c ****     if (HAL_RCCEx_PeriphCLKConfig(&PeriphClkInit) != HAL_OK)
 453              		.loc 1 178 5 is_stmt 1 view .LVU140
 179:Core/Src/usart.c ****     {
 454              		.loc 1 179 5 view .LVU141
 179:Core/Src/usart.c ****     {
 455              		.loc 1 179 9 is_stmt 0 view .LVU142
 456 0036 06A8     		add	r0, sp, #24
 457 0038 FFF7FEFF 		bl	HAL_RCCEx_PeriphCLKConfig
 458              	.LVL28:
 179:Core/Src/usart.c ****     {
 459              		.loc 1 179 8 view .LVU143
ARM GAS  C:\Users\purdu\AppData\Local\Temp\ccbCkvUz.s 			page 14


 460 003c 10BB     		cbnz	r0, .L48
 461              	.L39:
 185:Core/Src/usart.c **** 
 462              		.loc 1 185 5 is_stmt 1 view .LVU144
 463              	.LBB2:
 185:Core/Src/usart.c **** 
 464              		.loc 1 185 5 view .LVU145
 185:Core/Src/usart.c **** 
 465              		.loc 1 185 5 view .LVU146
 466 003e 404B     		ldr	r3, .L51+12
 467 0040 1A6E     		ldr	r2, [r3, #96]
 468 0042 42F48042 		orr	r2, r2, #16384
 469 0046 1A66     		str	r2, [r3, #96]
 185:Core/Src/usart.c **** 
 470              		.loc 1 185 5 view .LVU147
 471 0048 1A6E     		ldr	r2, [r3, #96]
 472 004a 02F48042 		and	r2, r2, #16384
 473 004e 0092     		str	r2, [sp]
 185:Core/Src/usart.c **** 
 474              		.loc 1 185 5 view .LVU148
 475 0050 009A     		ldr	r2, [sp]
 476              	.LBE2:
 185:Core/Src/usart.c **** 
 477              		.loc 1 185 5 view .LVU149
 187:Core/Src/usart.c ****     /**USART1 GPIO Configuration
 478              		.loc 1 187 5 view .LVU150
 479              	.LBB3:
 187:Core/Src/usart.c ****     /**USART1 GPIO Configuration
 480              		.loc 1 187 5 view .LVU151
 187:Core/Src/usart.c ****     /**USART1 GPIO Configuration
 481              		.loc 1 187 5 view .LVU152
 482 0052 DA6C     		ldr	r2, [r3, #76]
 483 0054 42F00102 		orr	r2, r2, #1
 484 0058 DA64     		str	r2, [r3, #76]
 187:Core/Src/usart.c ****     /**USART1 GPIO Configuration
 485              		.loc 1 187 5 view .LVU153
 486 005a DB6C     		ldr	r3, [r3, #76]
 487 005c 03F00103 		and	r3, r3, #1
 488 0060 0193     		str	r3, [sp, #4]
 187:Core/Src/usart.c ****     /**USART1 GPIO Configuration
 489              		.loc 1 187 5 view .LVU154
 490 0062 019B     		ldr	r3, [sp, #4]
 491              	.LBE3:
 187:Core/Src/usart.c ****     /**USART1 GPIO Configuration
 492              		.loc 1 187 5 view .LVU155
 192:Core/Src/usart.c ****     GPIO_InitStruct.Mode = GPIO_MODE_AF_PP;
 493              		.loc 1 192 5 view .LVU156
 192:Core/Src/usart.c ****     GPIO_InitStruct.Mode = GPIO_MODE_AF_PP;
 494              		.loc 1 192 25 is_stmt 0 view .LVU157
 495 0064 4FF4C063 		mov	r3, #1536
 496 0068 1B93     		str	r3, [sp, #108]
 193:Core/Src/usart.c ****     GPIO_InitStruct.Pull = GPIO_NOPULL;
 497              		.loc 1 193 5 is_stmt 1 view .LVU158
 193:Core/Src/usart.c ****     GPIO_InitStruct.Pull = GPIO_NOPULL;
 498              		.loc 1 193 26 is_stmt 0 view .LVU159
 499 006a 0223     		movs	r3, #2
 500 006c 1C93     		str	r3, [sp, #112]
ARM GAS  C:\Users\purdu\AppData\Local\Temp\ccbCkvUz.s 			page 15


 194:Core/Src/usart.c ****     GPIO_InitStruct.Speed = GPIO_SPEED_FREQ_LOW;
 501              		.loc 1 194 5 is_stmt 1 view .LVU160
 194:Core/Src/usart.c ****     GPIO_InitStruct.Speed = GPIO_SPEED_FREQ_LOW;
 502              		.loc 1 194 26 is_stmt 0 view .LVU161
 503 006e 0023     		movs	r3, #0
 504 0070 1D93     		str	r3, [sp, #116]
 195:Core/Src/usart.c ****     GPIO_InitStruct.Alternate = GPIO_AF7_USART1;
 505              		.loc 1 195 5 is_stmt 1 view .LVU162
 195:Core/Src/usart.c ****     GPIO_InitStruct.Alternate = GPIO_AF7_USART1;
 506              		.loc 1 195 27 is_stmt 0 view .LVU163
 507 0072 1E93     		str	r3, [sp, #120]
 196:Core/Src/usart.c ****     HAL_GPIO_Init(GPIOA, &GPIO_InitStruct);
 508              		.loc 1 196 5 is_stmt 1 view .LVU164
 196:Core/Src/usart.c ****     HAL_GPIO_Init(GPIOA, &GPIO_InitStruct);
 509              		.loc 1 196 31 is_stmt 0 view .LVU165
 510 0074 0723     		movs	r3, #7
 511 0076 1F93     		str	r3, [sp, #124]
 197:Core/Src/usart.c **** 
 512              		.loc 1 197 5 is_stmt 1 view .LVU166
 513 0078 1BA9     		add	r1, sp, #108
 514 007a 4FF09040 		mov	r0, #1207959552
 515 007e FFF7FEFF 		bl	HAL_GPIO_Init
 516              	.LVL29:
 517 0082 D4E7     		b	.L37
 518              	.L48:
 181:Core/Src/usart.c ****     }
 519              		.loc 1 181 7 view .LVU167
 520 0084 FFF7FEFF 		bl	Error_Handler
 521              	.LVL30:
 522 0088 D9E7     		b	.L39
 523              	.L46:
 211:Core/Src/usart.c ****     PeriphClkInit.Usart2ClockSelection = RCC_USART2CLKSOURCE_PCLK1;
 524              		.loc 1 211 5 view .LVU168
 211:Core/Src/usart.c ****     PeriphClkInit.Usart2ClockSelection = RCC_USART2CLKSOURCE_PCLK1;
 525              		.loc 1 211 40 is_stmt 0 view .LVU169
 526 008a 0223     		movs	r3, #2
 527 008c 0693     		str	r3, [sp, #24]
 212:Core/Src/usart.c ****     if (HAL_RCCEx_PeriphCLKConfig(&PeriphClkInit) != HAL_OK)
 528              		.loc 1 212 5 is_stmt 1 view .LVU170
 213:Core/Src/usart.c ****     {
 529              		.loc 1 213 5 view .LVU171
 213:Core/Src/usart.c ****     {
 530              		.loc 1 213 9 is_stmt 0 view .LVU172
 531 008e 06A8     		add	r0, sp, #24
 532 0090 FFF7FEFF 		bl	HAL_RCCEx_PeriphCLKConfig
 533              	.LVL31:
 213:Core/Src/usart.c ****     {
 534              		.loc 1 213 8 view .LVU173
 535 0094 00BB     		cbnz	r0, .L49
 536              	.L42:
 219:Core/Src/usart.c **** 
 537              		.loc 1 219 5 is_stmt 1 view .LVU174
 538              	.LBB4:
 219:Core/Src/usart.c **** 
 539              		.loc 1 219 5 view .LVU175
 219:Core/Src/usart.c **** 
 540              		.loc 1 219 5 view .LVU176
ARM GAS  C:\Users\purdu\AppData\Local\Temp\ccbCkvUz.s 			page 16


 541 0096 2A4B     		ldr	r3, .L51+12
 542 0098 9A6D     		ldr	r2, [r3, #88]
 543 009a 42F40032 		orr	r2, r2, #131072
 544 009e 9A65     		str	r2, [r3, #88]
 219:Core/Src/usart.c **** 
 545              		.loc 1 219 5 view .LVU177
 546 00a0 9A6D     		ldr	r2, [r3, #88]
 547 00a2 02F40032 		and	r2, r2, #131072
 548 00a6 0292     		str	r2, [sp, #8]
 219:Core/Src/usart.c **** 
 549              		.loc 1 219 5 view .LVU178
 550 00a8 029A     		ldr	r2, [sp, #8]
 551              	.LBE4:
 219:Core/Src/usart.c **** 
 552              		.loc 1 219 5 view .LVU179
 221:Core/Src/usart.c ****     /**USART2 GPIO Configuration
 553              		.loc 1 221 5 view .LVU180
 554              	.LBB5:
 221:Core/Src/usart.c ****     /**USART2 GPIO Configuration
 555              		.loc 1 221 5 view .LVU181
 221:Core/Src/usart.c ****     /**USART2 GPIO Configuration
 556              		.loc 1 221 5 view .LVU182
 557 00aa DA6C     		ldr	r2, [r3, #76]
 558 00ac 42F00802 		orr	r2, r2, #8
 559 00b0 DA64     		str	r2, [r3, #76]
 221:Core/Src/usart.c ****     /**USART2 GPIO Configuration
 560              		.loc 1 221 5 view .LVU183
 561 00b2 DB6C     		ldr	r3, [r3, #76]
 562 00b4 03F00803 		and	r3, r3, #8
 563 00b8 0393     		str	r3, [sp, #12]
 221:Core/Src/usart.c ****     /**USART2 GPIO Configuration
 564              		.loc 1 221 5 view .LVU184
 565 00ba 039B     		ldr	r3, [sp, #12]
 566              	.LBE5:
 221:Core/Src/usart.c ****     /**USART2 GPIO Configuration
 567              		.loc 1 221 5 view .LVU185
 226:Core/Src/usart.c ****     GPIO_InitStruct.Mode = GPIO_MODE_AF_PP;
 568              		.loc 1 226 5 view .LVU186
 226:Core/Src/usart.c ****     GPIO_InitStruct.Mode = GPIO_MODE_AF_PP;
 569              		.loc 1 226 25 is_stmt 0 view .LVU187
 570 00bc 6023     		movs	r3, #96
 571 00be 1B93     		str	r3, [sp, #108]
 227:Core/Src/usart.c ****     GPIO_InitStruct.Pull = GPIO_NOPULL;
 572              		.loc 1 227 5 is_stmt 1 view .LVU188
 227:Core/Src/usart.c ****     GPIO_InitStruct.Pull = GPIO_NOPULL;
 573              		.loc 1 227 26 is_stmt 0 view .LVU189
 574 00c0 0223     		movs	r3, #2
 575 00c2 1C93     		str	r3, [sp, #112]
 228:Core/Src/usart.c ****     GPIO_InitStruct.Speed = GPIO_SPEED_FREQ_LOW;
 576              		.loc 1 228 5 is_stmt 1 view .LVU190
 228:Core/Src/usart.c ****     GPIO_InitStruct.Speed = GPIO_SPEED_FREQ_LOW;
 577              		.loc 1 228 26 is_stmt 0 view .LVU191
 578 00c4 0023     		movs	r3, #0
 579 00c6 1D93     		str	r3, [sp, #116]
 229:Core/Src/usart.c ****     GPIO_InitStruct.Alternate = GPIO_AF7_USART2;
 580              		.loc 1 229 5 is_stmt 1 view .LVU192
 229:Core/Src/usart.c ****     GPIO_InitStruct.Alternate = GPIO_AF7_USART2;
ARM GAS  C:\Users\purdu\AppData\Local\Temp\ccbCkvUz.s 			page 17


 581              		.loc 1 229 27 is_stmt 0 view .LVU193
 582 00c8 1E93     		str	r3, [sp, #120]
 230:Core/Src/usart.c ****     HAL_GPIO_Init(GPIOD, &GPIO_InitStruct);
 583              		.loc 1 230 5 is_stmt 1 view .LVU194
 230:Core/Src/usart.c ****     HAL_GPIO_Init(GPIOD, &GPIO_InitStruct);
 584              		.loc 1 230 31 is_stmt 0 view .LVU195
 585 00ca 0723     		movs	r3, #7
 586 00cc 1F93     		str	r3, [sp, #124]
 231:Core/Src/usart.c **** 
 587              		.loc 1 231 5 is_stmt 1 view .LVU196
 588 00ce 1BA9     		add	r1, sp, #108
 589 00d0 1C48     		ldr	r0, .L51+16
 590 00d2 FFF7FEFF 		bl	HAL_GPIO_Init
 591              	.LVL32:
 592 00d6 AAE7     		b	.L37
 593              	.L49:
 215:Core/Src/usart.c ****     }
 594              		.loc 1 215 7 view .LVU197
 595 00d8 FFF7FEFF 		bl	Error_Handler
 596              	.LVL33:
 597 00dc DBE7     		b	.L42
 598              	.L47:
 245:Core/Src/usart.c ****     PeriphClkInit.Usart3ClockSelection = RCC_USART3CLKSOURCE_PCLK1;
 599              		.loc 1 245 5 view .LVU198
 245:Core/Src/usart.c ****     PeriphClkInit.Usart3ClockSelection = RCC_USART3CLKSOURCE_PCLK1;
 600              		.loc 1 245 40 is_stmt 0 view .LVU199
 601 00de 0423     		movs	r3, #4
 602 00e0 0693     		str	r3, [sp, #24]
 246:Core/Src/usart.c ****     if (HAL_RCCEx_PeriphCLKConfig(&PeriphClkInit) != HAL_OK)
 603              		.loc 1 246 5 is_stmt 1 view .LVU200
 247:Core/Src/usart.c ****     {
 604              		.loc 1 247 5 view .LVU201
 247:Core/Src/usart.c ****     {
 605              		.loc 1 247 9 is_stmt 0 view .LVU202
 606 00e2 06A8     		add	r0, sp, #24
 607 00e4 FFF7FEFF 		bl	HAL_RCCEx_PeriphCLKConfig
 608              	.LVL34:
 247:Core/Src/usart.c ****     {
 609              		.loc 1 247 8 view .LVU203
 610 00e8 08BB     		cbnz	r0, .L50
 611              	.L43:
 253:Core/Src/usart.c **** 
 612              		.loc 1 253 5 is_stmt 1 view .LVU204
 613              	.LBB6:
 253:Core/Src/usart.c **** 
 614              		.loc 1 253 5 view .LVU205
 253:Core/Src/usart.c **** 
 615              		.loc 1 253 5 view .LVU206
 616 00ea 154B     		ldr	r3, .L51+12
 617 00ec 9A6D     		ldr	r2, [r3, #88]
 618 00ee 42F48022 		orr	r2, r2, #262144
 619 00f2 9A65     		str	r2, [r3, #88]
 253:Core/Src/usart.c **** 
 620              		.loc 1 253 5 view .LVU207
 621 00f4 9A6D     		ldr	r2, [r3, #88]
 622 00f6 02F48022 		and	r2, r2, #262144
 623 00fa 0492     		str	r2, [sp, #16]
ARM GAS  C:\Users\purdu\AppData\Local\Temp\ccbCkvUz.s 			page 18


 253:Core/Src/usart.c **** 
 624              		.loc 1 253 5 view .LVU208
 625 00fc 049A     		ldr	r2, [sp, #16]
 626              	.LBE6:
 253:Core/Src/usart.c **** 
 627              		.loc 1 253 5 view .LVU209
 255:Core/Src/usart.c ****     /**USART3 GPIO Configuration
 628              		.loc 1 255 5 view .LVU210
 629              	.LBB7:
 255:Core/Src/usart.c ****     /**USART3 GPIO Configuration
 630              		.loc 1 255 5 view .LVU211
 255:Core/Src/usart.c ****     /**USART3 GPIO Configuration
 631              		.loc 1 255 5 view .LVU212
 632 00fe DA6C     		ldr	r2, [r3, #76]
 633 0100 42F00402 		orr	r2, r2, #4
 634 0104 DA64     		str	r2, [r3, #76]
 255:Core/Src/usart.c ****     /**USART3 GPIO Configuration
 635              		.loc 1 255 5 view .LVU213
 636 0106 DB6C     		ldr	r3, [r3, #76]
 637 0108 03F00403 		and	r3, r3, #4
 638 010c 0593     		str	r3, [sp, #20]
 255:Core/Src/usart.c ****     /**USART3 GPIO Configuration
 639              		.loc 1 255 5 view .LVU214
 640 010e 059B     		ldr	r3, [sp, #20]
 641              	.LBE7:
 255:Core/Src/usart.c ****     /**USART3 GPIO Configuration
 642              		.loc 1 255 5 view .LVU215
 260:Core/Src/usart.c ****     GPIO_InitStruct.Mode = GPIO_MODE_AF_PP;
 643              		.loc 1 260 5 view .LVU216
 260:Core/Src/usart.c ****     GPIO_InitStruct.Mode = GPIO_MODE_AF_PP;
 644              		.loc 1 260 25 is_stmt 0 view .LVU217
 645 0110 4FF44063 		mov	r3, #3072
 646 0114 1B93     		str	r3, [sp, #108]
 261:Core/Src/usart.c ****     GPIO_InitStruct.Pull = GPIO_NOPULL;
 647              		.loc 1 261 5 is_stmt 1 view .LVU218
 261:Core/Src/usart.c ****     GPIO_InitStruct.Pull = GPIO_NOPULL;
 648              		.loc 1 261 26 is_stmt 0 view .LVU219
 649 0116 0223     		movs	r3, #2
 650 0118 1C93     		str	r3, [sp, #112]
 262:Core/Src/usart.c ****     GPIO_InitStruct.Speed = GPIO_SPEED_FREQ_LOW;
 651              		.loc 1 262 5 is_stmt 1 view .LVU220
 262:Core/Src/usart.c ****     GPIO_InitStruct.Speed = GPIO_SPEED_FREQ_LOW;
 652              		.loc 1 262 26 is_stmt 0 view .LVU221
 653 011a 0023     		movs	r3, #0
 654 011c 1D93     		str	r3, [sp, #116]
 263:Core/Src/usart.c ****     GPIO_InitStruct.Alternate = GPIO_AF7_USART3;
 655              		.loc 1 263 5 is_stmt 1 view .LVU222
 263:Core/Src/usart.c ****     GPIO_InitStruct.Alternate = GPIO_AF7_USART3;
 656              		.loc 1 263 27 is_stmt 0 view .LVU223
 657 011e 1E93     		str	r3, [sp, #120]
 264:Core/Src/usart.c ****     HAL_GPIO_Init(GPIOC, &GPIO_InitStruct);
 658              		.loc 1 264 5 is_stmt 1 view .LVU224
 264:Core/Src/usart.c ****     HAL_GPIO_Init(GPIOC, &GPIO_InitStruct);
 659              		.loc 1 264 31 is_stmt 0 view .LVU225
 660 0120 0723     		movs	r3, #7
 661 0122 1F93     		str	r3, [sp, #124]
 265:Core/Src/usart.c **** 
ARM GAS  C:\Users\purdu\AppData\Local\Temp\ccbCkvUz.s 			page 19


 662              		.loc 1 265 5 is_stmt 1 view .LVU226
 663 0124 1BA9     		add	r1, sp, #108
 664 0126 0848     		ldr	r0, .L51+20
 665 0128 FFF7FEFF 		bl	HAL_GPIO_Init
 666              	.LVL35:
 667              		.loc 1 271 1 is_stmt 0 view .LVU227
 668 012c 7FE7     		b	.L37
 669              	.L50:
 249:Core/Src/usart.c ****     }
 670              		.loc 1 249 7 is_stmt 1 view .LVU228
 671 012e FFF7FEFF 		bl	Error_Handler
 672              	.LVL36:
 673 0132 DAE7     		b	.L43
 674              	.L52:
 675              		.align	2
 676              	.L51:
 677 0134 00380140 		.word	1073821696
 678 0138 00440040 		.word	1073759232
 679 013c 00480040 		.word	1073760256
 680 0140 00100240 		.word	1073876992
 681 0144 000C0048 		.word	1207962624
 682 0148 00080048 		.word	1207961600
 683              		.cfi_endproc
 684              	.LFE332:
 686              		.section	.text.HAL_UART_MspDeInit,"ax",%progbits
 687              		.align	1
 688              		.global	HAL_UART_MspDeInit
 689              		.syntax unified
 690              		.thumb
 691              		.thumb_func
 693              	HAL_UART_MspDeInit:
 694              	.LVL37:
 695              	.LFB333:
 272:Core/Src/usart.c **** 
 273:Core/Src/usart.c **** void HAL_UART_MspDeInit(UART_HandleTypeDef* uartHandle)
 274:Core/Src/usart.c **** {
 696              		.loc 1 274 1 view -0
 697              		.cfi_startproc
 698              		@ args = 0, pretend = 0, frame = 0
 699              		@ frame_needed = 0, uses_anonymous_args = 0
 700              		.loc 1 274 1 is_stmt 0 view .LVU230
 701 0000 08B5     		push	{r3, lr}
 702              	.LCFI7:
 703              		.cfi_def_cfa_offset 8
 704              		.cfi_offset 3, -8
 705              		.cfi_offset 14, -4
 275:Core/Src/usart.c **** 
 276:Core/Src/usart.c ****   if(uartHandle->Instance==USART1)
 706              		.loc 1 276 3 is_stmt 1 view .LVU231
 707              		.loc 1 276 16 is_stmt 0 view .LVU232
 708 0002 0368     		ldr	r3, [r0]
 709              		.loc 1 276 5 view .LVU233
 710 0004 164A     		ldr	r2, .L61
 711 0006 9342     		cmp	r3, r2
 712 0008 06D0     		beq	.L58
 277:Core/Src/usart.c ****   {
 278:Core/Src/usart.c ****   /* USER CODE BEGIN USART1_MspDeInit 0 */
ARM GAS  C:\Users\purdu\AppData\Local\Temp\ccbCkvUz.s 			page 20


 279:Core/Src/usart.c **** 
 280:Core/Src/usart.c ****   /* USER CODE END USART1_MspDeInit 0 */
 281:Core/Src/usart.c ****     /* Peripheral clock disable */
 282:Core/Src/usart.c ****     __HAL_RCC_USART1_CLK_DISABLE();
 283:Core/Src/usart.c **** 
 284:Core/Src/usart.c ****     /**USART1 GPIO Configuration
 285:Core/Src/usart.c ****     PA9     ------> USART1_TX
 286:Core/Src/usart.c ****     PA10     ------> USART1_RX
 287:Core/Src/usart.c ****     */
 288:Core/Src/usart.c ****     HAL_GPIO_DeInit(GPIOA, GPIO_PIN_9|GPIO_PIN_10);
 289:Core/Src/usart.c **** 
 290:Core/Src/usart.c ****   /* USER CODE BEGIN USART1_MspDeInit 1 */
 291:Core/Src/usart.c **** 
 292:Core/Src/usart.c ****   /* USER CODE END USART1_MspDeInit 1 */
 293:Core/Src/usart.c ****   }
 294:Core/Src/usart.c ****   else if(uartHandle->Instance==USART2)
 713              		.loc 1 294 8 is_stmt 1 view .LVU234
 714              		.loc 1 294 10 is_stmt 0 view .LVU235
 715 000a 164A     		ldr	r2, .L61+4
 716 000c 9342     		cmp	r3, r2
 717 000e 10D0     		beq	.L59
 295:Core/Src/usart.c ****   {
 296:Core/Src/usart.c ****   /* USER CODE BEGIN USART2_MspDeInit 0 */
 297:Core/Src/usart.c **** 
 298:Core/Src/usart.c ****   /* USER CODE END USART2_MspDeInit 0 */
 299:Core/Src/usart.c ****     /* Peripheral clock disable */
 300:Core/Src/usart.c ****     __HAL_RCC_USART2_CLK_DISABLE();
 301:Core/Src/usart.c **** 
 302:Core/Src/usart.c ****     /**USART2 GPIO Configuration
 303:Core/Src/usart.c ****     PD5     ------> USART2_TX
 304:Core/Src/usart.c ****     PD6     ------> USART2_RX
 305:Core/Src/usart.c ****     */
 306:Core/Src/usart.c ****     HAL_GPIO_DeInit(GPIOD, GPIO_PIN_5|GPIO_PIN_6);
 307:Core/Src/usart.c **** 
 308:Core/Src/usart.c ****   /* USER CODE BEGIN USART2_MspDeInit 1 */
 309:Core/Src/usart.c **** 
 310:Core/Src/usart.c ****   /* USER CODE END USART2_MspDeInit 1 */
 311:Core/Src/usart.c ****   }
 312:Core/Src/usart.c ****   else if(uartHandle->Instance==USART3)
 718              		.loc 1 312 8 is_stmt 1 view .LVU236
 719              		.loc 1 312 10 is_stmt 0 view .LVU237
 720 0010 154A     		ldr	r2, .L61+8
 721 0012 9342     		cmp	r3, r2
 722 0014 18D0     		beq	.L60
 723              	.LVL38:
 724              	.L53:
 313:Core/Src/usart.c ****   {
 314:Core/Src/usart.c ****   /* USER CODE BEGIN USART3_MspDeInit 0 */
 315:Core/Src/usart.c **** 
 316:Core/Src/usart.c ****   /* USER CODE END USART3_MspDeInit 0 */
 317:Core/Src/usart.c ****     /* Peripheral clock disable */
 318:Core/Src/usart.c ****     __HAL_RCC_USART3_CLK_DISABLE();
 319:Core/Src/usart.c **** 
 320:Core/Src/usart.c ****     /**USART3 GPIO Configuration
 321:Core/Src/usart.c ****     PC10     ------> USART3_TX
 322:Core/Src/usart.c ****     PC11     ------> USART3_RX
 323:Core/Src/usart.c ****     */
ARM GAS  C:\Users\purdu\AppData\Local\Temp\ccbCkvUz.s 			page 21


 324:Core/Src/usart.c ****     HAL_GPIO_DeInit(GPIOC, GPIO_PIN_10|GPIO_PIN_11);
 325:Core/Src/usart.c **** 
 326:Core/Src/usart.c ****   /* USER CODE BEGIN USART3_MspDeInit 1 */
 327:Core/Src/usart.c **** 
 328:Core/Src/usart.c ****   /* USER CODE END USART3_MspDeInit 1 */
 329:Core/Src/usart.c ****   }
 330:Core/Src/usart.c **** }
 725              		.loc 1 330 1 view .LVU238
 726 0016 08BD     		pop	{r3, pc}
 727              	.LVL39:
 728              	.L58:
 282:Core/Src/usart.c **** 
 729              		.loc 1 282 5 is_stmt 1 view .LVU239
 730 0018 02F55842 		add	r2, r2, #55296
 731 001c 136E     		ldr	r3, [r2, #96]
 732 001e 23F48043 		bic	r3, r3, #16384
 733 0022 1366     		str	r3, [r2, #96]
 288:Core/Src/usart.c **** 
 734              		.loc 1 288 5 view .LVU240
 735 0024 4FF4C061 		mov	r1, #1536
 736 0028 4FF09040 		mov	r0, #1207959552
 737              	.LVL40:
 288:Core/Src/usart.c **** 
 738              		.loc 1 288 5 is_stmt 0 view .LVU241
 739 002c FFF7FEFF 		bl	HAL_GPIO_DeInit
 740              	.LVL41:
 741 0030 F1E7     		b	.L53
 742              	.LVL42:
 743              	.L59:
 300:Core/Src/usart.c **** 
 744              		.loc 1 300 5 is_stmt 1 view .LVU242
 745 0032 02F5E632 		add	r2, r2, #117760
 746 0036 936D     		ldr	r3, [r2, #88]
 747 0038 23F40033 		bic	r3, r3, #131072
 748 003c 9365     		str	r3, [r2, #88]
 306:Core/Src/usart.c **** 
 749              		.loc 1 306 5 view .LVU243
 750 003e 6021     		movs	r1, #96
 751 0040 0A48     		ldr	r0, .L61+12
 752              	.LVL43:
 306:Core/Src/usart.c **** 
 753              		.loc 1 306 5 is_stmt 0 view .LVU244
 754 0042 FFF7FEFF 		bl	HAL_GPIO_DeInit
 755              	.LVL44:
 756 0046 E6E7     		b	.L53
 757              	.LVL45:
 758              	.L60:
 318:Core/Src/usart.c **** 
 759              		.loc 1 318 5 is_stmt 1 view .LVU245
 760 0048 02F5E432 		add	r2, r2, #116736
 761 004c 936D     		ldr	r3, [r2, #88]
 762 004e 23F48023 		bic	r3, r3, #262144
 763 0052 9365     		str	r3, [r2, #88]
 324:Core/Src/usart.c **** 
 764              		.loc 1 324 5 view .LVU246
 765 0054 4FF44061 		mov	r1, #3072
 766 0058 0548     		ldr	r0, .L61+16
ARM GAS  C:\Users\purdu\AppData\Local\Temp\ccbCkvUz.s 			page 22


 767              	.LVL46:
 324:Core/Src/usart.c **** 
 768              		.loc 1 324 5 is_stmt 0 view .LVU247
 769 005a FFF7FEFF 		bl	HAL_GPIO_DeInit
 770              	.LVL47:
 771              		.loc 1 330 1 view .LVU248
 772 005e DAE7     		b	.L53
 773              	.L62:
 774              		.align	2
 775              	.L61:
 776 0060 00380140 		.word	1073821696
 777 0064 00440040 		.word	1073759232
 778 0068 00480040 		.word	1073760256
 779 006c 000C0048 		.word	1207962624
 780 0070 00080048 		.word	1207961600
 781              		.cfi_endproc
 782              	.LFE333:
 784              		.global	huart3
 785              		.section	.bss.huart3,"aw",%nobits
 786              		.align	2
 789              	huart3:
 790 0000 00000000 		.space	148
 790      00000000 
 790      00000000 
 790      00000000 
 790      00000000 
 791              		.global	huart2
 792              		.section	.bss.huart2,"aw",%nobits
 793              		.align	2
 796              	huart2:
 797 0000 00000000 		.space	148
 797      00000000 
 797      00000000 
 797      00000000 
 797      00000000 
 798              		.global	huart1
 799              		.section	.bss.huart1,"aw",%nobits
 800              		.align	2
 803              	huart1:
 804 0000 00000000 		.space	148
 804      00000000 
 804      00000000 
 804      00000000 
 804      00000000 
 805              		.text
 806              	.Letext0:
 807              		.file 2 "c:\\msys64\\mingw64\\arm-none-eabi\\include\\machine\\_default_types.h"
 808              		.file 3 "c:\\msys64\\mingw64\\arm-none-eabi\\include\\sys\\_stdint.h"
 809              		.file 4 "Drivers/CMSIS/Device/ST/STM32G4xx/Include/stm32g473xx.h"
 810              		.file 5 "Drivers/STM32G4xx_HAL_Driver/Inc/stm32g4xx_hal_def.h"
 811              		.file 6 "Drivers/STM32G4xx_HAL_Driver/Inc/stm32g4xx_hal_rcc_ex.h"
 812              		.file 7 "Drivers/STM32G4xx_HAL_Driver/Inc/stm32g4xx_hal_gpio.h"
 813              		.file 8 "Drivers/STM32G4xx_HAL_Driver/Inc/stm32g4xx_hal_dma.h"
 814              		.file 9 "Drivers/STM32G4xx_HAL_Driver/Inc/stm32g4xx_hal_uart.h"
 815              		.file 10 "Core/Inc/usart.h"
 816              		.file 11 "Drivers/STM32G4xx_HAL_Driver/Inc/stm32g4xx_hal_uart_ex.h"
 817              		.file 12 "Core/Inc/main.h"
ARM GAS  C:\Users\purdu\AppData\Local\Temp\ccbCkvUz.s 			page 23


 818              		.file 13 "<built-in>"
ARM GAS  C:\Users\purdu\AppData\Local\Temp\ccbCkvUz.s 			page 24


DEFINED SYMBOLS
                            *ABS*:0000000000000000 usart.c
C:\Users\purdu\AppData\Local\Temp\ccbCkvUz.s:21     .text.MX_USART1_UART_Init:0000000000000000 $t
C:\Users\purdu\AppData\Local\Temp\ccbCkvUz.s:27     .text.MX_USART1_UART_Init:0000000000000000 MX_USART1_UART_Init
C:\Users\purdu\AppData\Local\Temp\ccbCkvUz.s:135    .text.MX_USART1_UART_Init:0000000000000060 $d
C:\Users\purdu\AppData\Local\Temp\ccbCkvUz.s:803    .bss.huart1:0000000000000000 huart1
C:\Users\purdu\AppData\Local\Temp\ccbCkvUz.s:141    .text.MX_USART2_UART_Init:0000000000000000 $t
C:\Users\purdu\AppData\Local\Temp\ccbCkvUz.s:147    .text.MX_USART2_UART_Init:0000000000000000 MX_USART2_UART_Init
C:\Users\purdu\AppData\Local\Temp\ccbCkvUz.s:255    .text.MX_USART2_UART_Init:0000000000000060 $d
C:\Users\purdu\AppData\Local\Temp\ccbCkvUz.s:796    .bss.huart2:0000000000000000 huart2
C:\Users\purdu\AppData\Local\Temp\ccbCkvUz.s:261    .text.MX_USART3_UART_Init:0000000000000000 $t
C:\Users\purdu\AppData\Local\Temp\ccbCkvUz.s:267    .text.MX_USART3_UART_Init:0000000000000000 MX_USART3_UART_Init
C:\Users\purdu\AppData\Local\Temp\ccbCkvUz.s:375    .text.MX_USART3_UART_Init:0000000000000060 $d
C:\Users\purdu\AppData\Local\Temp\ccbCkvUz.s:789    .bss.huart3:0000000000000000 huart3
C:\Users\purdu\AppData\Local\Temp\ccbCkvUz.s:381    .text.HAL_UART_MspInit:0000000000000000 $t
C:\Users\purdu\AppData\Local\Temp\ccbCkvUz.s:387    .text.HAL_UART_MspInit:0000000000000000 HAL_UART_MspInit
C:\Users\purdu\AppData\Local\Temp\ccbCkvUz.s:677    .text.HAL_UART_MspInit:0000000000000134 $d
C:\Users\purdu\AppData\Local\Temp\ccbCkvUz.s:687    .text.HAL_UART_MspDeInit:0000000000000000 $t
C:\Users\purdu\AppData\Local\Temp\ccbCkvUz.s:693    .text.HAL_UART_MspDeInit:0000000000000000 HAL_UART_MspDeInit
C:\Users\purdu\AppData\Local\Temp\ccbCkvUz.s:776    .text.HAL_UART_MspDeInit:0000000000000060 $d
C:\Users\purdu\AppData\Local\Temp\ccbCkvUz.s:786    .bss.huart3:0000000000000000 $d
C:\Users\purdu\AppData\Local\Temp\ccbCkvUz.s:793    .bss.huart2:0000000000000000 $d
C:\Users\purdu\AppData\Local\Temp\ccbCkvUz.s:800    .bss.huart1:0000000000000000 $d

UNDEFINED SYMBOLS
HAL_UART_Init
HAL_UARTEx_SetTxFifoThreshold
HAL_UARTEx_SetRxFifoThreshold
HAL_UARTEx_DisableFifoMode
Error_Handler
memset
HAL_RCCEx_PeriphCLKConfig
HAL_GPIO_Init
HAL_GPIO_DeInit
