ARM GAS  C:\Users\HYDROG~1\AppData\Local\Temp\cc4cmnwK.s 			page 1


   1              		.cpu cortex-m4
   2              		.arch armv7e-m
   3              		.fpu fpv4-sp-d16
   4              		.eabi_attribute 27, 1
   5              		.eabi_attribute 28, 1
   6              		.eabi_attribute 20, 1
   7              		.eabi_attribute 21, 1
   8              		.eabi_attribute 23, 3
   9              		.eabi_attribute 24, 1
  10              		.eabi_attribute 25, 1
  11              		.eabi_attribute 26, 1
  12              		.eabi_attribute 30, 1
  13              		.eabi_attribute 34, 1
  14              		.eabi_attribute 18, 4
  15              		.file	"dma.c"
  16              		.text
  17              	.Ltext0:
  18              		.cfi_sections	.debug_frame
  19              		.section	.text.MX_DMA_Init,"ax",%progbits
  20              		.align	1
  21              		.global	MX_DMA_Init
  22              		.syntax unified
  23              		.thumb
  24              		.thumb_func
  26              	MX_DMA_Init:
  27              	.LFB329:
  28              		.file 1 "Core/Src/dma.c"
   1:Core/Src/dma.c **** /* USER CODE BEGIN Header */
   2:Core/Src/dma.c **** /**
   3:Core/Src/dma.c ****   ******************************************************************************
   4:Core/Src/dma.c ****   * @file    dma.c
   5:Core/Src/dma.c ****   * @brief   This file provides code for the configuration
   6:Core/Src/dma.c ****   *          of all the requested memory to memory DMA transfers.
   7:Core/Src/dma.c ****   ******************************************************************************
   8:Core/Src/dma.c ****   * @attention
   9:Core/Src/dma.c ****   *
  10:Core/Src/dma.c ****   * Copyright (c) 2024 STMicroelectronics.
  11:Core/Src/dma.c ****   * All rights reserved.
  12:Core/Src/dma.c ****   *
  13:Core/Src/dma.c ****   * This software is licensed under terms that can be found in the LICENSE file
  14:Core/Src/dma.c ****   * in the root directory of this software component.
  15:Core/Src/dma.c ****   * If no LICENSE file comes with this software, it is provided AS-IS.
  16:Core/Src/dma.c ****   *
  17:Core/Src/dma.c ****   ******************************************************************************
  18:Core/Src/dma.c ****   */
  19:Core/Src/dma.c **** /* USER CODE END Header */
  20:Core/Src/dma.c **** 
  21:Core/Src/dma.c **** /* Includes ------------------------------------------------------------------*/
  22:Core/Src/dma.c **** #include "dma.h"
  23:Core/Src/dma.c **** 
  24:Core/Src/dma.c **** /* USER CODE BEGIN 0 */
  25:Core/Src/dma.c **** 
  26:Core/Src/dma.c **** /* USER CODE END 0 */
  27:Core/Src/dma.c **** 
  28:Core/Src/dma.c **** /*----------------------------------------------------------------------------*/
  29:Core/Src/dma.c **** /* Configure DMA                                                              */
  30:Core/Src/dma.c **** /*----------------------------------------------------------------------------*/
ARM GAS  C:\Users\HYDROG~1\AppData\Local\Temp\cc4cmnwK.s 			page 2


  31:Core/Src/dma.c **** 
  32:Core/Src/dma.c **** /* USER CODE BEGIN 1 */
  33:Core/Src/dma.c **** 
  34:Core/Src/dma.c **** /* USER CODE END 1 */
  35:Core/Src/dma.c **** 
  36:Core/Src/dma.c **** /**
  37:Core/Src/dma.c ****   * Enable DMA controller clock
  38:Core/Src/dma.c ****   */
  39:Core/Src/dma.c **** void MX_DMA_Init(void)
  40:Core/Src/dma.c **** {
  29              		.loc 1 40 1 view -0
  30              		.cfi_startproc
  31              		@ args = 0, pretend = 0, frame = 16
  32              		@ frame_needed = 0, uses_anonymous_args = 0
  33              		@ link register save eliminated.
  34 0000 84B0     		sub	sp, sp, #16
  35              	.LCFI0:
  36              		.cfi_def_cfa_offset 16
  41:Core/Src/dma.c **** 
  42:Core/Src/dma.c ****   /* DMA controller clock enable */
  43:Core/Src/dma.c ****   __HAL_RCC_DMAMUX1_CLK_ENABLE();
  37              		.loc 1 43 3 view .LVU1
  38              	.LBB2:
  39              		.loc 1 43 3 view .LVU2
  40              		.loc 1 43 3 view .LVU3
  41 0002 0F4B     		ldr	r3, .L3
  42 0004 9A6C     		ldr	r2, [r3, #72]
  43 0006 42F00402 		orr	r2, r2, #4
  44 000a 9A64     		str	r2, [r3, #72]
  45              		.loc 1 43 3 view .LVU4
  46 000c 9A6C     		ldr	r2, [r3, #72]
  47 000e 02F00402 		and	r2, r2, #4
  48 0012 0192     		str	r2, [sp, #4]
  49              		.loc 1 43 3 view .LVU5
  50 0014 019A     		ldr	r2, [sp, #4]
  51              	.LBE2:
  52              		.loc 1 43 3 view .LVU6
  44:Core/Src/dma.c ****   __HAL_RCC_DMA1_CLK_ENABLE();
  53              		.loc 1 44 3 view .LVU7
  54              	.LBB3:
  55              		.loc 1 44 3 view .LVU8
  56              		.loc 1 44 3 view .LVU9
  57 0016 9A6C     		ldr	r2, [r3, #72]
  58 0018 42F00102 		orr	r2, r2, #1
  59 001c 9A64     		str	r2, [r3, #72]
  60              		.loc 1 44 3 view .LVU10
  61 001e 9A6C     		ldr	r2, [r3, #72]
  62 0020 02F00102 		and	r2, r2, #1
  63 0024 0292     		str	r2, [sp, #8]
  64              		.loc 1 44 3 view .LVU11
  65 0026 029A     		ldr	r2, [sp, #8]
  66              	.LBE3:
  67              		.loc 1 44 3 view .LVU12
  45:Core/Src/dma.c ****   __HAL_RCC_DMA2_CLK_ENABLE();
  68              		.loc 1 45 3 view .LVU13
  69              	.LBB4:
  70              		.loc 1 45 3 view .LVU14
ARM GAS  C:\Users\HYDROG~1\AppData\Local\Temp\cc4cmnwK.s 			page 3


  71              		.loc 1 45 3 view .LVU15
  72 0028 9A6C     		ldr	r2, [r3, #72]
  73 002a 42F00202 		orr	r2, r2, #2
  74 002e 9A64     		str	r2, [r3, #72]
  75              		.loc 1 45 3 view .LVU16
  76 0030 9B6C     		ldr	r3, [r3, #72]
  77 0032 03F00203 		and	r3, r3, #2
  78 0036 0393     		str	r3, [sp, #12]
  79              		.loc 1 45 3 view .LVU17
  80 0038 039B     		ldr	r3, [sp, #12]
  81              	.LBE4:
  82              		.loc 1 45 3 view .LVU18
  46:Core/Src/dma.c **** 
  47:Core/Src/dma.c **** }
  83              		.loc 1 47 1 is_stmt 0 view .LVU19
  84 003a 04B0     		add	sp, sp, #16
  85              	.LCFI1:
  86              		.cfi_def_cfa_offset 0
  87              		@ sp needed
  88 003c 7047     		bx	lr
  89              	.L4:
  90 003e 00BF     		.align	2
  91              	.L3:
  92 0040 00100240 		.word	1073876992
  93              		.cfi_endproc
  94              	.LFE329:
  96              		.text
  97              	.Letext0:
  98              		.file 2 "c:\\program files (x86)\\gnu arm embedded toolchain\\10 2021.10\\arm-none-eabi\\include\\
  99              		.file 3 "c:\\program files (x86)\\gnu arm embedded toolchain\\10 2021.10\\arm-none-eabi\\include\\
 100              		.file 4 "Drivers/CMSIS/Device/ST/STM32G4xx/Include/stm32g473xx.h"
ARM GAS  C:\Users\HYDROG~1\AppData\Local\Temp\cc4cmnwK.s 			page 4


DEFINED SYMBOLS
                            *ABS*:00000000 dma.c
C:\Users\HYDROG~1\AppData\Local\Temp\cc4cmnwK.s:20     .text.MX_DMA_Init:00000000 $t
C:\Users\HYDROG~1\AppData\Local\Temp\cc4cmnwK.s:26     .text.MX_DMA_Init:00000000 MX_DMA_Init
C:\Users\HYDROG~1\AppData\Local\Temp\cc4cmnwK.s:92     .text.MX_DMA_Init:00000040 $d

NO UNDEFINED SYMBOLS
