ARM GAS  C:\Users\HYDROG~1\AppData\Local\Temp\ccSmOX5M.s 			page 1


   1              		.cpu cortex-m4
   2              		.arch armv7e-m
   3              		.fpu fpv4-sp-d16
   4              		.eabi_attribute 27, 1
   5              		.eabi_attribute 28, 1
   6              		.eabi_attribute 20, 1
   7              		.eabi_attribute 21, 1
   8              		.eabi_attribute 23, 3
   9              		.eabi_attribute 24, 1
  10              		.eabi_attribute 25, 1
  11              		.eabi_attribute 26, 1
  12              		.eabi_attribute 30, 1
  13              		.eabi_attribute 34, 1
  14              		.eabi_attribute 18, 4
  15              		.file	"fdcan.c"
  16              		.text
  17              	.Ltext0:
  18              		.cfi_sections	.debug_frame
  19              		.section	.text.MX_FDCAN1_Init,"ax",%progbits
  20              		.align	1
  21              		.global	MX_FDCAN1_Init
  22              		.syntax unified
  23              		.thumb
  24              		.thumb_func
  26              	MX_FDCAN1_Init:
  27              	.LFB329:
  28              		.file 1 "Core/Src/fdcan.c"
   1:Core/Src/fdcan.c **** /* USER CODE BEGIN Header */
   2:Core/Src/fdcan.c **** /**
   3:Core/Src/fdcan.c ****   ******************************************************************************
   4:Core/Src/fdcan.c ****   * @file    fdcan.c
   5:Core/Src/fdcan.c ****   * @brief   This file provides code for the configuration
   6:Core/Src/fdcan.c ****   *          of the FDCAN instances.
   7:Core/Src/fdcan.c ****   ******************************************************************************
   8:Core/Src/fdcan.c ****   * @attention
   9:Core/Src/fdcan.c ****   *
  10:Core/Src/fdcan.c ****   * Copyright (c) 2024 STMicroelectronics.
  11:Core/Src/fdcan.c ****   * All rights reserved.
  12:Core/Src/fdcan.c ****   *
  13:Core/Src/fdcan.c ****   * This software is licensed under terms that can be found in the LICENSE file
  14:Core/Src/fdcan.c ****   * in the root directory of this software component.
  15:Core/Src/fdcan.c ****   * If no LICENSE file comes with this software, it is provided AS-IS.
  16:Core/Src/fdcan.c ****   *
  17:Core/Src/fdcan.c ****   ******************************************************************************
  18:Core/Src/fdcan.c ****   */
  19:Core/Src/fdcan.c **** /* USER CODE END Header */
  20:Core/Src/fdcan.c **** /* Includes ------------------------------------------------------------------*/
  21:Core/Src/fdcan.c **** #include "fdcan.h"
  22:Core/Src/fdcan.c **** 
  23:Core/Src/fdcan.c **** /* USER CODE BEGIN 0 */
  24:Core/Src/fdcan.c **** FDCAN_TxHeaderTypeDef TxHeader;
  25:Core/Src/fdcan.c **** FDCAN_FilterTypeDef FDCAN1_RXFilter;
  26:Core/Src/fdcan.c **** 
  27:Core/Src/fdcan.c **** /* USER CODE END 0 */
  28:Core/Src/fdcan.c **** 
  29:Core/Src/fdcan.c **** FDCAN_HandleTypeDef hfdcan1;
  30:Core/Src/fdcan.c **** 
ARM GAS  C:\Users\HYDROG~1\AppData\Local\Temp\ccSmOX5M.s 			page 2


  31:Core/Src/fdcan.c **** /* FDCAN1 init function */
  32:Core/Src/fdcan.c **** void MX_FDCAN1_Init(void)
  33:Core/Src/fdcan.c **** {
  29              		.loc 1 33 1 view -0
  30              		.cfi_startproc
  31              		@ args = 0, pretend = 0, frame = 0
  32              		@ frame_needed = 0, uses_anonymous_args = 0
  33 0000 08B5     		push	{r3, lr}
  34              	.LCFI0:
  35              		.cfi_def_cfa_offset 8
  36              		.cfi_offset 3, -8
  37              		.cfi_offset 14, -4
  34:Core/Src/fdcan.c **** 
  35:Core/Src/fdcan.c ****   /* USER CODE BEGIN FDCAN1_Init 0 */
  36:Core/Src/fdcan.c **** 
  37:Core/Src/fdcan.c ****   /* USER CODE END FDCAN1_Init 0 */
  38:Core/Src/fdcan.c **** 
  39:Core/Src/fdcan.c ****   /* USER CODE BEGIN FDCAN1_Init 1 */
  40:Core/Src/fdcan.c **** 
  41:Core/Src/fdcan.c ****   /* USER CODE END FDCAN1_Init 1 */
  42:Core/Src/fdcan.c ****   hfdcan1.Instance = FDCAN1;
  38              		.loc 1 42 3 view .LVU1
  39              		.loc 1 42 20 is_stmt 0 view .LVU2
  40 0002 0F48     		ldr	r0, .L5
  41 0004 0F4B     		ldr	r3, .L5+4
  42 0006 0360     		str	r3, [r0]
  43:Core/Src/fdcan.c ****   hfdcan1.Init.ClockDivider = FDCAN_CLOCK_DIV1;
  43              		.loc 1 43 3 is_stmt 1 view .LVU3
  44              		.loc 1 43 29 is_stmt 0 view .LVU4
  45 0008 0023     		movs	r3, #0
  46 000a 4360     		str	r3, [r0, #4]
  44:Core/Src/fdcan.c ****   hfdcan1.Init.FrameFormat = FDCAN_FRAME_CLASSIC;
  47              		.loc 1 44 3 is_stmt 1 view .LVU5
  48              		.loc 1 44 28 is_stmt 0 view .LVU6
  49 000c 8360     		str	r3, [r0, #8]
  45:Core/Src/fdcan.c ****   hfdcan1.Init.Mode = FDCAN_MODE_NORMAL;
  50              		.loc 1 45 3 is_stmt 1 view .LVU7
  51              		.loc 1 45 21 is_stmt 0 view .LVU8
  52 000e C360     		str	r3, [r0, #12]
  46:Core/Src/fdcan.c ****   hfdcan1.Init.AutoRetransmission = DISABLE;
  53              		.loc 1 46 3 is_stmt 1 view .LVU9
  54              		.loc 1 46 35 is_stmt 0 view .LVU10
  55 0010 0374     		strb	r3, [r0, #16]
  47:Core/Src/fdcan.c ****   hfdcan1.Init.TransmitPause = DISABLE;
  56              		.loc 1 47 3 is_stmt 1 view .LVU11
  57              		.loc 1 47 30 is_stmt 0 view .LVU12
  58 0012 4374     		strb	r3, [r0, #17]
  48:Core/Src/fdcan.c ****   hfdcan1.Init.ProtocolException = DISABLE;
  59              		.loc 1 48 3 is_stmt 1 view .LVU13
  60              		.loc 1 48 34 is_stmt 0 view .LVU14
  61 0014 8374     		strb	r3, [r0, #18]
  49:Core/Src/fdcan.c ****   hfdcan1.Init.NominalPrescaler = 10;
  62              		.loc 1 49 3 is_stmt 1 view .LVU15
  63              		.loc 1 49 33 is_stmt 0 view .LVU16
  64 0016 0A22     		movs	r2, #10
  65 0018 4261     		str	r2, [r0, #20]
  50:Core/Src/fdcan.c ****   hfdcan1.Init.NominalSyncJumpWidth = 1;
ARM GAS  C:\Users\HYDROG~1\AppData\Local\Temp\ccSmOX5M.s 			page 3


  66              		.loc 1 50 3 is_stmt 1 view .LVU17
  67              		.loc 1 50 37 is_stmt 0 view .LVU18
  68 001a 0122     		movs	r2, #1
  69 001c 8261     		str	r2, [r0, #24]
  51:Core/Src/fdcan.c ****   hfdcan1.Init.NominalTimeSeg1 = 7;
  70              		.loc 1 51 3 is_stmt 1 view .LVU19
  71              		.loc 1 51 32 is_stmt 0 view .LVU20
  72 001e 0721     		movs	r1, #7
  73 0020 C161     		str	r1, [r0, #28]
  52:Core/Src/fdcan.c ****   hfdcan1.Init.NominalTimeSeg2 = 7;
  74              		.loc 1 52 3 is_stmt 1 view .LVU21
  75              		.loc 1 52 32 is_stmt 0 view .LVU22
  76 0022 0162     		str	r1, [r0, #32]
  53:Core/Src/fdcan.c ****   hfdcan1.Init.DataPrescaler = 1;
  77              		.loc 1 53 3 is_stmt 1 view .LVU23
  78              		.loc 1 53 30 is_stmt 0 view .LVU24
  79 0024 4262     		str	r2, [r0, #36]
  54:Core/Src/fdcan.c ****   hfdcan1.Init.DataSyncJumpWidth = 1;
  80              		.loc 1 54 3 is_stmt 1 view .LVU25
  81              		.loc 1 54 34 is_stmt 0 view .LVU26
  82 0026 8262     		str	r2, [r0, #40]
  55:Core/Src/fdcan.c ****   hfdcan1.Init.DataTimeSeg1 = 1;
  83              		.loc 1 55 3 is_stmt 1 view .LVU27
  84              		.loc 1 55 29 is_stmt 0 view .LVU28
  85 0028 C262     		str	r2, [r0, #44]
  56:Core/Src/fdcan.c ****   hfdcan1.Init.DataTimeSeg2 = 1;
  86              		.loc 1 56 3 is_stmt 1 view .LVU29
  87              		.loc 1 56 29 is_stmt 0 view .LVU30
  88 002a 0263     		str	r2, [r0, #48]
  57:Core/Src/fdcan.c ****   hfdcan1.Init.StdFiltersNbr = 0;
  89              		.loc 1 57 3 is_stmt 1 view .LVU31
  90              		.loc 1 57 30 is_stmt 0 view .LVU32
  91 002c 4363     		str	r3, [r0, #52]
  58:Core/Src/fdcan.c ****   hfdcan1.Init.ExtFiltersNbr = 0;
  92              		.loc 1 58 3 is_stmt 1 view .LVU33
  93              		.loc 1 58 30 is_stmt 0 view .LVU34
  94 002e 8363     		str	r3, [r0, #56]
  59:Core/Src/fdcan.c ****   hfdcan1.Init.TxFifoQueueMode = FDCAN_TX_FIFO_OPERATION;
  95              		.loc 1 59 3 is_stmt 1 view .LVU35
  96              		.loc 1 59 32 is_stmt 0 view .LVU36
  97 0030 C363     		str	r3, [r0, #60]
  60:Core/Src/fdcan.c ****   if (HAL_FDCAN_Init(&hfdcan1) != HAL_OK)
  98              		.loc 1 60 3 is_stmt 1 view .LVU37
  99              		.loc 1 60 7 is_stmt 0 view .LVU38
 100 0032 FFF7FEFF 		bl	HAL_FDCAN_Init
 101              	.LVL0:
 102              		.loc 1 60 6 view .LVU39
 103 0036 00B9     		cbnz	r0, .L4
 104              	.L1:
  61:Core/Src/fdcan.c ****   {
  62:Core/Src/fdcan.c ****     Error_Handler();
  63:Core/Src/fdcan.c ****   }
  64:Core/Src/fdcan.c ****   /* USER CODE BEGIN FDCAN1_Init 2 */
  65:Core/Src/fdcan.c **** 
  66:Core/Src/fdcan.c ****   /* USER CODE END FDCAN1_Init 2 */
  67:Core/Src/fdcan.c **** 
  68:Core/Src/fdcan.c **** }
ARM GAS  C:\Users\HYDROG~1\AppData\Local\Temp\ccSmOX5M.s 			page 4


 105              		.loc 1 68 1 view .LVU40
 106 0038 08BD     		pop	{r3, pc}
 107              	.L4:
  62:Core/Src/fdcan.c ****   }
 108              		.loc 1 62 5 is_stmt 1 view .LVU41
 109 003a FFF7FEFF 		bl	Error_Handler
 110              	.LVL1:
 111              		.loc 1 68 1 is_stmt 0 view .LVU42
 112 003e FBE7     		b	.L1
 113              	.L6:
 114              		.align	2
 115              	.L5:
 116 0040 00000000 		.word	.LANCHOR0
 117 0044 00640040 		.word	1073767424
 118              		.cfi_endproc
 119              	.LFE329:
 121              		.section	.text.HAL_FDCAN_MspInit,"ax",%progbits
 122              		.align	1
 123              		.global	HAL_FDCAN_MspInit
 124              		.syntax unified
 125              		.thumb
 126              		.thumb_func
 128              	HAL_FDCAN_MspInit:
 129              	.LVL2:
 130              	.LFB330:
  69:Core/Src/fdcan.c **** 
  70:Core/Src/fdcan.c **** void HAL_FDCAN_MspInit(FDCAN_HandleTypeDef* fdcanHandle)
  71:Core/Src/fdcan.c **** {
 131              		.loc 1 71 1 is_stmt 1 view -0
 132              		.cfi_startproc
 133              		@ args = 0, pretend = 0, frame = 112
 134              		@ frame_needed = 0, uses_anonymous_args = 0
 135              		.loc 1 71 1 is_stmt 0 view .LVU44
 136 0000 10B5     		push	{r4, lr}
 137              	.LCFI1:
 138              		.cfi_def_cfa_offset 8
 139              		.cfi_offset 4, -8
 140              		.cfi_offset 14, -4
 141 0002 9CB0     		sub	sp, sp, #112
 142              	.LCFI2:
 143              		.cfi_def_cfa_offset 120
 144 0004 0446     		mov	r4, r0
  72:Core/Src/fdcan.c **** 
  73:Core/Src/fdcan.c ****   GPIO_InitTypeDef GPIO_InitStruct = {0};
 145              		.loc 1 73 3 is_stmt 1 view .LVU45
 146              		.loc 1 73 20 is_stmt 0 view .LVU46
 147 0006 0021     		movs	r1, #0
 148 0008 1791     		str	r1, [sp, #92]
 149 000a 1891     		str	r1, [sp, #96]
 150 000c 1991     		str	r1, [sp, #100]
 151 000e 1A91     		str	r1, [sp, #104]
 152 0010 1B91     		str	r1, [sp, #108]
  74:Core/Src/fdcan.c ****   RCC_PeriphCLKInitTypeDef PeriphClkInit = {0};
 153              		.loc 1 74 3 is_stmt 1 view .LVU47
 154              		.loc 1 74 28 is_stmt 0 view .LVU48
 155 0012 5422     		movs	r2, #84
 156 0014 02A8     		add	r0, sp, #8
ARM GAS  C:\Users\HYDROG~1\AppData\Local\Temp\ccSmOX5M.s 			page 5


 157              	.LVL3:
 158              		.loc 1 74 28 view .LVU49
 159 0016 FFF7FEFF 		bl	memset
 160              	.LVL4:
  75:Core/Src/fdcan.c ****   if(fdcanHandle->Instance==FDCAN1)
 161              		.loc 1 75 3 is_stmt 1 view .LVU50
 162              		.loc 1 75 17 is_stmt 0 view .LVU51
 163 001a 2268     		ldr	r2, [r4]
 164              		.loc 1 75 5 view .LVU52
 165 001c 1E4B     		ldr	r3, .L13
 166 001e 9A42     		cmp	r2, r3
 167 0020 01D0     		beq	.L11
 168              	.LVL5:
 169              	.L7:
  76:Core/Src/fdcan.c ****   {
  77:Core/Src/fdcan.c ****   /* USER CODE BEGIN FDCAN1_MspInit 0 */
  78:Core/Src/fdcan.c **** 
  79:Core/Src/fdcan.c ****   /* USER CODE END FDCAN1_MspInit 0 */
  80:Core/Src/fdcan.c **** 
  81:Core/Src/fdcan.c ****   /** Initializes the peripherals clocks
  82:Core/Src/fdcan.c ****   */
  83:Core/Src/fdcan.c ****     PeriphClkInit.PeriphClockSelection = RCC_PERIPHCLK_FDCAN;
  84:Core/Src/fdcan.c ****     PeriphClkInit.FdcanClockSelection = RCC_FDCANCLKSOURCE_PCLK1;
  85:Core/Src/fdcan.c ****     if (HAL_RCCEx_PeriphCLKConfig(&PeriphClkInit) != HAL_OK)
  86:Core/Src/fdcan.c ****     {
  87:Core/Src/fdcan.c ****       Error_Handler();
  88:Core/Src/fdcan.c ****     }
  89:Core/Src/fdcan.c **** 
  90:Core/Src/fdcan.c ****     /* FDCAN1 clock enable */
  91:Core/Src/fdcan.c ****     __HAL_RCC_FDCAN_CLK_ENABLE();
  92:Core/Src/fdcan.c **** 
  93:Core/Src/fdcan.c ****     __HAL_RCC_GPIOA_CLK_ENABLE();
  94:Core/Src/fdcan.c ****     /**FDCAN1 GPIO Configuration
  95:Core/Src/fdcan.c ****     PA11     ------> FDCAN1_RX
  96:Core/Src/fdcan.c ****     PA12     ------> FDCAN1_TX
  97:Core/Src/fdcan.c ****     */
  98:Core/Src/fdcan.c ****     GPIO_InitStruct.Pin = GPIO_PIN_11|GPIO_PIN_12;
  99:Core/Src/fdcan.c ****     GPIO_InitStruct.Mode = GPIO_MODE_AF_PP;
 100:Core/Src/fdcan.c ****     GPIO_InitStruct.Pull = GPIO_NOPULL;
 101:Core/Src/fdcan.c ****     GPIO_InitStruct.Speed = GPIO_SPEED_FREQ_LOW;
 102:Core/Src/fdcan.c ****     GPIO_InitStruct.Alternate = GPIO_AF9_FDCAN1;
 103:Core/Src/fdcan.c ****     HAL_GPIO_Init(GPIOA, &GPIO_InitStruct);
 104:Core/Src/fdcan.c **** 
 105:Core/Src/fdcan.c ****     /* FDCAN1 interrupt Init */
 106:Core/Src/fdcan.c ****     HAL_NVIC_SetPriority(FDCAN1_IT0_IRQn, 0, 0);
 107:Core/Src/fdcan.c ****     HAL_NVIC_EnableIRQ(FDCAN1_IT0_IRQn);
 108:Core/Src/fdcan.c ****   /* USER CODE BEGIN FDCAN1_MspInit 1 */
 109:Core/Src/fdcan.c **** 
 110:Core/Src/fdcan.c ****   /* USER CODE END FDCAN1_MspInit 1 */
 111:Core/Src/fdcan.c ****   }
 112:Core/Src/fdcan.c **** }
 170              		.loc 1 112 1 view .LVU53
 171 0022 1CB0     		add	sp, sp, #112
 172              	.LCFI3:
 173              		.cfi_remember_state
 174              		.cfi_def_cfa_offset 8
 175              		@ sp needed
ARM GAS  C:\Users\HYDROG~1\AppData\Local\Temp\ccSmOX5M.s 			page 6


 176 0024 10BD     		pop	{r4, pc}
 177              	.LVL6:
 178              	.L11:
 179              	.LCFI4:
 180              		.cfi_restore_state
  83:Core/Src/fdcan.c ****     PeriphClkInit.FdcanClockSelection = RCC_FDCANCLKSOURCE_PCLK1;
 181              		.loc 1 83 5 is_stmt 1 view .LVU54
  83:Core/Src/fdcan.c ****     PeriphClkInit.FdcanClockSelection = RCC_FDCANCLKSOURCE_PCLK1;
 182              		.loc 1 83 40 is_stmt 0 view .LVU55
 183 0026 4FF48053 		mov	r3, #4096
 184 002a 0293     		str	r3, [sp, #8]
  84:Core/Src/fdcan.c ****     if (HAL_RCCEx_PeriphCLKConfig(&PeriphClkInit) != HAL_OK)
 185              		.loc 1 84 5 is_stmt 1 view .LVU56
  84:Core/Src/fdcan.c ****     if (HAL_RCCEx_PeriphCLKConfig(&PeriphClkInit) != HAL_OK)
 186              		.loc 1 84 39 is_stmt 0 view .LVU57
 187 002c 4FF00073 		mov	r3, #33554432
 188 0030 1093     		str	r3, [sp, #64]
  85:Core/Src/fdcan.c ****     {
 189              		.loc 1 85 5 is_stmt 1 view .LVU58
  85:Core/Src/fdcan.c ****     {
 190              		.loc 1 85 9 is_stmt 0 view .LVU59
 191 0032 02A8     		add	r0, sp, #8
 192 0034 FFF7FEFF 		bl	HAL_RCCEx_PeriphCLKConfig
 193              	.LVL7:
  85:Core/Src/fdcan.c ****     {
 194              		.loc 1 85 8 view .LVU60
 195 0038 50BB     		cbnz	r0, .L12
 196              	.L9:
  91:Core/Src/fdcan.c **** 
 197              		.loc 1 91 5 is_stmt 1 view .LVU61
 198              	.LBB2:
  91:Core/Src/fdcan.c **** 
 199              		.loc 1 91 5 view .LVU62
  91:Core/Src/fdcan.c **** 
 200              		.loc 1 91 5 view .LVU63
 201 003a 184B     		ldr	r3, .L13+4
 202 003c 9A6D     		ldr	r2, [r3, #88]
 203 003e 42F00072 		orr	r2, r2, #33554432
 204 0042 9A65     		str	r2, [r3, #88]
  91:Core/Src/fdcan.c **** 
 205              		.loc 1 91 5 view .LVU64
 206 0044 9A6D     		ldr	r2, [r3, #88]
 207 0046 02F00072 		and	r2, r2, #33554432
 208 004a 0092     		str	r2, [sp]
  91:Core/Src/fdcan.c **** 
 209              		.loc 1 91 5 view .LVU65
 210 004c 009A     		ldr	r2, [sp]
 211              	.LBE2:
  91:Core/Src/fdcan.c **** 
 212              		.loc 1 91 5 view .LVU66
  93:Core/Src/fdcan.c ****     /**FDCAN1 GPIO Configuration
 213              		.loc 1 93 5 view .LVU67
 214              	.LBB3:
  93:Core/Src/fdcan.c ****     /**FDCAN1 GPIO Configuration
 215              		.loc 1 93 5 view .LVU68
  93:Core/Src/fdcan.c ****     /**FDCAN1 GPIO Configuration
 216              		.loc 1 93 5 view .LVU69
ARM GAS  C:\Users\HYDROG~1\AppData\Local\Temp\ccSmOX5M.s 			page 7


 217 004e DA6C     		ldr	r2, [r3, #76]
 218 0050 42F00102 		orr	r2, r2, #1
 219 0054 DA64     		str	r2, [r3, #76]
  93:Core/Src/fdcan.c ****     /**FDCAN1 GPIO Configuration
 220              		.loc 1 93 5 view .LVU70
 221 0056 DB6C     		ldr	r3, [r3, #76]
 222 0058 03F00103 		and	r3, r3, #1
 223 005c 0193     		str	r3, [sp, #4]
  93:Core/Src/fdcan.c ****     /**FDCAN1 GPIO Configuration
 224              		.loc 1 93 5 view .LVU71
 225 005e 019B     		ldr	r3, [sp, #4]
 226              	.LBE3:
  93:Core/Src/fdcan.c ****     /**FDCAN1 GPIO Configuration
 227              		.loc 1 93 5 view .LVU72
  98:Core/Src/fdcan.c ****     GPIO_InitStruct.Mode = GPIO_MODE_AF_PP;
 228              		.loc 1 98 5 view .LVU73
  98:Core/Src/fdcan.c ****     GPIO_InitStruct.Mode = GPIO_MODE_AF_PP;
 229              		.loc 1 98 25 is_stmt 0 view .LVU74
 230 0060 4FF4C053 		mov	r3, #6144
 231 0064 1793     		str	r3, [sp, #92]
  99:Core/Src/fdcan.c ****     GPIO_InitStruct.Pull = GPIO_NOPULL;
 232              		.loc 1 99 5 is_stmt 1 view .LVU75
  99:Core/Src/fdcan.c ****     GPIO_InitStruct.Pull = GPIO_NOPULL;
 233              		.loc 1 99 26 is_stmt 0 view .LVU76
 234 0066 0223     		movs	r3, #2
 235 0068 1893     		str	r3, [sp, #96]
 100:Core/Src/fdcan.c ****     GPIO_InitStruct.Speed = GPIO_SPEED_FREQ_LOW;
 236              		.loc 1 100 5 is_stmt 1 view .LVU77
 100:Core/Src/fdcan.c ****     GPIO_InitStruct.Speed = GPIO_SPEED_FREQ_LOW;
 237              		.loc 1 100 26 is_stmt 0 view .LVU78
 238 006a 0024     		movs	r4, #0
 239              	.LVL8:
 100:Core/Src/fdcan.c ****     GPIO_InitStruct.Speed = GPIO_SPEED_FREQ_LOW;
 240              		.loc 1 100 26 view .LVU79
 241 006c 1994     		str	r4, [sp, #100]
 101:Core/Src/fdcan.c ****     GPIO_InitStruct.Alternate = GPIO_AF9_FDCAN1;
 242              		.loc 1 101 5 is_stmt 1 view .LVU80
 101:Core/Src/fdcan.c ****     GPIO_InitStruct.Alternate = GPIO_AF9_FDCAN1;
 243              		.loc 1 101 27 is_stmt 0 view .LVU81
 244 006e 1A94     		str	r4, [sp, #104]
 102:Core/Src/fdcan.c ****     HAL_GPIO_Init(GPIOA, &GPIO_InitStruct);
 245              		.loc 1 102 5 is_stmt 1 view .LVU82
 102:Core/Src/fdcan.c ****     HAL_GPIO_Init(GPIOA, &GPIO_InitStruct);
 246              		.loc 1 102 31 is_stmt 0 view .LVU83
 247 0070 0923     		movs	r3, #9
 248 0072 1B93     		str	r3, [sp, #108]
 103:Core/Src/fdcan.c **** 
 249              		.loc 1 103 5 is_stmt 1 view .LVU84
 250 0074 17A9     		add	r1, sp, #92
 251 0076 4FF09040 		mov	r0, #1207959552
 252 007a FFF7FEFF 		bl	HAL_GPIO_Init
 253              	.LVL9:
 106:Core/Src/fdcan.c ****     HAL_NVIC_EnableIRQ(FDCAN1_IT0_IRQn);
 254              		.loc 1 106 5 view .LVU85
 255 007e 2246     		mov	r2, r4
 256 0080 2146     		mov	r1, r4
 257 0082 1520     		movs	r0, #21
ARM GAS  C:\Users\HYDROG~1\AppData\Local\Temp\ccSmOX5M.s 			page 8


 258 0084 FFF7FEFF 		bl	HAL_NVIC_SetPriority
 259              	.LVL10:
 107:Core/Src/fdcan.c ****   /* USER CODE BEGIN FDCAN1_MspInit 1 */
 260              		.loc 1 107 5 view .LVU86
 261 0088 1520     		movs	r0, #21
 262 008a FFF7FEFF 		bl	HAL_NVIC_EnableIRQ
 263              	.LVL11:
 264              		.loc 1 112 1 is_stmt 0 view .LVU87
 265 008e C8E7     		b	.L7
 266              	.LVL12:
 267              	.L12:
  87:Core/Src/fdcan.c ****     }
 268              		.loc 1 87 7 is_stmt 1 view .LVU88
 269 0090 FFF7FEFF 		bl	Error_Handler
 270              	.LVL13:
 271 0094 D1E7     		b	.L9
 272              	.L14:
 273 0096 00BF     		.align	2
 274              	.L13:
 275 0098 00640040 		.word	1073767424
 276 009c 00100240 		.word	1073876992
 277              		.cfi_endproc
 278              	.LFE330:
 280              		.section	.text.HAL_FDCAN_MspDeInit,"ax",%progbits
 281              		.align	1
 282              		.global	HAL_FDCAN_MspDeInit
 283              		.syntax unified
 284              		.thumb
 285              		.thumb_func
 287              	HAL_FDCAN_MspDeInit:
 288              	.LVL14:
 289              	.LFB331:
 113:Core/Src/fdcan.c **** 
 114:Core/Src/fdcan.c **** void HAL_FDCAN_MspDeInit(FDCAN_HandleTypeDef* fdcanHandle)
 115:Core/Src/fdcan.c **** {
 290              		.loc 1 115 1 view -0
 291              		.cfi_startproc
 292              		@ args = 0, pretend = 0, frame = 0
 293              		@ frame_needed = 0, uses_anonymous_args = 0
 294              		.loc 1 115 1 is_stmt 0 view .LVU90
 295 0000 08B5     		push	{r3, lr}
 296              	.LCFI5:
 297              		.cfi_def_cfa_offset 8
 298              		.cfi_offset 3, -8
 299              		.cfi_offset 14, -4
 116:Core/Src/fdcan.c **** 
 117:Core/Src/fdcan.c ****   if(fdcanHandle->Instance==FDCAN1)
 300              		.loc 1 117 3 is_stmt 1 view .LVU91
 301              		.loc 1 117 17 is_stmt 0 view .LVU92
 302 0002 0268     		ldr	r2, [r0]
 303              		.loc 1 117 5 view .LVU93
 304 0004 094B     		ldr	r3, .L19
 305 0006 9A42     		cmp	r2, r3
 306 0008 00D0     		beq	.L18
 307              	.LVL15:
 308              	.L15:
 118:Core/Src/fdcan.c ****   {
ARM GAS  C:\Users\HYDROG~1\AppData\Local\Temp\ccSmOX5M.s 			page 9


 119:Core/Src/fdcan.c ****   /* USER CODE BEGIN FDCAN1_MspDeInit 0 */
 120:Core/Src/fdcan.c **** 
 121:Core/Src/fdcan.c ****   /* USER CODE END FDCAN1_MspDeInit 0 */
 122:Core/Src/fdcan.c ****     /* Peripheral clock disable */
 123:Core/Src/fdcan.c ****     __HAL_RCC_FDCAN_CLK_DISABLE();
 124:Core/Src/fdcan.c **** 
 125:Core/Src/fdcan.c ****     /**FDCAN1 GPIO Configuration
 126:Core/Src/fdcan.c ****     PA11     ------> FDCAN1_RX
 127:Core/Src/fdcan.c ****     PA12     ------> FDCAN1_TX
 128:Core/Src/fdcan.c ****     */
 129:Core/Src/fdcan.c ****     HAL_GPIO_DeInit(GPIOA, GPIO_PIN_11|GPIO_PIN_12);
 130:Core/Src/fdcan.c **** 
 131:Core/Src/fdcan.c ****     /* FDCAN1 interrupt Deinit */
 132:Core/Src/fdcan.c ****     HAL_NVIC_DisableIRQ(FDCAN1_IT0_IRQn);
 133:Core/Src/fdcan.c ****   /* USER CODE BEGIN FDCAN1_MspDeInit 1 */
 134:Core/Src/fdcan.c **** 
 135:Core/Src/fdcan.c ****   /* USER CODE END FDCAN1_MspDeInit 1 */
 136:Core/Src/fdcan.c ****   }
 137:Core/Src/fdcan.c **** }
 309              		.loc 1 137 1 view .LVU94
 310 000a 08BD     		pop	{r3, pc}
 311              	.LVL16:
 312              	.L18:
 123:Core/Src/fdcan.c **** 
 313              		.loc 1 123 5 is_stmt 1 view .LVU95
 314 000c 084A     		ldr	r2, .L19+4
 315 000e 936D     		ldr	r3, [r2, #88]
 316 0010 23F00073 		bic	r3, r3, #33554432
 317 0014 9365     		str	r3, [r2, #88]
 129:Core/Src/fdcan.c **** 
 318              		.loc 1 129 5 view .LVU96
 319 0016 4FF4C051 		mov	r1, #6144
 320 001a 4FF09040 		mov	r0, #1207959552
 321              	.LVL17:
 129:Core/Src/fdcan.c **** 
 322              		.loc 1 129 5 is_stmt 0 view .LVU97
 323 001e FFF7FEFF 		bl	HAL_GPIO_DeInit
 324              	.LVL18:
 132:Core/Src/fdcan.c ****   /* USER CODE BEGIN FDCAN1_MspDeInit 1 */
 325              		.loc 1 132 5 is_stmt 1 view .LVU98
 326 0022 1520     		movs	r0, #21
 327 0024 FFF7FEFF 		bl	HAL_NVIC_DisableIRQ
 328              	.LVL19:
 329              		.loc 1 137 1 is_stmt 0 view .LVU99
 330 0028 EFE7     		b	.L15
 331              	.L20:
 332 002a 00BF     		.align	2
 333              	.L19:
 334 002c 00640040 		.word	1073767424
 335 0030 00100240 		.word	1073876992
 336              		.cfi_endproc
 337              	.LFE331:
 339              		.global	hfdcan1
 340              		.global	FDCAN1_RXFilter
 341              		.global	TxHeader
 342              		.section	.bss.FDCAN1_RXFilter,"aw",%nobits
 343              		.align	2
ARM GAS  C:\Users\HYDROG~1\AppData\Local\Temp\ccSmOX5M.s 			page 10


 346              	FDCAN1_RXFilter:
 347 0000 00000000 		.space	24
 347      00000000 
 347      00000000 
 347      00000000 
 347      00000000 
 348              		.section	.bss.TxHeader,"aw",%nobits
 349              		.align	2
 352              	TxHeader:
 353 0000 00000000 		.space	36
 353      00000000 
 353      00000000 
 353      00000000 
 353      00000000 
 354              		.section	.bss.hfdcan1,"aw",%nobits
 355              		.align	2
 356              		.set	.LANCHOR0,. + 0
 359              	hfdcan1:
 360 0000 00000000 		.space	100
 360      00000000 
 360      00000000 
 360      00000000 
 360      00000000 
 361              		.text
 362              	.Letext0:
 363              		.file 2 "c:\\program files (x86)\\gnu arm embedded toolchain\\10 2021.10\\arm-none-eabi\\include\\
 364              		.file 3 "c:\\program files (x86)\\gnu arm embedded toolchain\\10 2021.10\\arm-none-eabi\\include\\
 365              		.file 4 "Drivers/CMSIS/Device/ST/STM32G4xx/Include/stm32g473xx.h"
 366              		.file 5 "Drivers/CMSIS/Device/ST/STM32G4xx/Include/stm32g4xx.h"
 367              		.file 6 "Drivers/STM32G4xx_HAL_Driver/Inc/stm32g4xx_hal_def.h"
 368              		.file 7 "Drivers/STM32G4xx_HAL_Driver/Inc/stm32g4xx_hal_rcc_ex.h"
 369              		.file 8 "Drivers/STM32G4xx_HAL_Driver/Inc/stm32g4xx_hal_gpio.h"
 370              		.file 9 "Drivers/STM32G4xx_HAL_Driver/Inc/stm32g4xx_hal_fdcan.h"
 371              		.file 10 "Core/Inc/fdcan.h"
 372              		.file 11 "Drivers/STM32G4xx_HAL_Driver/Inc/stm32g4xx_hal_cortex.h"
 373              		.file 12 "Core/Inc/main.h"
 374              		.file 13 "<built-in>"
ARM GAS  C:\Users\HYDROG~1\AppData\Local\Temp\ccSmOX5M.s 			page 11


DEFINED SYMBOLS
                            *ABS*:00000000 fdcan.c
C:\Users\HYDROG~1\AppData\Local\Temp\ccSmOX5M.s:20     .text.MX_FDCAN1_Init:00000000 $t
C:\Users\HYDROG~1\AppData\Local\Temp\ccSmOX5M.s:26     .text.MX_FDCAN1_Init:00000000 MX_FDCAN1_Init
C:\Users\HYDROG~1\AppData\Local\Temp\ccSmOX5M.s:116    .text.MX_FDCAN1_Init:00000040 $d
C:\Users\HYDROG~1\AppData\Local\Temp\ccSmOX5M.s:122    .text.HAL_FDCAN_MspInit:00000000 $t
C:\Users\HYDROG~1\AppData\Local\Temp\ccSmOX5M.s:128    .text.HAL_FDCAN_MspInit:00000000 HAL_FDCAN_MspInit
C:\Users\HYDROG~1\AppData\Local\Temp\ccSmOX5M.s:275    .text.HAL_FDCAN_MspInit:00000098 $d
C:\Users\HYDROG~1\AppData\Local\Temp\ccSmOX5M.s:281    .text.HAL_FDCAN_MspDeInit:00000000 $t
C:\Users\HYDROG~1\AppData\Local\Temp\ccSmOX5M.s:287    .text.HAL_FDCAN_MspDeInit:00000000 HAL_FDCAN_MspDeInit
C:\Users\HYDROG~1\AppData\Local\Temp\ccSmOX5M.s:334    .text.HAL_FDCAN_MspDeInit:0000002c $d
C:\Users\HYDROG~1\AppData\Local\Temp\ccSmOX5M.s:359    .bss.hfdcan1:00000000 hfdcan1
C:\Users\HYDROG~1\AppData\Local\Temp\ccSmOX5M.s:346    .bss.FDCAN1_RXFilter:00000000 FDCAN1_RXFilter
C:\Users\HYDROG~1\AppData\Local\Temp\ccSmOX5M.s:352    .bss.TxHeader:00000000 TxHeader
C:\Users\HYDROG~1\AppData\Local\Temp\ccSmOX5M.s:343    .bss.FDCAN1_RXFilter:00000000 $d
C:\Users\HYDROG~1\AppData\Local\Temp\ccSmOX5M.s:349    .bss.TxHeader:00000000 $d
C:\Users\HYDROG~1\AppData\Local\Temp\ccSmOX5M.s:355    .bss.hfdcan1:00000000 $d

UNDEFINED SYMBOLS
HAL_FDCAN_Init
Error_Handler
memset
HAL_RCCEx_PeriphCLKConfig
HAL_GPIO_Init
HAL_NVIC_SetPriority
HAL_NVIC_EnableIRQ
HAL_GPIO_DeInit
HAL_NVIC_DisableIRQ
