ARM GAS  C:\Users\HYDROG~1\AppData\Local\Temp\ccWQAjoC.s 			page 1


   1              		.cpu cortex-m4
   2              		.arch armv7e-m
   3              		.fpu fpv4-sp-d16
   4              		.eabi_attribute 27, 1
   5              		.eabi_attribute 28, 1
   6              		.eabi_attribute 20, 1
   7              		.eabi_attribute 21, 1
   8              		.eabi_attribute 23, 3
   9              		.eabi_attribute 24, 1
  10              		.eabi_attribute 25, 1
  11              		.eabi_attribute 26, 1
  12              		.eabi_attribute 30, 1
  13              		.eabi_attribute 34, 1
  14              		.eabi_attribute 18, 4
  15              		.file	"gpio.c"
  16              		.text
  17              	.Ltext0:
  18              		.cfi_sections	.debug_frame
  19              		.section	.text.MX_GPIO_Init,"ax",%progbits
  20              		.align	1
  21              		.global	MX_GPIO_Init
  22              		.syntax unified
  23              		.thumb
  24              		.thumb_func
  26              	MX_GPIO_Init:
  27              	.LFB329:
  28              		.file 1 "Core/Src/gpio.c"
   1:Core/Src/gpio.c **** /* USER CODE BEGIN Header */
   2:Core/Src/gpio.c **** /**
   3:Core/Src/gpio.c ****   ******************************************************************************
   4:Core/Src/gpio.c ****   * @file    gpio.c
   5:Core/Src/gpio.c ****   * @brief   This file provides code for the configuration
   6:Core/Src/gpio.c ****   *          of all used GPIO pins.
   7:Core/Src/gpio.c ****   ******************************************************************************
   8:Core/Src/gpio.c ****   * @attention
   9:Core/Src/gpio.c ****   *
  10:Core/Src/gpio.c ****   * Copyright (c) 2024 STMicroelectronics.
  11:Core/Src/gpio.c ****   * All rights reserved.
  12:Core/Src/gpio.c ****   *
  13:Core/Src/gpio.c ****   * This software is licensed under terms that can be found in the LICENSE file
  14:Core/Src/gpio.c ****   * in the root directory of this software component.
  15:Core/Src/gpio.c ****   * If no LICENSE file comes with this software, it is provided AS-IS.
  16:Core/Src/gpio.c ****   *
  17:Core/Src/gpio.c ****   ******************************************************************************
  18:Core/Src/gpio.c ****   */
  19:Core/Src/gpio.c **** /* USER CODE END Header */
  20:Core/Src/gpio.c **** 
  21:Core/Src/gpio.c **** /* Includes ------------------------------------------------------------------*/
  22:Core/Src/gpio.c **** #include "gpio.h"
  23:Core/Src/gpio.c **** 
  24:Core/Src/gpio.c **** /* USER CODE BEGIN 0 */
  25:Core/Src/gpio.c **** 
  26:Core/Src/gpio.c **** /* USER CODE END 0 */
  27:Core/Src/gpio.c **** 
  28:Core/Src/gpio.c **** /*----------------------------------------------------------------------------*/
  29:Core/Src/gpio.c **** /* Configure GPIO                                                             */
  30:Core/Src/gpio.c **** /*----------------------------------------------------------------------------*/
ARM GAS  C:\Users\HYDROG~1\AppData\Local\Temp\ccWQAjoC.s 			page 2


  31:Core/Src/gpio.c **** /* USER CODE BEGIN 1 */
  32:Core/Src/gpio.c **** 
  33:Core/Src/gpio.c **** /* USER CODE END 1 */
  34:Core/Src/gpio.c **** 
  35:Core/Src/gpio.c **** /** Configure pins as
  36:Core/Src/gpio.c ****         * Analog
  37:Core/Src/gpio.c ****         * Input
  38:Core/Src/gpio.c ****         * Output
  39:Core/Src/gpio.c ****         * EVENT_OUT
  40:Core/Src/gpio.c ****         * EXTI
  41:Core/Src/gpio.c **** */
  42:Core/Src/gpio.c **** void MX_GPIO_Init(void)
  43:Core/Src/gpio.c **** {
  29              		.loc 1 43 1 view -0
  30              		.cfi_startproc
  31              		@ args = 0, pretend = 0, frame = 48
  32              		@ frame_needed = 0, uses_anonymous_args = 0
  33 0000 F0B5     		push	{r4, r5, r6, r7, lr}
  34              	.LCFI0:
  35              		.cfi_def_cfa_offset 20
  36              		.cfi_offset 4, -20
  37              		.cfi_offset 5, -16
  38              		.cfi_offset 6, -12
  39              		.cfi_offset 7, -8
  40              		.cfi_offset 14, -4
  41 0002 8DB0     		sub	sp, sp, #52
  42              	.LCFI1:
  43              		.cfi_def_cfa_offset 72
  44:Core/Src/gpio.c **** 
  45:Core/Src/gpio.c ****   GPIO_InitTypeDef GPIO_InitStruct = {0};
  44              		.loc 1 45 3 view .LVU1
  45              		.loc 1 45 20 is_stmt 0 view .LVU2
  46 0004 0024     		movs	r4, #0
  47 0006 0794     		str	r4, [sp, #28]
  48 0008 0894     		str	r4, [sp, #32]
  49 000a 0994     		str	r4, [sp, #36]
  50 000c 0A94     		str	r4, [sp, #40]
  51 000e 0B94     		str	r4, [sp, #44]
  46:Core/Src/gpio.c **** 
  47:Core/Src/gpio.c ****   /* GPIO Ports Clock Enable */
  48:Core/Src/gpio.c ****   __HAL_RCC_GPIOE_CLK_ENABLE();
  52              		.loc 1 48 3 is_stmt 1 view .LVU3
  53              	.LBB2:
  54              		.loc 1 48 3 view .LVU4
  55              		.loc 1 48 3 view .LVU5
  56 0010 2C4B     		ldr	r3, .L3
  57 0012 DA6C     		ldr	r2, [r3, #76]
  58 0014 42F01002 		orr	r2, r2, #16
  59 0018 DA64     		str	r2, [r3, #76]
  60              		.loc 1 48 3 view .LVU6
  61 001a DA6C     		ldr	r2, [r3, #76]
  62 001c 02F01002 		and	r2, r2, #16
  63 0020 0192     		str	r2, [sp, #4]
  64              		.loc 1 48 3 view .LVU7
  65 0022 019A     		ldr	r2, [sp, #4]
  66              	.LBE2:
  67              		.loc 1 48 3 view .LVU8
ARM GAS  C:\Users\HYDROG~1\AppData\Local\Temp\ccWQAjoC.s 			page 3


  49:Core/Src/gpio.c ****   __HAL_RCC_GPIOC_CLK_ENABLE();
  68              		.loc 1 49 3 view .LVU9
  69              	.LBB3:
  70              		.loc 1 49 3 view .LVU10
  71              		.loc 1 49 3 view .LVU11
  72 0024 DA6C     		ldr	r2, [r3, #76]
  73 0026 42F00402 		orr	r2, r2, #4
  74 002a DA64     		str	r2, [r3, #76]
  75              		.loc 1 49 3 view .LVU12
  76 002c DA6C     		ldr	r2, [r3, #76]
  77 002e 02F00402 		and	r2, r2, #4
  78 0032 0292     		str	r2, [sp, #8]
  79              		.loc 1 49 3 view .LVU13
  80 0034 029A     		ldr	r2, [sp, #8]
  81              	.LBE3:
  82              		.loc 1 49 3 view .LVU14
  50:Core/Src/gpio.c ****   __HAL_RCC_GPIOF_CLK_ENABLE();
  83              		.loc 1 50 3 view .LVU15
  84              	.LBB4:
  85              		.loc 1 50 3 view .LVU16
  86              		.loc 1 50 3 view .LVU17
  87 0036 DA6C     		ldr	r2, [r3, #76]
  88 0038 42F02002 		orr	r2, r2, #32
  89 003c DA64     		str	r2, [r3, #76]
  90              		.loc 1 50 3 view .LVU18
  91 003e DA6C     		ldr	r2, [r3, #76]
  92 0040 02F02002 		and	r2, r2, #32
  93 0044 0392     		str	r2, [sp, #12]
  94              		.loc 1 50 3 view .LVU19
  95 0046 039A     		ldr	r2, [sp, #12]
  96              	.LBE4:
  97              		.loc 1 50 3 view .LVU20
  51:Core/Src/gpio.c ****   __HAL_RCC_GPIOA_CLK_ENABLE();
  98              		.loc 1 51 3 view .LVU21
  99              	.LBB5:
 100              		.loc 1 51 3 view .LVU22
 101              		.loc 1 51 3 view .LVU23
 102 0048 DA6C     		ldr	r2, [r3, #76]
 103 004a 42F00102 		orr	r2, r2, #1
 104 004e DA64     		str	r2, [r3, #76]
 105              		.loc 1 51 3 view .LVU24
 106 0050 DA6C     		ldr	r2, [r3, #76]
 107 0052 02F00102 		and	r2, r2, #1
 108 0056 0492     		str	r2, [sp, #16]
 109              		.loc 1 51 3 view .LVU25
 110 0058 049A     		ldr	r2, [sp, #16]
 111              	.LBE5:
 112              		.loc 1 51 3 view .LVU26
  52:Core/Src/gpio.c ****   __HAL_RCC_GPIOB_CLK_ENABLE();
 113              		.loc 1 52 3 view .LVU27
 114              	.LBB6:
 115              		.loc 1 52 3 view .LVU28
 116              		.loc 1 52 3 view .LVU29
 117 005a DA6C     		ldr	r2, [r3, #76]
 118 005c 42F00202 		orr	r2, r2, #2
 119 0060 DA64     		str	r2, [r3, #76]
 120              		.loc 1 52 3 view .LVU30
ARM GAS  C:\Users\HYDROG~1\AppData\Local\Temp\ccWQAjoC.s 			page 4


 121 0062 DA6C     		ldr	r2, [r3, #76]
 122 0064 02F00202 		and	r2, r2, #2
 123 0068 0592     		str	r2, [sp, #20]
 124              		.loc 1 52 3 view .LVU31
 125 006a 059A     		ldr	r2, [sp, #20]
 126              	.LBE6:
 127              		.loc 1 52 3 view .LVU32
  53:Core/Src/gpio.c ****   __HAL_RCC_GPIOD_CLK_ENABLE();
 128              		.loc 1 53 3 view .LVU33
 129              	.LBB7:
 130              		.loc 1 53 3 view .LVU34
 131              		.loc 1 53 3 view .LVU35
 132 006c DA6C     		ldr	r2, [r3, #76]
 133 006e 42F00802 		orr	r2, r2, #8
 134 0072 DA64     		str	r2, [r3, #76]
 135              		.loc 1 53 3 view .LVU36
 136 0074 DB6C     		ldr	r3, [r3, #76]
 137 0076 03F00803 		and	r3, r3, #8
 138 007a 0693     		str	r3, [sp, #24]
 139              		.loc 1 53 3 view .LVU37
 140 007c 069B     		ldr	r3, [sp, #24]
 141              	.LBE7:
 142              		.loc 1 53 3 view .LVU38
  54:Core/Src/gpio.c **** 
  55:Core/Src/gpio.c ****   /*Configure GPIO pin Output Level */
  56:Core/Src/gpio.c ****   HAL_GPIO_WritePin(GPIOE, GPIO_PIN_3, GPIO_PIN_RESET);
 143              		.loc 1 56 3 view .LVU39
 144 007e 124F     		ldr	r7, .L3+4
 145 0080 2246     		mov	r2, r4
 146 0082 0821     		movs	r1, #8
 147 0084 3846     		mov	r0, r7
 148 0086 FFF7FEFF 		bl	HAL_GPIO_WritePin
 149              	.LVL0:
  57:Core/Src/gpio.c **** 
  58:Core/Src/gpio.c ****   /*Configure GPIO pin Output Level */
  59:Core/Src/gpio.c ****   HAL_GPIO_WritePin(GPIOB, GPIO_PIN_14|GPIO_PIN_15, GPIO_PIN_RESET);
 150              		.loc 1 59 3 view .LVU40
 151 008a 104D     		ldr	r5, .L3+8
 152 008c 2246     		mov	r2, r4
 153 008e 4FF44041 		mov	r1, #49152
 154 0092 2846     		mov	r0, r5
 155 0094 FFF7FEFF 		bl	HAL_GPIO_WritePin
 156              	.LVL1:
  60:Core/Src/gpio.c **** 
  61:Core/Src/gpio.c ****   /*Configure GPIO pin : PE3 */
  62:Core/Src/gpio.c ****   GPIO_InitStruct.Pin = GPIO_PIN_3;
 157              		.loc 1 62 3 view .LVU41
 158              		.loc 1 62 23 is_stmt 0 view .LVU42
 159 0098 0823     		movs	r3, #8
 160 009a 0793     		str	r3, [sp, #28]
  63:Core/Src/gpio.c ****   GPIO_InitStruct.Mode = GPIO_MODE_OUTPUT_PP;
 161              		.loc 1 63 3 is_stmt 1 view .LVU43
 162              		.loc 1 63 24 is_stmt 0 view .LVU44
 163 009c 0126     		movs	r6, #1
 164 009e 0896     		str	r6, [sp, #32]
  64:Core/Src/gpio.c ****   GPIO_InitStruct.Pull = GPIO_NOPULL;
 165              		.loc 1 64 3 is_stmt 1 view .LVU45
ARM GAS  C:\Users\HYDROG~1\AppData\Local\Temp\ccWQAjoC.s 			page 5


 166              		.loc 1 64 24 is_stmt 0 view .LVU46
 167 00a0 0994     		str	r4, [sp, #36]
  65:Core/Src/gpio.c ****   GPIO_InitStruct.Speed = GPIO_SPEED_FREQ_LOW;
 168              		.loc 1 65 3 is_stmt 1 view .LVU47
 169              		.loc 1 65 25 is_stmt 0 view .LVU48
 170 00a2 0A94     		str	r4, [sp, #40]
  66:Core/Src/gpio.c ****   HAL_GPIO_Init(GPIOE, &GPIO_InitStruct);
 171              		.loc 1 66 3 is_stmt 1 view .LVU49
 172 00a4 07A9     		add	r1, sp, #28
 173 00a6 3846     		mov	r0, r7
 174 00a8 FFF7FEFF 		bl	HAL_GPIO_Init
 175              	.LVL2:
  67:Core/Src/gpio.c **** 
  68:Core/Src/gpio.c ****   /*Configure GPIO pins : PB14 PB15 */
  69:Core/Src/gpio.c ****   GPIO_InitStruct.Pin = GPIO_PIN_14|GPIO_PIN_15;
 176              		.loc 1 69 3 view .LVU50
 177              		.loc 1 69 23 is_stmt 0 view .LVU51
 178 00ac 4FF44043 		mov	r3, #49152
 179 00b0 0793     		str	r3, [sp, #28]
  70:Core/Src/gpio.c ****   GPIO_InitStruct.Mode = GPIO_MODE_OUTPUT_PP;
 180              		.loc 1 70 3 is_stmt 1 view .LVU52
 181              		.loc 1 70 24 is_stmt 0 view .LVU53
 182 00b2 0896     		str	r6, [sp, #32]
  71:Core/Src/gpio.c ****   GPIO_InitStruct.Pull = GPIO_NOPULL;
 183              		.loc 1 71 3 is_stmt 1 view .LVU54
 184              		.loc 1 71 24 is_stmt 0 view .LVU55
 185 00b4 0994     		str	r4, [sp, #36]
  72:Core/Src/gpio.c ****   GPIO_InitStruct.Speed = GPIO_SPEED_FREQ_LOW;
 186              		.loc 1 72 3 is_stmt 1 view .LVU56
 187              		.loc 1 72 25 is_stmt 0 view .LVU57
 188 00b6 0A94     		str	r4, [sp, #40]
  73:Core/Src/gpio.c ****   HAL_GPIO_Init(GPIOB, &GPIO_InitStruct);
 189              		.loc 1 73 3 is_stmt 1 view .LVU58
 190 00b8 07A9     		add	r1, sp, #28
 191 00ba 2846     		mov	r0, r5
 192 00bc FFF7FEFF 		bl	HAL_GPIO_Init
 193              	.LVL3:
  74:Core/Src/gpio.c **** 
  75:Core/Src/gpio.c **** }
 194              		.loc 1 75 1 is_stmt 0 view .LVU59
 195 00c0 0DB0     		add	sp, sp, #52
 196              	.LCFI2:
 197              		.cfi_def_cfa_offset 20
 198              		@ sp needed
 199 00c2 F0BD     		pop	{r4, r5, r6, r7, pc}
 200              	.L4:
 201              		.align	2
 202              	.L3:
 203 00c4 00100240 		.word	1073876992
 204 00c8 00100048 		.word	1207963648
 205 00cc 00040048 		.word	1207960576
 206              		.cfi_endproc
 207              	.LFE329:
 209              		.text
 210              	.Letext0:
 211              		.file 2 "c:\\program files (x86)\\gnu arm embedded toolchain\\10 2021.10\\arm-none-eabi\\include\\
 212              		.file 3 "c:\\program files (x86)\\gnu arm embedded toolchain\\10 2021.10\\arm-none-eabi\\include\\
ARM GAS  C:\Users\HYDROG~1\AppData\Local\Temp\ccWQAjoC.s 			page 6


 213              		.file 4 "Drivers/CMSIS/Device/ST/STM32G4xx/Include/stm32g473xx.h"
 214              		.file 5 "Drivers/STM32G4xx_HAL_Driver/Inc/stm32g4xx_hal_gpio.h"
ARM GAS  C:\Users\HYDROG~1\AppData\Local\Temp\ccWQAjoC.s 			page 7


DEFINED SYMBOLS
                            *ABS*:00000000 gpio.c
C:\Users\HYDROG~1\AppData\Local\Temp\ccWQAjoC.s:20     .text.MX_GPIO_Init:00000000 $t
C:\Users\HYDROG~1\AppData\Local\Temp\ccWQAjoC.s:26     .text.MX_GPIO_Init:00000000 MX_GPIO_Init
C:\Users\HYDROG~1\AppData\Local\Temp\ccWQAjoC.s:203    .text.MX_GPIO_Init:000000c4 $d

UNDEFINED SYMBOLS
HAL_GPIO_WritePin
HAL_GPIO_Init
