ARM GAS  C:\Users\purdu\AppData\Local\Temp\ccjFGQMY.s 			page 1


   1              		.cpu cortex-m4
   2              		.arch armv7e-m
   3              		.fpu fpv4-sp-d16
   4              		.eabi_attribute 27, 1
   5              		.eabi_attribute 28, 1
   6              		.eabi_attribute 20, 1
   7              		.eabi_attribute 21, 1
   8              		.eabi_attribute 23, 3
   9              		.eabi_attribute 24, 1
  10              		.eabi_attribute 25, 1
  11              		.eabi_attribute 26, 1
  12              		.eabi_attribute 30, 1
  13              		.eabi_attribute 34, 1
  14              		.eabi_attribute 18, 4
  15              		.file	"usart.c"
  16              		.text
  17              	.Ltext0:
  18              		.cfi_sections	.debug_frame
  19              		.file 1 "Core/Src/usart.c"
  20              		.section	.text.MX_USART1_UART_Init,"ax",%progbits
  21              		.align	1
  22              		.global	MX_USART1_UART_Init
  23              		.syntax unified
  24              		.thumb
  25              		.thumb_func
  27              	MX_USART1_UART_Init:
  28              	.LFB329:
   1:Core/Src/usart.c **** /* USER CODE BEGIN Header */
   2:Core/Src/usart.c **** /**
   3:Core/Src/usart.c ****   ******************************************************************************
   4:Core/Src/usart.c ****   * @file    usart.c
   5:Core/Src/usart.c ****   * @brief   This file provides code for the configuration
   6:Core/Src/usart.c ****   *          of the USART instances.
   7:Core/Src/usart.c ****   ******************************************************************************
   8:Core/Src/usart.c ****   * @attention
   9:Core/Src/usart.c ****   *
  10:Core/Src/usart.c ****   * Copyright (c) 2024 STMicroelectronics.
  11:Core/Src/usart.c ****   * All rights reserved.
  12:Core/Src/usart.c ****   *
  13:Core/Src/usart.c ****   * This software is licensed under terms that can be found in the LICENSE file
  14:Core/Src/usart.c ****   * in the root directory of this software component.
  15:Core/Src/usart.c ****   * If no LICENSE file comes with this software, it is provided AS-IS.
  16:Core/Src/usart.c ****   *
  17:Core/Src/usart.c ****   ******************************************************************************
  18:Core/Src/usart.c ****   */
  19:Core/Src/usart.c **** /* USER CODE END Header */
  20:Core/Src/usart.c **** /* Includes ------------------------------------------------------------------*/
  21:Core/Src/usart.c **** #include "usart.h"
  22:Core/Src/usart.c **** 
  23:Core/Src/usart.c **** /* USER CODE BEGIN 0 */
  24:Core/Src/usart.c **** 
  25:Core/Src/usart.c **** /* USER CODE END 0 */
  26:Core/Src/usart.c **** 
  27:Core/Src/usart.c **** UART_HandleTypeDef huart1;
  28:Core/Src/usart.c **** UART_HandleTypeDef huart2;
  29:Core/Src/usart.c **** UART_HandleTypeDef huart3;
  30:Core/Src/usart.c **** 
ARM GAS  C:\Users\purdu\AppData\Local\Temp\ccjFGQMY.s 			page 2


  31:Core/Src/usart.c **** /* USART1 init function */
  32:Core/Src/usart.c **** 
  33:Core/Src/usart.c **** void MX_USART1_UART_Init(void)
  34:Core/Src/usart.c **** {
  29              		.loc 1 34 1 view -0
  30              		.cfi_startproc
  31              		@ args = 0, pretend = 0, frame = 0
  32              		@ frame_needed = 0, uses_anonymous_args = 0
  33 0000 08B5     		push	{r3, lr}
  34              	.LCFI0:
  35              		.cfi_def_cfa_offset 8
  36              		.cfi_offset 3, -8
  37              		.cfi_offset 14, -4
  35:Core/Src/usart.c **** 
  36:Core/Src/usart.c ****   /* USER CODE BEGIN USART1_Init 0 */
  37:Core/Src/usart.c **** 
  38:Core/Src/usart.c ****   /* USER CODE END USART1_Init 0 */
  39:Core/Src/usart.c **** 
  40:Core/Src/usart.c ****   /* USER CODE BEGIN USART1_Init 1 */
  41:Core/Src/usart.c **** 
  42:Core/Src/usart.c ****   /* USER CODE END USART1_Init 1 */
  43:Core/Src/usart.c ****   huart1.Instance = USART1;
  38              		.loc 1 43 3 view .LVU1
  39              		.loc 1 43 19 is_stmt 0 view .LVU2
  40 0002 1748     		ldr	r0, .L11
  41 0004 174B     		ldr	r3, .L11+4
  42 0006 0360     		str	r3, [r0]
  44:Core/Src/usart.c ****   huart1.Init.BaudRate = 921600;
  43              		.loc 1 44 3 is_stmt 1 view .LVU3
  44              		.loc 1 44 24 is_stmt 0 view .LVU4
  45 0008 4FF46123 		mov	r3, #921600
  46 000c 4360     		str	r3, [r0, #4]
  45:Core/Src/usart.c ****   huart1.Init.WordLength = UART_WORDLENGTH_8B;
  47              		.loc 1 45 3 is_stmt 1 view .LVU5
  48              		.loc 1 45 26 is_stmt 0 view .LVU6
  49 000e 0023     		movs	r3, #0
  50 0010 8360     		str	r3, [r0, #8]
  46:Core/Src/usart.c ****   huart1.Init.StopBits = UART_STOPBITS_1;
  51              		.loc 1 46 3 is_stmt 1 view .LVU7
  52              		.loc 1 46 24 is_stmt 0 view .LVU8
  53 0012 C360     		str	r3, [r0, #12]
  47:Core/Src/usart.c ****   huart1.Init.Parity = UART_PARITY_NONE;
  54              		.loc 1 47 3 is_stmt 1 view .LVU9
  55              		.loc 1 47 22 is_stmt 0 view .LVU10
  56 0014 0361     		str	r3, [r0, #16]
  48:Core/Src/usart.c ****   huart1.Init.Mode = UART_MODE_TX_RX;
  57              		.loc 1 48 3 is_stmt 1 view .LVU11
  58              		.loc 1 48 20 is_stmt 0 view .LVU12
  59 0016 0C22     		movs	r2, #12
  60 0018 4261     		str	r2, [r0, #20]
  49:Core/Src/usart.c ****   huart1.Init.HwFlowCtl = UART_HWCONTROL_NONE;
  61              		.loc 1 49 3 is_stmt 1 view .LVU13
  62              		.loc 1 49 25 is_stmt 0 view .LVU14
  63 001a 8361     		str	r3, [r0, #24]
  50:Core/Src/usart.c ****   huart1.Init.OverSampling = UART_OVERSAMPLING_16;
  64              		.loc 1 50 3 is_stmt 1 view .LVU15
  65              		.loc 1 50 28 is_stmt 0 view .LVU16
ARM GAS  C:\Users\purdu\AppData\Local\Temp\ccjFGQMY.s 			page 3


  66 001c C361     		str	r3, [r0, #28]
  51:Core/Src/usart.c ****   huart1.Init.OneBitSampling = UART_ONE_BIT_SAMPLE_DISABLE;
  67              		.loc 1 51 3 is_stmt 1 view .LVU17
  68              		.loc 1 51 30 is_stmt 0 view .LVU18
  69 001e 0362     		str	r3, [r0, #32]
  52:Core/Src/usart.c ****   huart1.Init.ClockPrescaler = UART_PRESCALER_DIV1;
  70              		.loc 1 52 3 is_stmt 1 view .LVU19
  71              		.loc 1 52 30 is_stmt 0 view .LVU20
  72 0020 4362     		str	r3, [r0, #36]
  53:Core/Src/usart.c ****   huart1.AdvancedInit.AdvFeatureInit = UART_ADVFEATURE_NO_INIT;
  73              		.loc 1 53 3 is_stmt 1 view .LVU21
  74              		.loc 1 53 38 is_stmt 0 view .LVU22
  75 0022 8362     		str	r3, [r0, #40]
  54:Core/Src/usart.c ****   if (HAL_UART_Init(&huart1) != HAL_OK)
  76              		.loc 1 54 3 is_stmt 1 view .LVU23
  77              		.loc 1 54 7 is_stmt 0 view .LVU24
  78 0024 FFF7FEFF 		bl	HAL_UART_Init
  79              	.LVL0:
  80              		.loc 1 54 6 discriminator 1 view .LVU25
  81 0028 70B9     		cbnz	r0, .L7
  82              	.L2:
  55:Core/Src/usart.c ****   {
  56:Core/Src/usart.c ****     Error_Handler();
  57:Core/Src/usart.c ****   }
  58:Core/Src/usart.c ****   if (HAL_UARTEx_SetTxFifoThreshold(&huart1, UART_TXFIFO_THRESHOLD_1_8) != HAL_OK)
  83              		.loc 1 58 3 is_stmt 1 view .LVU26
  84              		.loc 1 58 7 is_stmt 0 view .LVU27
  85 002a 0021     		movs	r1, #0
  86 002c 0C48     		ldr	r0, .L11
  87 002e FFF7FEFF 		bl	HAL_UARTEx_SetTxFifoThreshold
  88              	.LVL1:
  89              		.loc 1 58 6 discriminator 1 view .LVU28
  90 0032 60B9     		cbnz	r0, .L8
  91              	.L3:
  59:Core/Src/usart.c ****   {
  60:Core/Src/usart.c ****     Error_Handler();
  61:Core/Src/usart.c ****   }
  62:Core/Src/usart.c ****   if (HAL_UARTEx_SetRxFifoThreshold(&huart1, UART_RXFIFO_THRESHOLD_1_8) != HAL_OK)
  92              		.loc 1 62 3 is_stmt 1 view .LVU29
  93              		.loc 1 62 7 is_stmt 0 view .LVU30
  94 0034 0021     		movs	r1, #0
  95 0036 0A48     		ldr	r0, .L11
  96 0038 FFF7FEFF 		bl	HAL_UARTEx_SetRxFifoThreshold
  97              	.LVL2:
  98              		.loc 1 62 6 discriminator 1 view .LVU31
  99 003c 50B9     		cbnz	r0, .L9
 100              	.L4:
  63:Core/Src/usart.c ****   {
  64:Core/Src/usart.c ****     Error_Handler();
  65:Core/Src/usart.c ****   }
  66:Core/Src/usart.c ****   if (HAL_UARTEx_DisableFifoMode(&huart1) != HAL_OK)
 101              		.loc 1 66 3 is_stmt 1 view .LVU32
 102              		.loc 1 66 7 is_stmt 0 view .LVU33
 103 003e 0848     		ldr	r0, .L11
 104 0040 FFF7FEFF 		bl	HAL_UARTEx_DisableFifoMode
 105              	.LVL3:
 106              		.loc 1 66 6 discriminator 1 view .LVU34
ARM GAS  C:\Users\purdu\AppData\Local\Temp\ccjFGQMY.s 			page 4


 107 0044 48B9     		cbnz	r0, .L10
 108              	.L1:
  67:Core/Src/usart.c ****   {
  68:Core/Src/usart.c ****     Error_Handler();
  69:Core/Src/usart.c ****   }
  70:Core/Src/usart.c ****   /* USER CODE BEGIN USART1_Init 2 */
  71:Core/Src/usart.c **** 
  72:Core/Src/usart.c ****   /* USER CODE END USART1_Init 2 */
  73:Core/Src/usart.c **** 
  74:Core/Src/usart.c **** }
 109              		.loc 1 74 1 view .LVU35
 110 0046 08BD     		pop	{r3, pc}
 111              	.L7:
  56:Core/Src/usart.c ****   }
 112              		.loc 1 56 5 is_stmt 1 view .LVU36
 113 0048 FFF7FEFF 		bl	Error_Handler
 114              	.LVL4:
 115 004c EDE7     		b	.L2
 116              	.L8:
  60:Core/Src/usart.c ****   }
 117              		.loc 1 60 5 view .LVU37
 118 004e FFF7FEFF 		bl	Error_Handler
 119              	.LVL5:
 120 0052 EFE7     		b	.L3
 121              	.L9:
  64:Core/Src/usart.c ****   }
 122              		.loc 1 64 5 view .LVU38
 123 0054 FFF7FEFF 		bl	Error_Handler
 124              	.LVL6:
 125 0058 F1E7     		b	.L4
 126              	.L10:
  68:Core/Src/usart.c ****   }
 127              		.loc 1 68 5 view .LVU39
 128 005a FFF7FEFF 		bl	Error_Handler
 129              	.LVL7:
 130              		.loc 1 74 1 is_stmt 0 view .LVU40
 131 005e F2E7     		b	.L1
 132              	.L12:
 133              		.align	2
 134              	.L11:
 135 0060 00000000 		.word	huart1
 136 0064 00380140 		.word	1073821696
 137              		.cfi_endproc
 138              	.LFE329:
 140              		.section	.text.MX_USART2_UART_Init,"ax",%progbits
 141              		.align	1
 142              		.global	MX_USART2_UART_Init
 143              		.syntax unified
 144              		.thumb
 145              		.thumb_func
 147              	MX_USART2_UART_Init:
 148              	.LFB330:
  75:Core/Src/usart.c **** /* USART2 init function */
  76:Core/Src/usart.c **** 
  77:Core/Src/usart.c **** void MX_USART2_UART_Init(void)
  78:Core/Src/usart.c **** {
 149              		.loc 1 78 1 is_stmt 1 view -0
ARM GAS  C:\Users\purdu\AppData\Local\Temp\ccjFGQMY.s 			page 5


 150              		.cfi_startproc
 151              		@ args = 0, pretend = 0, frame = 0
 152              		@ frame_needed = 0, uses_anonymous_args = 0
 153 0000 08B5     		push	{r3, lr}
 154              	.LCFI1:
 155              		.cfi_def_cfa_offset 8
 156              		.cfi_offset 3, -8
 157              		.cfi_offset 14, -4
  79:Core/Src/usart.c **** 
  80:Core/Src/usart.c ****   /* USER CODE BEGIN USART2_Init 0 */
  81:Core/Src/usart.c **** 
  82:Core/Src/usart.c ****   /* USER CODE END USART2_Init 0 */
  83:Core/Src/usart.c **** 
  84:Core/Src/usart.c ****   /* USER CODE BEGIN USART2_Init 1 */
  85:Core/Src/usart.c **** 
  86:Core/Src/usart.c ****   /* USER CODE END USART2_Init 1 */
  87:Core/Src/usart.c ****   huart2.Instance = USART2;
 158              		.loc 1 87 3 view .LVU42
 159              		.loc 1 87 19 is_stmt 0 view .LVU43
 160 0002 1748     		ldr	r0, .L23
 161 0004 174B     		ldr	r3, .L23+4
 162 0006 0360     		str	r3, [r0]
  88:Core/Src/usart.c ****   huart2.Init.BaudRate = 921600;
 163              		.loc 1 88 3 is_stmt 1 view .LVU44
 164              		.loc 1 88 24 is_stmt 0 view .LVU45
 165 0008 4FF46123 		mov	r3, #921600
 166 000c 4360     		str	r3, [r0, #4]
  89:Core/Src/usart.c ****   huart2.Init.WordLength = UART_WORDLENGTH_8B;
 167              		.loc 1 89 3 is_stmt 1 view .LVU46
 168              		.loc 1 89 26 is_stmt 0 view .LVU47
 169 000e 0023     		movs	r3, #0
 170 0010 8360     		str	r3, [r0, #8]
  90:Core/Src/usart.c ****   huart2.Init.StopBits = UART_STOPBITS_1;
 171              		.loc 1 90 3 is_stmt 1 view .LVU48
 172              		.loc 1 90 24 is_stmt 0 view .LVU49
 173 0012 C360     		str	r3, [r0, #12]
  91:Core/Src/usart.c ****   huart2.Init.Parity = UART_PARITY_NONE;
 174              		.loc 1 91 3 is_stmt 1 view .LVU50
 175              		.loc 1 91 22 is_stmt 0 view .LVU51
 176 0014 0361     		str	r3, [r0, #16]
  92:Core/Src/usart.c ****   huart2.Init.Mode = UART_MODE_TX_RX;
 177              		.loc 1 92 3 is_stmt 1 view .LVU52
 178              		.loc 1 92 20 is_stmt 0 view .LVU53
 179 0016 0C22     		movs	r2, #12
 180 0018 4261     		str	r2, [r0, #20]
  93:Core/Src/usart.c ****   huart2.Init.HwFlowCtl = UART_HWCONTROL_NONE;
 181              		.loc 1 93 3 is_stmt 1 view .LVU54
 182              		.loc 1 93 25 is_stmt 0 view .LVU55
 183 001a 8361     		str	r3, [r0, #24]
  94:Core/Src/usart.c ****   huart2.Init.OverSampling = UART_OVERSAMPLING_16;
 184              		.loc 1 94 3 is_stmt 1 view .LVU56
 185              		.loc 1 94 28 is_stmt 0 view .LVU57
 186 001c C361     		str	r3, [r0, #28]
  95:Core/Src/usart.c ****   huart2.Init.OneBitSampling = UART_ONE_BIT_SAMPLE_DISABLE;
 187              		.loc 1 95 3 is_stmt 1 view .LVU58
 188              		.loc 1 95 30 is_stmt 0 view .LVU59
 189 001e 0362     		str	r3, [r0, #32]
ARM GAS  C:\Users\purdu\AppData\Local\Temp\ccjFGQMY.s 			page 6


  96:Core/Src/usart.c ****   huart2.Init.ClockPrescaler = UART_PRESCALER_DIV1;
 190              		.loc 1 96 3 is_stmt 1 view .LVU60
 191              		.loc 1 96 30 is_stmt 0 view .LVU61
 192 0020 4362     		str	r3, [r0, #36]
  97:Core/Src/usart.c ****   huart2.AdvancedInit.AdvFeatureInit = UART_ADVFEATURE_NO_INIT;
 193              		.loc 1 97 3 is_stmt 1 view .LVU62
 194              		.loc 1 97 38 is_stmt 0 view .LVU63
 195 0022 8362     		str	r3, [r0, #40]
  98:Core/Src/usart.c ****   if (HAL_UART_Init(&huart2) != HAL_OK)
 196              		.loc 1 98 3 is_stmt 1 view .LVU64
 197              		.loc 1 98 7 is_stmt 0 view .LVU65
 198 0024 FFF7FEFF 		bl	HAL_UART_Init
 199              	.LVL8:
 200              		.loc 1 98 6 discriminator 1 view .LVU66
 201 0028 70B9     		cbnz	r0, .L19
 202              	.L14:
  99:Core/Src/usart.c ****   {
 100:Core/Src/usart.c ****     Error_Handler();
 101:Core/Src/usart.c ****   }
 102:Core/Src/usart.c ****   if (HAL_UARTEx_SetTxFifoThreshold(&huart2, UART_TXFIFO_THRESHOLD_1_8) != HAL_OK)
 203              		.loc 1 102 3 is_stmt 1 view .LVU67
 204              		.loc 1 102 7 is_stmt 0 view .LVU68
 205 002a 0021     		movs	r1, #0
 206 002c 0C48     		ldr	r0, .L23
 207 002e FFF7FEFF 		bl	HAL_UARTEx_SetTxFifoThreshold
 208              	.LVL9:
 209              		.loc 1 102 6 discriminator 1 view .LVU69
 210 0032 60B9     		cbnz	r0, .L20
 211              	.L15:
 103:Core/Src/usart.c ****   {
 104:Core/Src/usart.c ****     Error_Handler();
 105:Core/Src/usart.c ****   }
 106:Core/Src/usart.c ****   if (HAL_UARTEx_SetRxFifoThreshold(&huart2, UART_RXFIFO_THRESHOLD_1_8) != HAL_OK)
 212              		.loc 1 106 3 is_stmt 1 view .LVU70
 213              		.loc 1 106 7 is_stmt 0 view .LVU71
 214 0034 0021     		movs	r1, #0
 215 0036 0A48     		ldr	r0, .L23
 216 0038 FFF7FEFF 		bl	HAL_UARTEx_SetRxFifoThreshold
 217              	.LVL10:
 218              		.loc 1 106 6 discriminator 1 view .LVU72
 219 003c 50B9     		cbnz	r0, .L21
 220              	.L16:
 107:Core/Src/usart.c ****   {
 108:Core/Src/usart.c ****     Error_Handler();
 109:Core/Src/usart.c ****   }
 110:Core/Src/usart.c ****   if (HAL_UARTEx_DisableFifoMode(&huart2) != HAL_OK)
 221              		.loc 1 110 3 is_stmt 1 view .LVU73
 222              		.loc 1 110 7 is_stmt 0 view .LVU74
 223 003e 0848     		ldr	r0, .L23
 224 0040 FFF7FEFF 		bl	HAL_UARTEx_DisableFifoMode
 225              	.LVL11:
 226              		.loc 1 110 6 discriminator 1 view .LVU75
 227 0044 48B9     		cbnz	r0, .L22
 228              	.L13:
 111:Core/Src/usart.c ****   {
 112:Core/Src/usart.c ****     Error_Handler();
 113:Core/Src/usart.c ****   }
ARM GAS  C:\Users\purdu\AppData\Local\Temp\ccjFGQMY.s 			page 7


 114:Core/Src/usart.c ****   /* USER CODE BEGIN USART2_Init 2 */
 115:Core/Src/usart.c **** 
 116:Core/Src/usart.c ****   /* USER CODE END USART2_Init 2 */
 117:Core/Src/usart.c **** 
 118:Core/Src/usart.c **** }
 229              		.loc 1 118 1 view .LVU76
 230 0046 08BD     		pop	{r3, pc}
 231              	.L19:
 100:Core/Src/usart.c ****   }
 232              		.loc 1 100 5 is_stmt 1 view .LVU77
 233 0048 FFF7FEFF 		bl	Error_Handler
 234              	.LVL12:
 235 004c EDE7     		b	.L14
 236              	.L20:
 104:Core/Src/usart.c ****   }
 237              		.loc 1 104 5 view .LVU78
 238 004e FFF7FEFF 		bl	Error_Handler
 239              	.LVL13:
 240 0052 EFE7     		b	.L15
 241              	.L21:
 108:Core/Src/usart.c ****   }
 242              		.loc 1 108 5 view .LVU79
 243 0054 FFF7FEFF 		bl	Error_Handler
 244              	.LVL14:
 245 0058 F1E7     		b	.L16
 246              	.L22:
 112:Core/Src/usart.c ****   }
 247              		.loc 1 112 5 view .LVU80
 248 005a FFF7FEFF 		bl	Error_Handler
 249              	.LVL15:
 250              		.loc 1 118 1 is_stmt 0 view .LVU81
 251 005e F2E7     		b	.L13
 252              	.L24:
 253              		.align	2
 254              	.L23:
 255 0060 00000000 		.word	huart2
 256 0064 00440040 		.word	1073759232
 257              		.cfi_endproc
 258              	.LFE330:
 260              		.section	.text.MX_USART3_UART_Init,"ax",%progbits
 261              		.align	1
 262              		.global	MX_USART3_UART_Init
 263              		.syntax unified
 264              		.thumb
 265              		.thumb_func
 267              	MX_USART3_UART_Init:
 268              	.LFB331:
 119:Core/Src/usart.c **** /* USART3 init function */
 120:Core/Src/usart.c **** 
 121:Core/Src/usart.c **** void MX_USART3_UART_Init(void)
 122:Core/Src/usart.c **** {
 269              		.loc 1 122 1 is_stmt 1 view -0
 270              		.cfi_startproc
 271              		@ args = 0, pretend = 0, frame = 0
 272              		@ frame_needed = 0, uses_anonymous_args = 0
 273 0000 08B5     		push	{r3, lr}
 274              	.LCFI2:
ARM GAS  C:\Users\purdu\AppData\Local\Temp\ccjFGQMY.s 			page 8


 275              		.cfi_def_cfa_offset 8
 276              		.cfi_offset 3, -8
 277              		.cfi_offset 14, -4
 123:Core/Src/usart.c **** 
 124:Core/Src/usart.c ****   /* USER CODE BEGIN USART3_Init 0 */
 125:Core/Src/usart.c **** 
 126:Core/Src/usart.c ****   /* USER CODE END USART3_Init 0 */
 127:Core/Src/usart.c **** 
 128:Core/Src/usart.c ****   /* USER CODE BEGIN USART3_Init 1 */
 129:Core/Src/usart.c **** 
 130:Core/Src/usart.c ****   /* USER CODE END USART3_Init 1 */
 131:Core/Src/usart.c ****   huart3.Instance = USART3;
 278              		.loc 1 131 3 view .LVU83
 279              		.loc 1 131 19 is_stmt 0 view .LVU84
 280 0002 1748     		ldr	r0, .L35
 281 0004 174B     		ldr	r3, .L35+4
 282 0006 0360     		str	r3, [r0]
 132:Core/Src/usart.c ****   huart3.Init.BaudRate = 1152000;
 283              		.loc 1 132 3 is_stmt 1 view .LVU85
 284              		.loc 1 132 24 is_stmt 0 view .LVU86
 285 0008 174B     		ldr	r3, .L35+8
 286 000a 4360     		str	r3, [r0, #4]
 133:Core/Src/usart.c ****   huart3.Init.WordLength = UART_WORDLENGTH_8B;
 287              		.loc 1 133 3 is_stmt 1 view .LVU87
 288              		.loc 1 133 26 is_stmt 0 view .LVU88
 289 000c 0023     		movs	r3, #0
 290 000e 8360     		str	r3, [r0, #8]
 134:Core/Src/usart.c ****   huart3.Init.StopBits = UART_STOPBITS_1;
 291              		.loc 1 134 3 is_stmt 1 view .LVU89
 292              		.loc 1 134 24 is_stmt 0 view .LVU90
 293 0010 C360     		str	r3, [r0, #12]
 135:Core/Src/usart.c ****   huart3.Init.Parity = UART_PARITY_NONE;
 294              		.loc 1 135 3 is_stmt 1 view .LVU91
 295              		.loc 1 135 22 is_stmt 0 view .LVU92
 296 0012 0361     		str	r3, [r0, #16]
 136:Core/Src/usart.c ****   huart3.Init.Mode = UART_MODE_TX_RX;
 297              		.loc 1 136 3 is_stmt 1 view .LVU93
 298              		.loc 1 136 20 is_stmt 0 view .LVU94
 299 0014 0C22     		movs	r2, #12
 300 0016 4261     		str	r2, [r0, #20]
 137:Core/Src/usart.c ****   huart3.Init.HwFlowCtl = UART_HWCONTROL_NONE;
 301              		.loc 1 137 3 is_stmt 1 view .LVU95
 302              		.loc 1 137 25 is_stmt 0 view .LVU96
 303 0018 8361     		str	r3, [r0, #24]
 138:Core/Src/usart.c ****   huart3.Init.OverSampling = UART_OVERSAMPLING_16;
 304              		.loc 1 138 3 is_stmt 1 view .LVU97
 305              		.loc 1 138 28 is_stmt 0 view .LVU98
 306 001a C361     		str	r3, [r0, #28]
 139:Core/Src/usart.c ****   huart3.Init.OneBitSampling = UART_ONE_BIT_SAMPLE_DISABLE;
 307              		.loc 1 139 3 is_stmt 1 view .LVU99
 308              		.loc 1 139 30 is_stmt 0 view .LVU100
 309 001c 0362     		str	r3, [r0, #32]
 140:Core/Src/usart.c ****   huart3.Init.ClockPrescaler = UART_PRESCALER_DIV1;
 310              		.loc 1 140 3 is_stmt 1 view .LVU101
 311              		.loc 1 140 30 is_stmt 0 view .LVU102
 312 001e 4362     		str	r3, [r0, #36]
 141:Core/Src/usart.c ****   huart3.AdvancedInit.AdvFeatureInit = UART_ADVFEATURE_NO_INIT;
ARM GAS  C:\Users\purdu\AppData\Local\Temp\ccjFGQMY.s 			page 9


 313              		.loc 1 141 3 is_stmt 1 view .LVU103
 314              		.loc 1 141 38 is_stmt 0 view .LVU104
 315 0020 8362     		str	r3, [r0, #40]
 142:Core/Src/usart.c ****   if (HAL_UART_Init(&huart3) != HAL_OK)
 316              		.loc 1 142 3 is_stmt 1 view .LVU105
 317              		.loc 1 142 7 is_stmt 0 view .LVU106
 318 0022 FFF7FEFF 		bl	HAL_UART_Init
 319              	.LVL16:
 320              		.loc 1 142 6 discriminator 1 view .LVU107
 321 0026 70B9     		cbnz	r0, .L31
 322              	.L26:
 143:Core/Src/usart.c ****   {
 144:Core/Src/usart.c ****     Error_Handler();
 145:Core/Src/usart.c ****   }
 146:Core/Src/usart.c ****   if (HAL_UARTEx_SetTxFifoThreshold(&huart3, UART_TXFIFO_THRESHOLD_1_8) != HAL_OK)
 323              		.loc 1 146 3 is_stmt 1 view .LVU108
 324              		.loc 1 146 7 is_stmt 0 view .LVU109
 325 0028 0021     		movs	r1, #0
 326 002a 0D48     		ldr	r0, .L35
 327 002c FFF7FEFF 		bl	HAL_UARTEx_SetTxFifoThreshold
 328              	.LVL17:
 329              		.loc 1 146 6 discriminator 1 view .LVU110
 330 0030 60B9     		cbnz	r0, .L32
 331              	.L27:
 147:Core/Src/usart.c ****   {
 148:Core/Src/usart.c ****     Error_Handler();
 149:Core/Src/usart.c ****   }
 150:Core/Src/usart.c ****   if (HAL_UARTEx_SetRxFifoThreshold(&huart3, UART_RXFIFO_THRESHOLD_1_8) != HAL_OK)
 332              		.loc 1 150 3 is_stmt 1 view .LVU111
 333              		.loc 1 150 7 is_stmt 0 view .LVU112
 334 0032 0021     		movs	r1, #0
 335 0034 0A48     		ldr	r0, .L35
 336 0036 FFF7FEFF 		bl	HAL_UARTEx_SetRxFifoThreshold
 337              	.LVL18:
 338              		.loc 1 150 6 discriminator 1 view .LVU113
 339 003a 50B9     		cbnz	r0, .L33
 340              	.L28:
 151:Core/Src/usart.c ****   {
 152:Core/Src/usart.c ****     Error_Handler();
 153:Core/Src/usart.c ****   }
 154:Core/Src/usart.c ****   if (HAL_UARTEx_DisableFifoMode(&huart3) != HAL_OK)
 341              		.loc 1 154 3 is_stmt 1 view .LVU114
 342              		.loc 1 154 7 is_stmt 0 view .LVU115
 343 003c 0848     		ldr	r0, .L35
 344 003e FFF7FEFF 		bl	HAL_UARTEx_DisableFifoMode
 345              	.LVL19:
 346              		.loc 1 154 6 discriminator 1 view .LVU116
 347 0042 48B9     		cbnz	r0, .L34
 348              	.L25:
 155:Core/Src/usart.c ****   {
 156:Core/Src/usart.c ****     Error_Handler();
 157:Core/Src/usart.c ****   }
 158:Core/Src/usart.c ****   /* USER CODE BEGIN USART3_Init 2 */
 159:Core/Src/usart.c **** 
 160:Core/Src/usart.c ****   /* USER CODE END USART3_Init 2 */
 161:Core/Src/usart.c **** 
 162:Core/Src/usart.c **** }
ARM GAS  C:\Users\purdu\AppData\Local\Temp\ccjFGQMY.s 			page 10


 349              		.loc 1 162 1 view .LVU117
 350 0044 08BD     		pop	{r3, pc}
 351              	.L31:
 144:Core/Src/usart.c ****   }
 352              		.loc 1 144 5 is_stmt 1 view .LVU118
 353 0046 FFF7FEFF 		bl	Error_Handler
 354              	.LVL20:
 355 004a EDE7     		b	.L26
 356              	.L32:
 148:Core/Src/usart.c ****   }
 357              		.loc 1 148 5 view .LVU119
 358 004c FFF7FEFF 		bl	Error_Handler
 359              	.LVL21:
 360 0050 EFE7     		b	.L27
 361              	.L33:
 152:Core/Src/usart.c ****   }
 362              		.loc 1 152 5 view .LVU120
 363 0052 FFF7FEFF 		bl	Error_Handler
 364              	.LVL22:
 365 0056 F1E7     		b	.L28
 366              	.L34:
 156:Core/Src/usart.c ****   }
 367              		.loc 1 156 5 view .LVU121
 368 0058 FFF7FEFF 		bl	Error_Handler
 369              	.LVL23:
 370              		.loc 1 162 1 is_stmt 0 view .LVU122
 371 005c F2E7     		b	.L25
 372              	.L36:
 373 005e 00BF     		.align	2
 374              	.L35:
 375 0060 00000000 		.word	huart3
 376 0064 00480040 		.word	1073760256
 377 0068 00941100 		.word	1152000
 378              		.cfi_endproc
 379              	.LFE331:
 381              		.section	.text.HAL_UART_MspInit,"ax",%progbits
 382              		.align	1
 383              		.global	HAL_UART_MspInit
 384              		.syntax unified
 385              		.thumb
 386              		.thumb_func
 388              	HAL_UART_MspInit:
 389              	.LVL24:
 390              	.LFB332:
 163:Core/Src/usart.c **** 
 164:Core/Src/usart.c **** void HAL_UART_MspInit(UART_HandleTypeDef* uartHandle)
 165:Core/Src/usart.c **** {
 391              		.loc 1 165 1 is_stmt 1 view -0
 392              		.cfi_startproc
 393              		@ args = 0, pretend = 0, frame = 128
 394              		@ frame_needed = 0, uses_anonymous_args = 0
 395              		.loc 1 165 1 is_stmt 0 view .LVU124
 396 0000 10B5     		push	{r4, lr}
 397              	.LCFI3:
 398              		.cfi_def_cfa_offset 8
 399              		.cfi_offset 4, -8
 400              		.cfi_offset 14, -4
ARM GAS  C:\Users\purdu\AppData\Local\Temp\ccjFGQMY.s 			page 11


 401 0002 A0B0     		sub	sp, sp, #128
 402              	.LCFI4:
 403              		.cfi_def_cfa_offset 136
 404 0004 0446     		mov	r4, r0
 166:Core/Src/usart.c **** 
 167:Core/Src/usart.c ****   GPIO_InitTypeDef GPIO_InitStruct = {0};
 405              		.loc 1 167 3 is_stmt 1 view .LVU125
 406              		.loc 1 167 20 is_stmt 0 view .LVU126
 407 0006 0021     		movs	r1, #0
 408 0008 1B91     		str	r1, [sp, #108]
 409 000a 1C91     		str	r1, [sp, #112]
 410 000c 1D91     		str	r1, [sp, #116]
 411 000e 1E91     		str	r1, [sp, #120]
 412 0010 1F91     		str	r1, [sp, #124]
 168:Core/Src/usart.c ****   RCC_PeriphCLKInitTypeDef PeriphClkInit = {0};
 413              		.loc 1 168 3 is_stmt 1 view .LVU127
 414              		.loc 1 168 28 is_stmt 0 view .LVU128
 415 0012 5422     		movs	r2, #84
 416 0014 06A8     		add	r0, sp, #24
 417              	.LVL25:
 418              		.loc 1 168 28 view .LVU129
 419 0016 FFF7FEFF 		bl	memset
 420              	.LVL26:
 169:Core/Src/usart.c ****   if(uartHandle->Instance==USART1)
 421              		.loc 1 169 3 is_stmt 1 view .LVU130
 422              		.loc 1 169 16 is_stmt 0 view .LVU131
 423 001a 2368     		ldr	r3, [r4]
 424              		.loc 1 169 5 view .LVU132
 425 001c 454A     		ldr	r2, .L51
 426 001e 9342     		cmp	r3, r2
 427 0020 07D0     		beq	.L45
 170:Core/Src/usart.c ****   {
 171:Core/Src/usart.c ****   /* USER CODE BEGIN USART1_MspInit 0 */
 172:Core/Src/usart.c **** 
 173:Core/Src/usart.c ****   /* USER CODE END USART1_MspInit 0 */
 174:Core/Src/usart.c **** 
 175:Core/Src/usart.c ****   /** Initializes the peripherals clocks
 176:Core/Src/usart.c ****   */
 177:Core/Src/usart.c ****     PeriphClkInit.PeriphClockSelection = RCC_PERIPHCLK_USART1;
 178:Core/Src/usart.c ****     PeriphClkInit.Usart1ClockSelection = RCC_USART1CLKSOURCE_PCLK2;
 179:Core/Src/usart.c ****     if (HAL_RCCEx_PeriphCLKConfig(&PeriphClkInit) != HAL_OK)
 180:Core/Src/usart.c ****     {
 181:Core/Src/usart.c ****       Error_Handler();
 182:Core/Src/usart.c ****     }
 183:Core/Src/usart.c **** 
 184:Core/Src/usart.c ****     /* USART1 clock enable */
 185:Core/Src/usart.c ****     __HAL_RCC_USART1_CLK_ENABLE();
 186:Core/Src/usart.c **** 
 187:Core/Src/usart.c ****     __HAL_RCC_GPIOA_CLK_ENABLE();
 188:Core/Src/usart.c ****     /**USART1 GPIO Configuration
 189:Core/Src/usart.c ****     PA9     ------> USART1_TX
 190:Core/Src/usart.c ****     PA10     ------> USART1_RX
 191:Core/Src/usart.c ****     */
 192:Core/Src/usart.c ****     GPIO_InitStruct.Pin = GPIO_PIN_9|GPIO_PIN_10;
 193:Core/Src/usart.c ****     GPIO_InitStruct.Mode = GPIO_MODE_AF_PP;
 194:Core/Src/usart.c ****     GPIO_InitStruct.Pull = GPIO_NOPULL;
 195:Core/Src/usart.c ****     GPIO_InitStruct.Speed = GPIO_SPEED_FREQ_LOW;
ARM GAS  C:\Users\purdu\AppData\Local\Temp\ccjFGQMY.s 			page 12


 196:Core/Src/usart.c ****     GPIO_InitStruct.Alternate = GPIO_AF7_USART1;
 197:Core/Src/usart.c ****     HAL_GPIO_Init(GPIOA, &GPIO_InitStruct);
 198:Core/Src/usart.c **** 
 199:Core/Src/usart.c ****   /* USER CODE BEGIN USART1_MspInit 1 */
 200:Core/Src/usart.c **** 
 201:Core/Src/usart.c ****   /* USER CODE END USART1_MspInit 1 */
 202:Core/Src/usart.c ****   }
 203:Core/Src/usart.c ****   else if(uartHandle->Instance==USART2)
 428              		.loc 1 203 8 is_stmt 1 view .LVU133
 429              		.loc 1 203 10 is_stmt 0 view .LVU134
 430 0022 454A     		ldr	r2, .L51+4
 431 0024 9342     		cmp	r3, r2
 432 0026 30D0     		beq	.L46
 204:Core/Src/usart.c ****   {
 205:Core/Src/usart.c ****   /* USER CODE BEGIN USART2_MspInit 0 */
 206:Core/Src/usart.c **** 
 207:Core/Src/usart.c ****   /* USER CODE END USART2_MspInit 0 */
 208:Core/Src/usart.c **** 
 209:Core/Src/usart.c ****   /** Initializes the peripherals clocks
 210:Core/Src/usart.c ****   */
 211:Core/Src/usart.c ****     PeriphClkInit.PeriphClockSelection = RCC_PERIPHCLK_USART2;
 212:Core/Src/usart.c ****     PeriphClkInit.Usart2ClockSelection = RCC_USART2CLKSOURCE_PCLK1;
 213:Core/Src/usart.c ****     if (HAL_RCCEx_PeriphCLKConfig(&PeriphClkInit) != HAL_OK)
 214:Core/Src/usart.c ****     {
 215:Core/Src/usart.c ****       Error_Handler();
 216:Core/Src/usart.c ****     }
 217:Core/Src/usart.c **** 
 218:Core/Src/usart.c ****     /* USART2 clock enable */
 219:Core/Src/usart.c ****     __HAL_RCC_USART2_CLK_ENABLE();
 220:Core/Src/usart.c **** 
 221:Core/Src/usart.c ****     __HAL_RCC_GPIOD_CLK_ENABLE();
 222:Core/Src/usart.c ****     /**USART2 GPIO Configuration
 223:Core/Src/usart.c ****     PD5     ------> USART2_TX
 224:Core/Src/usart.c ****     PD6     ------> USART2_RX
 225:Core/Src/usart.c ****     */
 226:Core/Src/usart.c ****     GPIO_InitStruct.Pin = GPIO_PIN_5|GPIO_PIN_6;
 227:Core/Src/usart.c ****     GPIO_InitStruct.Mode = GPIO_MODE_AF_PP;
 228:Core/Src/usart.c ****     GPIO_InitStruct.Pull = GPIO_NOPULL;
 229:Core/Src/usart.c ****     GPIO_InitStruct.Speed = GPIO_SPEED_FREQ_LOW;
 230:Core/Src/usart.c ****     GPIO_InitStruct.Alternate = GPIO_AF7_USART2;
 231:Core/Src/usart.c ****     HAL_GPIO_Init(GPIOD, &GPIO_InitStruct);
 232:Core/Src/usart.c **** 
 233:Core/Src/usart.c ****   /* USER CODE BEGIN USART2_MspInit 1 */
 234:Core/Src/usart.c **** 
 235:Core/Src/usart.c ****   /* USER CODE END USART2_MspInit 1 */
 236:Core/Src/usart.c ****   }
 237:Core/Src/usart.c ****   else if(uartHandle->Instance==USART3)
 433              		.loc 1 237 8 is_stmt 1 view .LVU135
 434              		.loc 1 237 10 is_stmt 0 view .LVU136
 435 0028 444A     		ldr	r2, .L51+8
 436 002a 9342     		cmp	r3, r2
 437 002c 57D0     		beq	.L47
 438              	.L37:
 238:Core/Src/usart.c ****   {
 239:Core/Src/usart.c ****   /* USER CODE BEGIN USART3_MspInit 0 */
 240:Core/Src/usart.c **** 
 241:Core/Src/usart.c ****   /* USER CODE END USART3_MspInit 0 */
ARM GAS  C:\Users\purdu\AppData\Local\Temp\ccjFGQMY.s 			page 13


 242:Core/Src/usart.c **** 
 243:Core/Src/usart.c ****   /** Initializes the peripherals clocks
 244:Core/Src/usart.c ****   */
 245:Core/Src/usart.c ****     PeriphClkInit.PeriphClockSelection = RCC_PERIPHCLK_USART3;
 246:Core/Src/usart.c ****     PeriphClkInit.Usart3ClockSelection = RCC_USART3CLKSOURCE_PCLK1;
 247:Core/Src/usart.c ****     if (HAL_RCCEx_PeriphCLKConfig(&PeriphClkInit) != HAL_OK)
 248:Core/Src/usart.c ****     {
 249:Core/Src/usart.c ****       Error_Handler();
 250:Core/Src/usart.c ****     }
 251:Core/Src/usart.c **** 
 252:Core/Src/usart.c ****     /* USART3 clock enable */
 253:Core/Src/usart.c ****     __HAL_RCC_USART3_CLK_ENABLE();
 254:Core/Src/usart.c **** 
 255:Core/Src/usart.c ****     __HAL_RCC_GPIOC_CLK_ENABLE();
 256:Core/Src/usart.c ****     /**USART3 GPIO Configuration
 257:Core/Src/usart.c ****     PC10     ------> USART3_TX
 258:Core/Src/usart.c ****     PC11     ------> USART3_RX
 259:Core/Src/usart.c ****     */
 260:Core/Src/usart.c ****     GPIO_InitStruct.Pin = GPIO_PIN_10|GPIO_PIN_11;
 261:Core/Src/usart.c ****     GPIO_InitStruct.Mode = GPIO_MODE_AF_PP;
 262:Core/Src/usart.c ****     GPIO_InitStruct.Pull = GPIO_NOPULL;
 263:Core/Src/usart.c ****     GPIO_InitStruct.Speed = GPIO_SPEED_FREQ_LOW;
 264:Core/Src/usart.c ****     GPIO_InitStruct.Alternate = GPIO_AF7_USART3;
 265:Core/Src/usart.c ****     HAL_GPIO_Init(GPIOC, &GPIO_InitStruct);
 266:Core/Src/usart.c **** 
 267:Core/Src/usart.c ****   /* USER CODE BEGIN USART3_MspInit 1 */
 268:Core/Src/usart.c **** 
 269:Core/Src/usart.c ****   /* USER CODE END USART3_MspInit 1 */
 270:Core/Src/usart.c ****   }
 271:Core/Src/usart.c **** }
 439              		.loc 1 271 1 view .LVU137
 440 002e 20B0     		add	sp, sp, #128
 441              	.LCFI5:
 442              		.cfi_remember_state
 443              		.cfi_def_cfa_offset 8
 444              		@ sp needed
 445 0030 10BD     		pop	{r4, pc}
 446              	.LVL27:
 447              	.L45:
 448              	.LCFI6:
 449              		.cfi_restore_state
 177:Core/Src/usart.c ****     PeriphClkInit.Usart1ClockSelection = RCC_USART1CLKSOURCE_PCLK2;
 450              		.loc 1 177 5 is_stmt 1 view .LVU138
 177:Core/Src/usart.c ****     PeriphClkInit.Usart1ClockSelection = RCC_USART1CLKSOURCE_PCLK2;
 451              		.loc 1 177 40 is_stmt 0 view .LVU139
 452 0032 0123     		movs	r3, #1
 453 0034 0693     		str	r3, [sp, #24]
 178:Core/Src/usart.c ****     if (HAL_RCCEx_PeriphCLKConfig(&PeriphClkInit) != HAL_OK)
 454              		.loc 1 178 5 is_stmt 1 view .LVU140
 179:Core/Src/usart.c ****     {
 455              		.loc 1 179 5 view .LVU141
 179:Core/Src/usart.c ****     {
 456              		.loc 1 179 9 is_stmt 0 view .LVU142
 457 0036 06A8     		add	r0, sp, #24
 458 0038 FFF7FEFF 		bl	HAL_RCCEx_PeriphCLKConfig
 459              	.LVL28:
 179:Core/Src/usart.c ****     {
ARM GAS  C:\Users\purdu\AppData\Local\Temp\ccjFGQMY.s 			page 14


 460              		.loc 1 179 8 discriminator 1 view .LVU143
 461 003c 10BB     		cbnz	r0, .L48
 462              	.L39:
 185:Core/Src/usart.c **** 
 463              		.loc 1 185 5 is_stmt 1 view .LVU144
 464              	.LBB2:
 185:Core/Src/usart.c **** 
 465              		.loc 1 185 5 view .LVU145
 185:Core/Src/usart.c **** 
 466              		.loc 1 185 5 view .LVU146
 467 003e 404B     		ldr	r3, .L51+12
 468 0040 1A6E     		ldr	r2, [r3, #96]
 469 0042 42F48042 		orr	r2, r2, #16384
 470 0046 1A66     		str	r2, [r3, #96]
 185:Core/Src/usart.c **** 
 471              		.loc 1 185 5 view .LVU147
 472 0048 1A6E     		ldr	r2, [r3, #96]
 473 004a 02F48042 		and	r2, r2, #16384
 474 004e 0092     		str	r2, [sp]
 185:Core/Src/usart.c **** 
 475              		.loc 1 185 5 view .LVU148
 476 0050 009A     		ldr	r2, [sp]
 477              	.LBE2:
 185:Core/Src/usart.c **** 
 478              		.loc 1 185 5 view .LVU149
 187:Core/Src/usart.c ****     /**USART1 GPIO Configuration
 479              		.loc 1 187 5 view .LVU150
 480              	.LBB3:
 187:Core/Src/usart.c ****     /**USART1 GPIO Configuration
 481              		.loc 1 187 5 view .LVU151
 187:Core/Src/usart.c ****     /**USART1 GPIO Configuration
 482              		.loc 1 187 5 view .LVU152
 483 0052 DA6C     		ldr	r2, [r3, #76]
 484 0054 42F00102 		orr	r2, r2, #1
 485 0058 DA64     		str	r2, [r3, #76]
 187:Core/Src/usart.c ****     /**USART1 GPIO Configuration
 486              		.loc 1 187 5 view .LVU153
 487 005a DB6C     		ldr	r3, [r3, #76]
 488 005c 03F00103 		and	r3, r3, #1
 489 0060 0193     		str	r3, [sp, #4]
 187:Core/Src/usart.c ****     /**USART1 GPIO Configuration
 490              		.loc 1 187 5 view .LVU154
 491 0062 019B     		ldr	r3, [sp, #4]
 492              	.LBE3:
 187:Core/Src/usart.c ****     /**USART1 GPIO Configuration
 493              		.loc 1 187 5 view .LVU155
 192:Core/Src/usart.c ****     GPIO_InitStruct.Mode = GPIO_MODE_AF_PP;
 494              		.loc 1 192 5 view .LVU156
 192:Core/Src/usart.c ****     GPIO_InitStruct.Mode = GPIO_MODE_AF_PP;
 495              		.loc 1 192 25 is_stmt 0 view .LVU157
 496 0064 4FF4C063 		mov	r3, #1536
 497 0068 1B93     		str	r3, [sp, #108]
 193:Core/Src/usart.c ****     GPIO_InitStruct.Pull = GPIO_NOPULL;
 498              		.loc 1 193 5 is_stmt 1 view .LVU158
 193:Core/Src/usart.c ****     GPIO_InitStruct.Pull = GPIO_NOPULL;
 499              		.loc 1 193 26 is_stmt 0 view .LVU159
 500 006a 0223     		movs	r3, #2
ARM GAS  C:\Users\purdu\AppData\Local\Temp\ccjFGQMY.s 			page 15


 501 006c 1C93     		str	r3, [sp, #112]
 194:Core/Src/usart.c ****     GPIO_InitStruct.Speed = GPIO_SPEED_FREQ_LOW;
 502              		.loc 1 194 5 is_stmt 1 view .LVU160
 194:Core/Src/usart.c ****     GPIO_InitStruct.Speed = GPIO_SPEED_FREQ_LOW;
 503              		.loc 1 194 26 is_stmt 0 view .LVU161
 504 006e 0023     		movs	r3, #0
 505 0070 1D93     		str	r3, [sp, #116]
 195:Core/Src/usart.c ****     GPIO_InitStruct.Alternate = GPIO_AF7_USART1;
 506              		.loc 1 195 5 is_stmt 1 view .LVU162
 195:Core/Src/usart.c ****     GPIO_InitStruct.Alternate = GPIO_AF7_USART1;
 507              		.loc 1 195 27 is_stmt 0 view .LVU163
 508 0072 1E93     		str	r3, [sp, #120]
 196:Core/Src/usart.c ****     HAL_GPIO_Init(GPIOA, &GPIO_InitStruct);
 509              		.loc 1 196 5 is_stmt 1 view .LVU164
 196:Core/Src/usart.c ****     HAL_GPIO_Init(GPIOA, &GPIO_InitStruct);
 510              		.loc 1 196 31 is_stmt 0 view .LVU165
 511 0074 0723     		movs	r3, #7
 512 0076 1F93     		str	r3, [sp, #124]
 197:Core/Src/usart.c **** 
 513              		.loc 1 197 5 is_stmt 1 view .LVU166
 514 0078 1BA9     		add	r1, sp, #108
 515 007a 4FF09040 		mov	r0, #1207959552
 516 007e FFF7FEFF 		bl	HAL_GPIO_Init
 517              	.LVL29:
 518 0082 D4E7     		b	.L37
 519              	.L48:
 181:Core/Src/usart.c ****     }
 520              		.loc 1 181 7 view .LVU167
 521 0084 FFF7FEFF 		bl	Error_Handler
 522              	.LVL30:
 523 0088 D9E7     		b	.L39
 524              	.L46:
 211:Core/Src/usart.c ****     PeriphClkInit.Usart2ClockSelection = RCC_USART2CLKSOURCE_PCLK1;
 525              		.loc 1 211 5 view .LVU168
 211:Core/Src/usart.c ****     PeriphClkInit.Usart2ClockSelection = RCC_USART2CLKSOURCE_PCLK1;
 526              		.loc 1 211 40 is_stmt 0 view .LVU169
 527 008a 0223     		movs	r3, #2
 528 008c 0693     		str	r3, [sp, #24]
 212:Core/Src/usart.c ****     if (HAL_RCCEx_PeriphCLKConfig(&PeriphClkInit) != HAL_OK)
 529              		.loc 1 212 5 is_stmt 1 view .LVU170
 213:Core/Src/usart.c ****     {
 530              		.loc 1 213 5 view .LVU171
 213:Core/Src/usart.c ****     {
 531              		.loc 1 213 9 is_stmt 0 view .LVU172
 532 008e 06A8     		add	r0, sp, #24
 533 0090 FFF7FEFF 		bl	HAL_RCCEx_PeriphCLKConfig
 534              	.LVL31:
 213:Core/Src/usart.c ****     {
 535              		.loc 1 213 8 discriminator 1 view .LVU173
 536 0094 00BB     		cbnz	r0, .L49
 537              	.L42:
 219:Core/Src/usart.c **** 
 538              		.loc 1 219 5 is_stmt 1 view .LVU174
 539              	.LBB4:
 219:Core/Src/usart.c **** 
 540              		.loc 1 219 5 view .LVU175
 219:Core/Src/usart.c **** 
ARM GAS  C:\Users\purdu\AppData\Local\Temp\ccjFGQMY.s 			page 16


 541              		.loc 1 219 5 view .LVU176
 542 0096 2A4B     		ldr	r3, .L51+12
 543 0098 9A6D     		ldr	r2, [r3, #88]
 544 009a 42F40032 		orr	r2, r2, #131072
 545 009e 9A65     		str	r2, [r3, #88]
 219:Core/Src/usart.c **** 
 546              		.loc 1 219 5 view .LVU177
 547 00a0 9A6D     		ldr	r2, [r3, #88]
 548 00a2 02F40032 		and	r2, r2, #131072
 549 00a6 0292     		str	r2, [sp, #8]
 219:Core/Src/usart.c **** 
 550              		.loc 1 219 5 view .LVU178
 551 00a8 029A     		ldr	r2, [sp, #8]
 552              	.LBE4:
 219:Core/Src/usart.c **** 
 553              		.loc 1 219 5 view .LVU179
 221:Core/Src/usart.c ****     /**USART2 GPIO Configuration
 554              		.loc 1 221 5 view .LVU180
 555              	.LBB5:
 221:Core/Src/usart.c ****     /**USART2 GPIO Configuration
 556              		.loc 1 221 5 view .LVU181
 221:Core/Src/usart.c ****     /**USART2 GPIO Configuration
 557              		.loc 1 221 5 view .LVU182
 558 00aa DA6C     		ldr	r2, [r3, #76]
 559 00ac 42F00802 		orr	r2, r2, #8
 560 00b0 DA64     		str	r2, [r3, #76]
 221:Core/Src/usart.c ****     /**USART2 GPIO Configuration
 561              		.loc 1 221 5 view .LVU183
 562 00b2 DB6C     		ldr	r3, [r3, #76]
 563 00b4 03F00803 		and	r3, r3, #8
 564 00b8 0393     		str	r3, [sp, #12]
 221:Core/Src/usart.c ****     /**USART2 GPIO Configuration
 565              		.loc 1 221 5 view .LVU184
 566 00ba 039B     		ldr	r3, [sp, #12]
 567              	.LBE5:
 221:Core/Src/usart.c ****     /**USART2 GPIO Configuration
 568              		.loc 1 221 5 view .LVU185
 226:Core/Src/usart.c ****     GPIO_InitStruct.Mode = GPIO_MODE_AF_PP;
 569              		.loc 1 226 5 view .LVU186
 226:Core/Src/usart.c ****     GPIO_InitStruct.Mode = GPIO_MODE_AF_PP;
 570              		.loc 1 226 25 is_stmt 0 view .LVU187
 571 00bc 6023     		movs	r3, #96
 572 00be 1B93     		str	r3, [sp, #108]
 227:Core/Src/usart.c ****     GPIO_InitStruct.Pull = GPIO_NOPULL;
 573              		.loc 1 227 5 is_stmt 1 view .LVU188
 227:Core/Src/usart.c ****     GPIO_InitStruct.Pull = GPIO_NOPULL;
 574              		.loc 1 227 26 is_stmt 0 view .LVU189
 575 00c0 0223     		movs	r3, #2
 576 00c2 1C93     		str	r3, [sp, #112]
 228:Core/Src/usart.c ****     GPIO_InitStruct.Speed = GPIO_SPEED_FREQ_LOW;
 577              		.loc 1 228 5 is_stmt 1 view .LVU190
 228:Core/Src/usart.c ****     GPIO_InitStruct.Speed = GPIO_SPEED_FREQ_LOW;
 578              		.loc 1 228 26 is_stmt 0 view .LVU191
 579 00c4 0023     		movs	r3, #0
 580 00c6 1D93     		str	r3, [sp, #116]
 229:Core/Src/usart.c ****     GPIO_InitStruct.Alternate = GPIO_AF7_USART2;
 581              		.loc 1 229 5 is_stmt 1 view .LVU192
ARM GAS  C:\Users\purdu\AppData\Local\Temp\ccjFGQMY.s 			page 17


 229:Core/Src/usart.c ****     GPIO_InitStruct.Alternate = GPIO_AF7_USART2;
 582              		.loc 1 229 27 is_stmt 0 view .LVU193
 583 00c8 1E93     		str	r3, [sp, #120]
 230:Core/Src/usart.c ****     HAL_GPIO_Init(GPIOD, &GPIO_InitStruct);
 584              		.loc 1 230 5 is_stmt 1 view .LVU194
 230:Core/Src/usart.c ****     HAL_GPIO_Init(GPIOD, &GPIO_InitStruct);
 585              		.loc 1 230 31 is_stmt 0 view .LVU195
 586 00ca 0723     		movs	r3, #7
 587 00cc 1F93     		str	r3, [sp, #124]
 231:Core/Src/usart.c **** 
 588              		.loc 1 231 5 is_stmt 1 view .LVU196
 589 00ce 1BA9     		add	r1, sp, #108
 590 00d0 1C48     		ldr	r0, .L51+16
 591 00d2 FFF7FEFF 		bl	HAL_GPIO_Init
 592              	.LVL32:
 593 00d6 AAE7     		b	.L37
 594              	.L49:
 215:Core/Src/usart.c ****     }
 595              		.loc 1 215 7 view .LVU197
 596 00d8 FFF7FEFF 		bl	Error_Handler
 597              	.LVL33:
 598 00dc DBE7     		b	.L42
 599              	.L47:
 245:Core/Src/usart.c ****     PeriphClkInit.Usart3ClockSelection = RCC_USART3CLKSOURCE_PCLK1;
 600              		.loc 1 245 5 view .LVU198
 245:Core/Src/usart.c ****     PeriphClkInit.Usart3ClockSelection = RCC_USART3CLKSOURCE_PCLK1;
 601              		.loc 1 245 40 is_stmt 0 view .LVU199
 602 00de 0423     		movs	r3, #4
 603 00e0 0693     		str	r3, [sp, #24]
 246:Core/Src/usart.c ****     if (HAL_RCCEx_PeriphCLKConfig(&PeriphClkInit) != HAL_OK)
 604              		.loc 1 246 5 is_stmt 1 view .LVU200
 247:Core/Src/usart.c ****     {
 605              		.loc 1 247 5 view .LVU201
 247:Core/Src/usart.c ****     {
 606              		.loc 1 247 9 is_stmt 0 view .LVU202
 607 00e2 06A8     		add	r0, sp, #24
 608 00e4 FFF7FEFF 		bl	HAL_RCCEx_PeriphCLKConfig
 609              	.LVL34:
 247:Core/Src/usart.c ****     {
 610              		.loc 1 247 8 discriminator 1 view .LVU203
 611 00e8 08BB     		cbnz	r0, .L50
 612              	.L43:
 253:Core/Src/usart.c **** 
 613              		.loc 1 253 5 is_stmt 1 view .LVU204
 614              	.LBB6:
 253:Core/Src/usart.c **** 
 615              		.loc 1 253 5 view .LVU205
 253:Core/Src/usart.c **** 
 616              		.loc 1 253 5 view .LVU206
 617 00ea 154B     		ldr	r3, .L51+12
 618 00ec 9A6D     		ldr	r2, [r3, #88]
 619 00ee 42F48022 		orr	r2, r2, #262144
 620 00f2 9A65     		str	r2, [r3, #88]
 253:Core/Src/usart.c **** 
 621              		.loc 1 253 5 view .LVU207
 622 00f4 9A6D     		ldr	r2, [r3, #88]
 623 00f6 02F48022 		and	r2, r2, #262144
ARM GAS  C:\Users\purdu\AppData\Local\Temp\ccjFGQMY.s 			page 18


 624 00fa 0492     		str	r2, [sp, #16]
 253:Core/Src/usart.c **** 
 625              		.loc 1 253 5 view .LVU208
 626 00fc 049A     		ldr	r2, [sp, #16]
 627              	.LBE6:
 253:Core/Src/usart.c **** 
 628              		.loc 1 253 5 view .LVU209
 255:Core/Src/usart.c ****     /**USART3 GPIO Configuration
 629              		.loc 1 255 5 view .LVU210
 630              	.LBB7:
 255:Core/Src/usart.c ****     /**USART3 GPIO Configuration
 631              		.loc 1 255 5 view .LVU211
 255:Core/Src/usart.c ****     /**USART3 GPIO Configuration
 632              		.loc 1 255 5 view .LVU212
 633 00fe DA6C     		ldr	r2, [r3, #76]
 634 0100 42F00402 		orr	r2, r2, #4
 635 0104 DA64     		str	r2, [r3, #76]
 255:Core/Src/usart.c ****     /**USART3 GPIO Configuration
 636              		.loc 1 255 5 view .LVU213
 637 0106 DB6C     		ldr	r3, [r3, #76]
 638 0108 03F00403 		and	r3, r3, #4
 639 010c 0593     		str	r3, [sp, #20]
 255:Core/Src/usart.c ****     /**USART3 GPIO Configuration
 640              		.loc 1 255 5 view .LVU214
 641 010e 059B     		ldr	r3, [sp, #20]
 642              	.LBE7:
 255:Core/Src/usart.c ****     /**USART3 GPIO Configuration
 643              		.loc 1 255 5 view .LVU215
 260:Core/Src/usart.c ****     GPIO_InitStruct.Mode = GPIO_MODE_AF_PP;
 644              		.loc 1 260 5 view .LVU216
 260:Core/Src/usart.c ****     GPIO_InitStruct.Mode = GPIO_MODE_AF_PP;
 645              		.loc 1 260 25 is_stmt 0 view .LVU217
 646 0110 4FF44063 		mov	r3, #3072
 647 0114 1B93     		str	r3, [sp, #108]
 261:Core/Src/usart.c ****     GPIO_InitStruct.Pull = GPIO_NOPULL;
 648              		.loc 1 261 5 is_stmt 1 view .LVU218
 261:Core/Src/usart.c ****     GPIO_InitStruct.Pull = GPIO_NOPULL;
 649              		.loc 1 261 26 is_stmt 0 view .LVU219
 650 0116 0223     		movs	r3, #2
 651 0118 1C93     		str	r3, [sp, #112]
 262:Core/Src/usart.c ****     GPIO_InitStruct.Speed = GPIO_SPEED_FREQ_LOW;
 652              		.loc 1 262 5 is_stmt 1 view .LVU220
 262:Core/Src/usart.c ****     GPIO_InitStruct.Speed = GPIO_SPEED_FREQ_LOW;
 653              		.loc 1 262 26 is_stmt 0 view .LVU221
 654 011a 0023     		movs	r3, #0
 655 011c 1D93     		str	r3, [sp, #116]
 263:Core/Src/usart.c ****     GPIO_InitStruct.Alternate = GPIO_AF7_USART3;
 656              		.loc 1 263 5 is_stmt 1 view .LVU222
 263:Core/Src/usart.c ****     GPIO_InitStruct.Alternate = GPIO_AF7_USART3;
 657              		.loc 1 263 27 is_stmt 0 view .LVU223
 658 011e 1E93     		str	r3, [sp, #120]
 264:Core/Src/usart.c ****     HAL_GPIO_Init(GPIOC, &GPIO_InitStruct);
 659              		.loc 1 264 5 is_stmt 1 view .LVU224
 264:Core/Src/usart.c ****     HAL_GPIO_Init(GPIOC, &GPIO_InitStruct);
 660              		.loc 1 264 31 is_stmt 0 view .LVU225
 661 0120 0723     		movs	r3, #7
 662 0122 1F93     		str	r3, [sp, #124]
ARM GAS  C:\Users\purdu\AppData\Local\Temp\ccjFGQMY.s 			page 19


 265:Core/Src/usart.c **** 
 663              		.loc 1 265 5 is_stmt 1 view .LVU226
 664 0124 1BA9     		add	r1, sp, #108
 665 0126 0848     		ldr	r0, .L51+20
 666 0128 FFF7FEFF 		bl	HAL_GPIO_Init
 667              	.LVL35:
 668              		.loc 1 271 1 is_stmt 0 view .LVU227
 669 012c 7FE7     		b	.L37
 670              	.L50:
 249:Core/Src/usart.c ****     }
 671              		.loc 1 249 7 is_stmt 1 view .LVU228
 672 012e FFF7FEFF 		bl	Error_Handler
 673              	.LVL36:
 674 0132 DAE7     		b	.L43
 675              	.L52:
 676              		.align	2
 677              	.L51:
 678 0134 00380140 		.word	1073821696
 679 0138 00440040 		.word	1073759232
 680 013c 00480040 		.word	1073760256
 681 0140 00100240 		.word	1073876992
 682 0144 000C0048 		.word	1207962624
 683 0148 00080048 		.word	1207961600
 684              		.cfi_endproc
 685              	.LFE332:
 687              		.section	.text.HAL_UART_MspDeInit,"ax",%progbits
 688              		.align	1
 689              		.global	HAL_UART_MspDeInit
 690              		.syntax unified
 691              		.thumb
 692              		.thumb_func
 694              	HAL_UART_MspDeInit:
 695              	.LVL37:
 696              	.LFB333:
 272:Core/Src/usart.c **** 
 273:Core/Src/usart.c **** void HAL_UART_MspDeInit(UART_HandleTypeDef* uartHandle)
 274:Core/Src/usart.c **** {
 697              		.loc 1 274 1 view -0
 698              		.cfi_startproc
 699              		@ args = 0, pretend = 0, frame = 0
 700              		@ frame_needed = 0, uses_anonymous_args = 0
 701              		.loc 1 274 1 is_stmt 0 view .LVU230
 702 0000 08B5     		push	{r3, lr}
 703              	.LCFI7:
 704              		.cfi_def_cfa_offset 8
 705              		.cfi_offset 3, -8
 706              		.cfi_offset 14, -4
 275:Core/Src/usart.c **** 
 276:Core/Src/usart.c ****   if(uartHandle->Instance==USART1)
 707              		.loc 1 276 3 is_stmt 1 view .LVU231
 708              		.loc 1 276 16 is_stmt 0 view .LVU232
 709 0002 0368     		ldr	r3, [r0]
 710              		.loc 1 276 5 view .LVU233
 711 0004 164A     		ldr	r2, .L61
 712 0006 9342     		cmp	r3, r2
 713 0008 06D0     		beq	.L58
 277:Core/Src/usart.c ****   {
ARM GAS  C:\Users\purdu\AppData\Local\Temp\ccjFGQMY.s 			page 20


 278:Core/Src/usart.c ****   /* USER CODE BEGIN USART1_MspDeInit 0 */
 279:Core/Src/usart.c **** 
 280:Core/Src/usart.c ****   /* USER CODE END USART1_MspDeInit 0 */
 281:Core/Src/usart.c ****     /* Peripheral clock disable */
 282:Core/Src/usart.c ****     __HAL_RCC_USART1_CLK_DISABLE();
 283:Core/Src/usart.c **** 
 284:Core/Src/usart.c ****     /**USART1 GPIO Configuration
 285:Core/Src/usart.c ****     PA9     ------> USART1_TX
 286:Core/Src/usart.c ****     PA10     ------> USART1_RX
 287:Core/Src/usart.c ****     */
 288:Core/Src/usart.c ****     HAL_GPIO_DeInit(GPIOA, GPIO_PIN_9|GPIO_PIN_10);
 289:Core/Src/usart.c **** 
 290:Core/Src/usart.c ****   /* USER CODE BEGIN USART1_MspDeInit 1 */
 291:Core/Src/usart.c **** 
 292:Core/Src/usart.c ****   /* USER CODE END USART1_MspDeInit 1 */
 293:Core/Src/usart.c ****   }
 294:Core/Src/usart.c ****   else if(uartHandle->Instance==USART2)
 714              		.loc 1 294 8 is_stmt 1 view .LVU234
 715              		.loc 1 294 10 is_stmt 0 view .LVU235
 716 000a 164A     		ldr	r2, .L61+4
 717 000c 9342     		cmp	r3, r2
 718 000e 10D0     		beq	.L59
 295:Core/Src/usart.c ****   {
 296:Core/Src/usart.c ****   /* USER CODE BEGIN USART2_MspDeInit 0 */
 297:Core/Src/usart.c **** 
 298:Core/Src/usart.c ****   /* USER CODE END USART2_MspDeInit 0 */
 299:Core/Src/usart.c ****     /* Peripheral clock disable */
 300:Core/Src/usart.c ****     __HAL_RCC_USART2_CLK_DISABLE();
 301:Core/Src/usart.c **** 
 302:Core/Src/usart.c ****     /**USART2 GPIO Configuration
 303:Core/Src/usart.c ****     PD5     ------> USART2_TX
 304:Core/Src/usart.c ****     PD6     ------> USART2_RX
 305:Core/Src/usart.c ****     */
 306:Core/Src/usart.c ****     HAL_GPIO_DeInit(GPIOD, GPIO_PIN_5|GPIO_PIN_6);
 307:Core/Src/usart.c **** 
 308:Core/Src/usart.c ****   /* USER CODE BEGIN USART2_MspDeInit 1 */
 309:Core/Src/usart.c **** 
 310:Core/Src/usart.c ****   /* USER CODE END USART2_MspDeInit 1 */
 311:Core/Src/usart.c ****   }
 312:Core/Src/usart.c ****   else if(uartHandle->Instance==USART3)
 719              		.loc 1 312 8 is_stmt 1 view .LVU236
 720              		.loc 1 312 10 is_stmt 0 view .LVU237
 721 0010 154A     		ldr	r2, .L61+8
 722 0012 9342     		cmp	r3, r2
 723 0014 18D0     		beq	.L60
 724              	.LVL38:
 725              	.L53:
 313:Core/Src/usart.c ****   {
 314:Core/Src/usart.c ****   /* USER CODE BEGIN USART3_MspDeInit 0 */
 315:Core/Src/usart.c **** 
 316:Core/Src/usart.c ****   /* USER CODE END USART3_MspDeInit 0 */
 317:Core/Src/usart.c ****     /* Peripheral clock disable */
 318:Core/Src/usart.c ****     __HAL_RCC_USART3_CLK_DISABLE();
 319:Core/Src/usart.c **** 
 320:Core/Src/usart.c ****     /**USART3 GPIO Configuration
 321:Core/Src/usart.c ****     PC10     ------> USART3_TX
 322:Core/Src/usart.c ****     PC11     ------> USART3_RX
ARM GAS  C:\Users\purdu\AppData\Local\Temp\ccjFGQMY.s 			page 21


 323:Core/Src/usart.c ****     */
 324:Core/Src/usart.c ****     HAL_GPIO_DeInit(GPIOC, GPIO_PIN_10|GPIO_PIN_11);
 325:Core/Src/usart.c **** 
 326:Core/Src/usart.c ****   /* USER CODE BEGIN USART3_MspDeInit 1 */
 327:Core/Src/usart.c **** 
 328:Core/Src/usart.c ****   /* USER CODE END USART3_MspDeInit 1 */
 329:Core/Src/usart.c ****   }
 330:Core/Src/usart.c **** }
 726              		.loc 1 330 1 view .LVU238
 727 0016 08BD     		pop	{r3, pc}
 728              	.LVL39:
 729              	.L58:
 282:Core/Src/usart.c **** 
 730              		.loc 1 282 5 is_stmt 1 view .LVU239
 731 0018 02F55842 		add	r2, r2, #55296
 732 001c 136E     		ldr	r3, [r2, #96]
 733 001e 23F48043 		bic	r3, r3, #16384
 734 0022 1366     		str	r3, [r2, #96]
 288:Core/Src/usart.c **** 
 735              		.loc 1 288 5 view .LVU240
 736 0024 4FF4C061 		mov	r1, #1536
 737 0028 4FF09040 		mov	r0, #1207959552
 738              	.LVL40:
 288:Core/Src/usart.c **** 
 739              		.loc 1 288 5 is_stmt 0 view .LVU241
 740 002c FFF7FEFF 		bl	HAL_GPIO_DeInit
 741              	.LVL41:
 742 0030 F1E7     		b	.L53
 743              	.LVL42:
 744              	.L59:
 300:Core/Src/usart.c **** 
 745              		.loc 1 300 5 is_stmt 1 view .LVU242
 746 0032 02F5E632 		add	r2, r2, #117760
 747 0036 936D     		ldr	r3, [r2, #88]
 748 0038 23F40033 		bic	r3, r3, #131072
 749 003c 9365     		str	r3, [r2, #88]
 306:Core/Src/usart.c **** 
 750              		.loc 1 306 5 view .LVU243
 751 003e 6021     		movs	r1, #96
 752 0040 0A48     		ldr	r0, .L61+12
 753              	.LVL43:
 306:Core/Src/usart.c **** 
 754              		.loc 1 306 5 is_stmt 0 view .LVU244
 755 0042 FFF7FEFF 		bl	HAL_GPIO_DeInit
 756              	.LVL44:
 757 0046 E6E7     		b	.L53
 758              	.LVL45:
 759              	.L60:
 318:Core/Src/usart.c **** 
 760              		.loc 1 318 5 is_stmt 1 view .LVU245
 761 0048 02F5E432 		add	r2, r2, #116736
 762 004c 936D     		ldr	r3, [r2, #88]
 763 004e 23F48023 		bic	r3, r3, #262144
 764 0052 9365     		str	r3, [r2, #88]
 324:Core/Src/usart.c **** 
 765              		.loc 1 324 5 view .LVU246
 766 0054 4FF44061 		mov	r1, #3072
ARM GAS  C:\Users\purdu\AppData\Local\Temp\ccjFGQMY.s 			page 22


 767 0058 0548     		ldr	r0, .L61+16
 768              	.LVL46:
 324:Core/Src/usart.c **** 
 769              		.loc 1 324 5 is_stmt 0 view .LVU247
 770 005a FFF7FEFF 		bl	HAL_GPIO_DeInit
 771              	.LVL47:
 772              		.loc 1 330 1 view .LVU248
 773 005e DAE7     		b	.L53
 774              	.L62:
 775              		.align	2
 776              	.L61:
 777 0060 00380140 		.word	1073821696
 778 0064 00440040 		.word	1073759232
 779 0068 00480040 		.word	1073760256
 780 006c 000C0048 		.word	1207962624
 781 0070 00080048 		.word	1207961600
 782              		.cfi_endproc
 783              	.LFE333:
 785              		.global	huart3
 786              		.section	.bss.huart3,"aw",%nobits
 787              		.align	2
 790              	huart3:
 791 0000 00000000 		.space	148
 791      00000000 
 791      00000000 
 791      00000000 
 791      00000000 
 792              		.global	huart2
 793              		.section	.bss.huart2,"aw",%nobits
 794              		.align	2
 797              	huart2:
 798 0000 00000000 		.space	148
 798      00000000 
 798      00000000 
 798      00000000 
 798      00000000 
 799              		.global	huart1
 800              		.section	.bss.huart1,"aw",%nobits
 801              		.align	2
 804              	huart1:
 805 0000 00000000 		.space	148
 805      00000000 
 805      00000000 
 805      00000000 
 805      00000000 
 806              		.text
 807              	.Letext0:
 808              		.file 2 "C:/Program Files (x86)/Arm GNU Toolchain arm-none-eabi/13.2 Rel1/arm-none-eabi/include/ma
 809              		.file 3 "C:/Program Files (x86)/Arm GNU Toolchain arm-none-eabi/13.2 Rel1/arm-none-eabi/include/sy
 810              		.file 4 "Drivers/CMSIS/Device/ST/STM32G4xx/Include/stm32g473xx.h"
 811              		.file 5 "Drivers/STM32G4xx_HAL_Driver/Inc/stm32g4xx_hal_def.h"
 812              		.file 6 "Drivers/STM32G4xx_HAL_Driver/Inc/stm32g4xx_hal_rcc_ex.h"
 813              		.file 7 "Drivers/STM32G4xx_HAL_Driver/Inc/stm32g4xx_hal_gpio.h"
 814              		.file 8 "Drivers/STM32G4xx_HAL_Driver/Inc/stm32g4xx_hal_dma.h"
 815              		.file 9 "Drivers/STM32G4xx_HAL_Driver/Inc/stm32g4xx_hal_uart.h"
 816              		.file 10 "Core/Inc/usart.h"
 817              		.file 11 "Drivers/STM32G4xx_HAL_Driver/Inc/stm32g4xx_hal_uart_ex.h"
ARM GAS  C:\Users\purdu\AppData\Local\Temp\ccjFGQMY.s 			page 23


 818              		.file 12 "Core/Inc/main.h"
 819              		.file 13 "<built-in>"
ARM GAS  C:\Users\purdu\AppData\Local\Temp\ccjFGQMY.s 			page 24


DEFINED SYMBOLS
                            *ABS*:00000000 usart.c
C:\Users\purdu\AppData\Local\Temp\ccjFGQMY.s:21     .text.MX_USART1_UART_Init:00000000 $t
C:\Users\purdu\AppData\Local\Temp\ccjFGQMY.s:27     .text.MX_USART1_UART_Init:00000000 MX_USART1_UART_Init
C:\Users\purdu\AppData\Local\Temp\ccjFGQMY.s:135    .text.MX_USART1_UART_Init:00000060 $d
C:\Users\purdu\AppData\Local\Temp\ccjFGQMY.s:804    .bss.huart1:00000000 huart1
C:\Users\purdu\AppData\Local\Temp\ccjFGQMY.s:141    .text.MX_USART2_UART_Init:00000000 $t
C:\Users\purdu\AppData\Local\Temp\ccjFGQMY.s:147    .text.MX_USART2_UART_Init:00000000 MX_USART2_UART_Init
C:\Users\purdu\AppData\Local\Temp\ccjFGQMY.s:255    .text.MX_USART2_UART_Init:00000060 $d
C:\Users\purdu\AppData\Local\Temp\ccjFGQMY.s:797    .bss.huart2:00000000 huart2
C:\Users\purdu\AppData\Local\Temp\ccjFGQMY.s:261    .text.MX_USART3_UART_Init:00000000 $t
C:\Users\purdu\AppData\Local\Temp\ccjFGQMY.s:267    .text.MX_USART3_UART_Init:00000000 MX_USART3_UART_Init
C:\Users\purdu\AppData\Local\Temp\ccjFGQMY.s:375    .text.MX_USART3_UART_Init:00000060 $d
C:\Users\purdu\AppData\Local\Temp\ccjFGQMY.s:790    .bss.huart3:00000000 huart3
C:\Users\purdu\AppData\Local\Temp\ccjFGQMY.s:382    .text.HAL_UART_MspInit:00000000 $t
C:\Users\purdu\AppData\Local\Temp\ccjFGQMY.s:388    .text.HAL_UART_MspInit:00000000 HAL_UART_MspInit
C:\Users\purdu\AppData\Local\Temp\ccjFGQMY.s:678    .text.HAL_UART_MspInit:00000134 $d
C:\Users\purdu\AppData\Local\Temp\ccjFGQMY.s:688    .text.HAL_UART_MspDeInit:00000000 $t
C:\Users\purdu\AppData\Local\Temp\ccjFGQMY.s:694    .text.HAL_UART_MspDeInit:00000000 HAL_UART_MspDeInit
C:\Users\purdu\AppData\Local\Temp\ccjFGQMY.s:777    .text.HAL_UART_MspDeInit:00000060 $d
C:\Users\purdu\AppData\Local\Temp\ccjFGQMY.s:787    .bss.huart3:00000000 $d
C:\Users\purdu\AppData\Local\Temp\ccjFGQMY.s:794    .bss.huart2:00000000 $d
C:\Users\purdu\AppData\Local\Temp\ccjFGQMY.s:801    .bss.huart1:00000000 $d

UNDEFINED SYMBOLS
HAL_UART_Init
HAL_UARTEx_SetTxFifoThreshold
HAL_UARTEx_SetRxFifoThreshold
HAL_UARTEx_DisableFifoMode
Error_Handler
memset
HAL_RCCEx_PeriphCLKConfig
HAL_GPIO_Init
HAL_GPIO_DeInit
