ARM GAS  C:\Users\purdu\AppData\Local\Temp\cc4WMaCT.s 			page 1


   1              		.cpu cortex-m4
   2              		.arch armv7e-m
   3              		.fpu fpv4-sp-d16
   4              		.eabi_attribute 27, 1
   5              		.eabi_attribute 28, 1
   6              		.eabi_attribute 20, 1
   7              		.eabi_attribute 21, 1
   8              		.eabi_attribute 23, 3
   9              		.eabi_attribute 24, 1
  10              		.eabi_attribute 25, 1
  11              		.eabi_attribute 26, 1
  12              		.eabi_attribute 30, 1
  13              		.eabi_attribute 34, 1
  14              		.eabi_attribute 18, 4
  15              		.file	"main.c"
  16              		.text
  17              	.Ltext0:
  18              		.cfi_sections	.debug_frame
  19              		.file 1 "Core/Src/main.c"
  20              		.section	.text.fputc,"ax",%progbits
  21              		.align	1
  22              		.global	fputc
  23              		.syntax unified
  24              		.thumb
  25              		.thumb_func
  27              	fputc:
  28              	.LVL0:
  29              	.LFB332:
  30              		.file 2 "Core/Inc/Serial.h"
   1:Core/Inc/Serial.h **** /**
   2:Core/Inc/Serial.h ****  * @file Serial.h
   3:Core/Inc/Serial.h ****  * @author Leo Liu
   4:Core/Inc/Serial.h ****  * @brief Serial Communication with Laptop
   5:Core/Inc/Serial.h ****  * @version 1.0
   6:Core/Inc/Serial.h ****  * @date 2023-10-31
   7:Core/Inc/Serial.h ****  * 
   8:Core/Inc/Serial.h ****  * @copyright Copyright (c) 2023
   9:Core/Inc/Serial.h ****  * 
  10:Core/Inc/Serial.h ****  */
  11:Core/Inc/Serial.h **** 
  12:Core/Inc/Serial.h **** #ifndef __SERIAL_H
  13:Core/Inc/Serial.h **** #define __SERIAL_H
  14:Core/Inc/Serial.h ****  
  15:Core/Inc/Serial.h **** #include <stdio.h>
  16:Core/Inc/Serial.h **** #include <stdint.h>
  17:Core/Inc/Serial.h **** #include "usart.h"
  18:Core/Inc/Serial.h **** 
  19:Core/Inc/Serial.h **** int fputc(int ch, FILE *f)
  20:Core/Inc/Serial.h **** {
  31              		.loc 2 20 1 view -0
  32              		.cfi_startproc
  33              		@ args = 0, pretend = 0, frame = 8
  34              		@ frame_needed = 0, uses_anonymous_args = 0
  35              		.loc 2 20 1 is_stmt 0 view .LVU1
  36 0000 00B5     		push	{lr}
  37              	.LCFI0:
  38              		.cfi_def_cfa_offset 4
ARM GAS  C:\Users\purdu\AppData\Local\Temp\cc4WMaCT.s 			page 2


  39              		.cfi_offset 14, -4
  40 0002 83B0     		sub	sp, sp, #12
  41              	.LCFI1:
  42              		.cfi_def_cfa_offset 16
  43 0004 0190     		str	r0, [sp, #4]
  21:Core/Inc/Serial.h **** 	HAL_UART_Transmit(&huart3,(uint8_t*)&ch,1,0xFFFF);
  44              		.loc 2 21 2 is_stmt 1 view .LVU2
  45 0006 4FF6FF73 		movw	r3, #65535
  46 000a 0122     		movs	r2, #1
  47 000c 01A9     		add	r1, sp, #4
  48              	.LVL1:
  49              		.loc 2 21 2 is_stmt 0 view .LVU3
  50 000e 0348     		ldr	r0, .L3
  51              	.LVL2:
  52              		.loc 2 21 2 view .LVU4
  53 0010 FFF7FEFF 		bl	HAL_UART_Transmit
  54              	.LVL3:
  22:Core/Inc/Serial.h **** 	return ch;
  55              		.loc 2 22 2 is_stmt 1 view .LVU5
  23:Core/Inc/Serial.h **** }
  56              		.loc 2 23 1 is_stmt 0 view .LVU6
  57 0014 0198     		ldr	r0, [sp, #4]
  58 0016 03B0     		add	sp, sp, #12
  59              	.LCFI2:
  60              		.cfi_def_cfa_offset 4
  61              		@ sp needed
  62 0018 5DF804FB 		ldr	pc, [sp], #4
  63              	.L4:
  64              		.align	2
  65              	.L3:
  66 001c 00000000 		.word	huart3
  67              		.cfi_endproc
  68              	.LFE332:
  70              		.section	.text.Error_Handler,"ax",%progbits
  71              		.align	1
  72              		.global	Error_Handler
  73              		.syntax unified
  74              		.thumb
  75              		.thumb_func
  77              	Error_Handler:
  78              	.LFB335:
   1:Core/Src/main.c **** /* USER CODE BEGIN Header */
   2:Core/Src/main.c **** /**
   3:Core/Src/main.c ****   ******************************************************************************
   4:Core/Src/main.c ****   * @file           : main.c
   5:Core/Src/main.c ****   * @brief          : Main program body
   6:Core/Src/main.c ****   ******************************************************************************
   7:Core/Src/main.c ****   * @attention
   8:Core/Src/main.c ****   *
   9:Core/Src/main.c ****   * Copyright (c) 2024 STMicroelectronics.
  10:Core/Src/main.c ****   * All rights reserved.
  11:Core/Src/main.c ****   *
  12:Core/Src/main.c ****   * This software is licensed under terms that can be found in the LICENSE file
  13:Core/Src/main.c ****   * in the root directory of this software component.
  14:Core/Src/main.c ****   * If no LICENSE file comes with this software, it is provided AS-IS.
  15:Core/Src/main.c ****   *
  16:Core/Src/main.c ****   ******************************************************************************
ARM GAS  C:\Users\purdu\AppData\Local\Temp\cc4WMaCT.s 			page 3


  17:Core/Src/main.c ****   */
  18:Core/Src/main.c **** /* USER CODE END Header */
  19:Core/Src/main.c **** /* Includes ------------------------------------------------------------------*/
  20:Core/Src/main.c **** #include "main.h"
  21:Core/Src/main.c **** #include "adc.h"
  22:Core/Src/main.c **** #include "dma.h"
  23:Core/Src/main.c **** #include "fdcan.h"
  24:Core/Src/main.c **** #include "tim.h"
  25:Core/Src/main.c **** #include "usart.h"
  26:Core/Src/main.c **** #include "gpio.h"
  27:Core/Src/main.c **** 
  28:Core/Src/main.c **** /* Private includes ----------------------------------------------------------*/
  29:Core/Src/main.c **** /* USER CODE BEGIN Includes */
  30:Core/Src/main.c **** #include "supercap.h"
  31:Core/Src/main.c **** #include <stdio.h>
  32:Core/Src/main.c **** #include "Serial.h"
  33:Core/Src/main.c **** #include "Kalman_Filter.h"
  34:Core/Src/main.c **** 
  35:Core/Src/main.c **** #define MAX_CAP_VOLTAGE 2700 //24V in 12 bits
  36:Core/Src/main.c **** #define MAX_CURRENT 2202 //1A in 12 bits
  37:Core/Src/main.c **** #define MIN_CURRENT 2047 //0A in 12 bits
  38:Core/Src/main.c **** #define MAX_DUTY 278
  39:Core/Src/main.c **** #define MIN_DUTY 22
  40:Core/Src/main.c **** #define V_1V65 2047 //1.65V in 12 bits
  41:Core/Src/main.c **** 
  42:Core/Src/main.c **** /* USER CODE END Includes */
  43:Core/Src/main.c **** 
  44:Core/Src/main.c **** /* Private typedef -----------------------------------------------------------*/
  45:Core/Src/main.c **** /* USER CODE BEGIN PTD */
  46:Core/Src/main.c **** 
  47:Core/Src/main.c **** /* USER CODE END PTD */
  48:Core/Src/main.c **** 
  49:Core/Src/main.c **** /* Private define ------------------------------------------------------------*/
  50:Core/Src/main.c **** /* USER CODE BEGIN PD */
  51:Core/Src/main.c **** 
  52:Core/Src/main.c **** /* USER CODE END PD */
  53:Core/Src/main.c **** 
  54:Core/Src/main.c **** /* Private macro -------------------------------------------------------------*/
  55:Core/Src/main.c **** /* USER CODE BEGIN PM */
  56:Core/Src/main.c **** 
  57:Core/Src/main.c **** /* USER CODE END PM */
  58:Core/Src/main.c **** 
  59:Core/Src/main.c **** /* Private variables ---------------------------------------------------------*/
  60:Core/Src/main.c **** 
  61:Core/Src/main.c **** /* USER CODE BEGIN PV */
  62:Core/Src/main.c ****   uint16_t supercap_ADC1[2];
  63:Core/Src/main.c ****   uint16_t supercap_ADC2[3];
  64:Core/Src/main.c ****   uint16_t supercap_ADC3[3];
  65:Core/Src/main.c **** 	uint16_t supercap_ADC4[2];
  66:Core/Src/main.c **** 
  67:Core/Src/main.c ****   _ADC_Sample_t C_left = {0};
  68:Core/Src/main.c ****   _ADC_Sample_t C_sys = {0};
  69:Core/Src/main.c ****   _ADC_Sample_t C_right = {0};
  70:Core/Src/main.c ****   _ADC_Sample_t V_sys_op = {0};
  71:Core/Src/main.c ****   _ADC_Sample_t V_cap_op = {0};
  72:Core/Src/main.c ****   _ADC_Sample_t V_cap = {0}; //V_right
  73:Core/Src/main.c ****   _ADC_Sample_t V_bat = {0}; //V_left
ARM GAS  C:\Users\purdu\AppData\Local\Temp\cc4WMaCT.s 			page 4


  74:Core/Src/main.c ****   _ADC_Sample_t V_sys = {0};
  75:Core/Src/main.c **** 	
  76:Core/Src/main.c **** 	_ADC_Sample_t V_1V6 = {0};
  77:Core/Src/main.c **** 	_ADC_Sample_t ADC4_12 = {0};
  78:Core/Src/main.c **** 
  79:Core/Src/main.c **** 	Kalman_Filter_t C_left_kalman = {.Q=0.5f,.R=1.0f};
  80:Core/Src/main.c **** 	
  81:Core/Src/main.c ****   _Supercap_PID_Controller_t PID_45W_loop;
  82:Core/Src/main.c ****   _Supercap_PID_Controller_t PID_24V_loop;
  83:Core/Src/main.c ****   _Supercap_PID_Controller_t PID_7A_loop;
  84:Core/Src/main.c **** 	
  85:Core/Src/main.c **** 	float temp2;
  86:Core/Src/main.c **** 	uint16_t temp_counter;
  87:Core/Src/main.c **** 
  88:Core/Src/main.c **** /* USER CODE END PV */
  89:Core/Src/main.c **** 
  90:Core/Src/main.c **** /* Private function prototypes -----------------------------------------------*/
  91:Core/Src/main.c **** void SystemClock_Config(void);
  92:Core/Src/main.c **** /* USER CODE BEGIN PFP */
  93:Core/Src/main.c **** //void HAL_ADC_ConvCpltCallback(ADC_HandleTypeDef* hadc1)
  94:Core/Src/main.c **** //{
  95:Core/Src/main.c **** //  HAL_GPIO_TogglePin(GPIOB, GPIO_PIN_14);
  96:Core/Src/main.c **** //}
  97:Core/Src/main.c **** /* USER CODE END PFP */
  98:Core/Src/main.c **** 
  99:Core/Src/main.c **** /* Private user code ---------------------------------------------------------*/
 100:Core/Src/main.c **** /* USER CODE BEGIN 0 */
 101:Core/Src/main.c **** 
 102:Core/Src/main.c **** 
 103:Core/Src/main.c **** /* USER CODE END 0 */
 104:Core/Src/main.c **** 
 105:Core/Src/main.c **** /**
 106:Core/Src/main.c ****   * @brief  The application entry point.
 107:Core/Src/main.c ****   * @retval int
 108:Core/Src/main.c ****   */
 109:Core/Src/main.c **** int main(void)
 110:Core/Src/main.c **** {
 111:Core/Src/main.c ****   /* USER CODE BEGIN 1 */
 112:Core/Src/main.c ****   
 113:Core/Src/main.c ****   char tail[4] = {0x00, 0x00, 0x80, 0x7f};
 114:Core/Src/main.c **** 
 115:Core/Src/main.c ****   C_left.sample = &supercap_ADC1[0];
 116:Core/Src/main.c ****   C_sys.sample = &supercap_ADC1[1];
 117:Core/Src/main.c ****   C_right.sample = &supercap_ADC3[2];
 118:Core/Src/main.c ****   V_sys_op.sample = &supercap_ADC2[0];
 119:Core/Src/main.c ****   V_cap_op.sample = &supercap_ADC2[1];
 120:Core/Src/main.c ****   V_cap.sample = &supercap_ADC2[2];
 121:Core/Src/main.c ****   V_bat.sample = &supercap_ADC3[0];
 122:Core/Src/main.c ****   V_sys.sample = &supercap_ADC3[1];
 123:Core/Src/main.c **** 	V_1V6.sample = &supercap_ADC4[0];
 124:Core/Src/main.c **** 	ADC4_12.sample = &supercap_ADC4[1];
 125:Core/Src/main.c **** 	
 126:Core/Src/main.c **** 	float temp;
 127:Core/Src/main.c ****   /* USER CODE END 1 */
 128:Core/Src/main.c **** 
 129:Core/Src/main.c ****   /* MCU Configuration--------------------------------------------------------*/
 130:Core/Src/main.c **** 
ARM GAS  C:\Users\purdu\AppData\Local\Temp\cc4WMaCT.s 			page 5


 131:Core/Src/main.c ****   /* Reset of all peripherals, Initializes the Flash interface and the Systick. */
 132:Core/Src/main.c ****   HAL_Init();
 133:Core/Src/main.c **** 
 134:Core/Src/main.c ****   /* USER CODE BEGIN Init */
 135:Core/Src/main.c **** 
 136:Core/Src/main.c ****   /* USER CODE END Init */
 137:Core/Src/main.c **** 
 138:Core/Src/main.c ****   /* Configure the system clock */
 139:Core/Src/main.c ****   SystemClock_Config();
 140:Core/Src/main.c **** 
 141:Core/Src/main.c ****   /* USER CODE BEGIN SysInit */
 142:Core/Src/main.c **** 
 143:Core/Src/main.c ****   /* USER CODE END SysInit */
 144:Core/Src/main.c **** 
 145:Core/Src/main.c ****   /* Initialize all configured peripherals */
 146:Core/Src/main.c ****   MX_GPIO_Init();
 147:Core/Src/main.c ****   MX_DMA_Init();
 148:Core/Src/main.c ****   MX_ADC1_Init();
 149:Core/Src/main.c ****   MX_ADC2_Init();
 150:Core/Src/main.c ****   MX_TIM1_Init();
 151:Core/Src/main.c ****   MX_USART1_UART_Init();
 152:Core/Src/main.c ****   MX_USART2_UART_Init();
 153:Core/Src/main.c ****   MX_USART3_UART_Init();
 154:Core/Src/main.c ****   MX_TIM3_Init();
 155:Core/Src/main.c ****   MX_TIM4_Init();
 156:Core/Src/main.c ****   MX_ADC4_Init();
 157:Core/Src/main.c ****   MX_FDCAN1_Init();
 158:Core/Src/main.c ****   MX_ADC5_Init();
 159:Core/Src/main.c ****   MX_ADC3_Init();
 160:Core/Src/main.c ****   MX_TIM2_Init();
 161:Core/Src/main.c ****   MX_TIM5_Init();
 162:Core/Src/main.c ****   /* USER CODE BEGIN 2 */
 163:Core/Src/main.c **** 	HAL_ADCEx_Calibration_Start(&hadc1, ADC_SINGLE_ENDED);
 164:Core/Src/main.c **** 	HAL_ADCEx_Calibration_Start(&hadc2, ADC_SINGLE_ENDED);
 165:Core/Src/main.c **** 	HAL_ADCEx_Calibration_Start(&hadc3, ADC_SINGLE_ENDED);
 166:Core/Src/main.c **** 	HAL_ADCEx_Calibration_Start(&hadc4, ADC_SINGLE_ENDED);
 167:Core/Src/main.c **** 
 168:Core/Src/main.c ****   HAL_ADC_Start_DMA(&hadc1, (uint32_t*)supercap_ADC1, 2);
 169:Core/Src/main.c ****   HAL_ADC_Start_DMA(&hadc2, (uint32_t*)supercap_ADC2, 3);
 170:Core/Src/main.c ****   HAL_ADC_Start_DMA(&hadc3, (uint32_t*)supercap_ADC3, 3);
 171:Core/Src/main.c **** 	HAL_ADC_Start_DMA(&hadc4, (uint32_t*)supercap_ADC4, 2);
 172:Core/Src/main.c **** 	
 173:Core/Src/main.c **** 	HAL_TIM_Base_Start(&htim1);
 174:Core/Src/main.c **** 	HAL_TIM_PWM_Start(&htim1, TIM_CHANNEL_1);
 175:Core/Src/main.c ****   HAL_TIMEx_PWMN_Start(&htim1, TIM_CHANNEL_1);
 176:Core/Src/main.c ****   HAL_TIM_PWM_Start(&htim1, TIM_CHANNEL_4);
 177:Core/Src/main.c ****   HAL_TIMEx_PWMN_Start(&htim1, TIM_CHANNEL_4);
 178:Core/Src/main.c **** 	
 179:Core/Src/main.c ****   HAL_TIM_PWM_Start(&htim3, TIM_CHANNEL_2);
 180:Core/Src/main.c **** 	HAL_TIM_PWM_Start(&htim3, TIM_CHANNEL_3);
 181:Core/Src/main.c **** 	
 182:Core/Src/main.c **** 	HAL_TIM_PWM_Start(&htim4, TIM_CHANNEL_1);
 183:Core/Src/main.c **** 	HAL_TIM_PWM_Start(&htim4, TIM_CHANNEL_2);
 184:Core/Src/main.c **** 	
 185:Core/Src/main.c **** 	Supercap_Soft_Start();
 186:Core/Src/main.c **** 	
 187:Core/Src/main.c **** 	HAL_TIM_Base_Start_IT(&htim2);
ARM GAS  C:\Users\purdu\AppData\Local\Temp\cc4WMaCT.s 			page 6


 188:Core/Src/main.c **** 	HAL_TIM_Base_Start_IT(&htim5);
 189:Core/Src/main.c **** 
 190:Core/Src/main.c **** 	Supercap_PID_Init(&PID_45W_loop, 0.001f, 0.00001f, 0.0f, MAX_CAP_VOLTAGE, 0, 1000);
 191:Core/Src/main.c ****   Supercap_PID_Init(&PID_24V_loop, 1.0f, 0.000f, 0.0f, MAX_CAP_VOLTAGE, 0, 2500);
 192:Core/Src/main.c ****   Supercap_PID_Init(&PID_7A_loop, 1.0f, 0.000f, 0.0f, MAX_CAP_VOLTAGE, 0, 2500);
 193:Core/Src/main.c **** 	
 194:Core/Src/main.c ****   /* USER CODE END 2 */
 195:Core/Src/main.c **** 
 196:Core/Src/main.c ****   /* Infinite loop */
 197:Core/Src/main.c ****   /* USER CODE BEGIN WHILE */
 198:Core/Src/main.c ****   while (1)
 199:Core/Src/main.c ****   {
 200:Core/Src/main.c ****     /* USER CODE END WHILE */
 201:Core/Src/main.c **** 
 202:Core/Src/main.c ****     /* USER CODE BEGIN 3 */
 203:Core/Src/main.c ****     //sending set: One side DCDC test bench
 204:Core/Src/main.c ****     //Current, voltage and duty cycle
 205:Core/Src/main.c **** 		temp = Supercap_ADC_to_Current_Funtion(C_sys.real_value_12bits,2047);
 206:Core/Src/main.c **** 		HAL_UART_Transmit(&huart3, (uint8_t*)&(temp), 4, 1000);
 207:Core/Src/main.c ****     temp = PID_45W_loop.output;
 208:Core/Src/main.c ****     HAL_UART_Transmit(&huart3, (uint8_t*)&(temp), 4, 1000);
 209:Core/Src/main.c ****     temp = PID_24V_loop.output;
 210:Core/Src/main.c ****     HAL_UART_Transmit(&huart3, (uint8_t*)&(temp), 4, 1000);
 211:Core/Src/main.c ****     temp = PID_7A_loop.output;
 212:Core/Src/main.c ****     HAL_UART_Transmit(&huart3, (uint8_t*)&(temp), 4, 1000);
 213:Core/Src/main.c **** 
 214:Core/Src/main.c **** 		HAL_UART_Transmit(&huart3, (uint8_t*)tail, 4, 1000);
 215:Core/Src/main.c ****   }
 216:Core/Src/main.c ****   /* USER CODE END 3 */
 217:Core/Src/main.c **** }
 218:Core/Src/main.c **** 
 219:Core/Src/main.c **** /**
 220:Core/Src/main.c ****   * @brief System Clock Configuration
 221:Core/Src/main.c ****   * @retval None
 222:Core/Src/main.c ****   */
 223:Core/Src/main.c **** void SystemClock_Config(void)
 224:Core/Src/main.c **** {
 225:Core/Src/main.c ****   RCC_OscInitTypeDef RCC_OscInitStruct = {0};
 226:Core/Src/main.c ****   RCC_ClkInitTypeDef RCC_ClkInitStruct = {0};
 227:Core/Src/main.c **** 
 228:Core/Src/main.c ****   /** Configure the main internal regulator output voltage
 229:Core/Src/main.c ****   */
 230:Core/Src/main.c ****   HAL_PWREx_ControlVoltageScaling(PWR_REGULATOR_VOLTAGE_SCALE1);
 231:Core/Src/main.c **** 
 232:Core/Src/main.c ****   /** Initializes the RCC Oscillators according to the specified parameters
 233:Core/Src/main.c ****   * in the RCC_OscInitTypeDef structure.
 234:Core/Src/main.c ****   */
 235:Core/Src/main.c ****   RCC_OscInitStruct.OscillatorType = RCC_OSCILLATORTYPE_HSI;
 236:Core/Src/main.c ****   RCC_OscInitStruct.HSIState = RCC_HSI_ON;
 237:Core/Src/main.c ****   RCC_OscInitStruct.HSICalibrationValue = RCC_HSICALIBRATION_DEFAULT;
 238:Core/Src/main.c ****   RCC_OscInitStruct.PLL.PLLState = RCC_PLL_ON;
 239:Core/Src/main.c ****   RCC_OscInitStruct.PLL.PLLSource = RCC_PLLSOURCE_HSI;
 240:Core/Src/main.c ****   RCC_OscInitStruct.PLL.PLLM = RCC_PLLM_DIV4;
 241:Core/Src/main.c ****   RCC_OscInitStruct.PLL.PLLN = 75;
 242:Core/Src/main.c ****   RCC_OscInitStruct.PLL.PLLP = RCC_PLLP_DIV2;
 243:Core/Src/main.c ****   RCC_OscInitStruct.PLL.PLLQ = RCC_PLLQ_DIV2;
 244:Core/Src/main.c ****   RCC_OscInitStruct.PLL.PLLR = RCC_PLLR_DIV2;
ARM GAS  C:\Users\purdu\AppData\Local\Temp\cc4WMaCT.s 			page 7


 245:Core/Src/main.c ****   if (HAL_RCC_OscConfig(&RCC_OscInitStruct) != HAL_OK)
 246:Core/Src/main.c ****   {
 247:Core/Src/main.c ****     Error_Handler();
 248:Core/Src/main.c ****   }
 249:Core/Src/main.c **** 
 250:Core/Src/main.c ****   /** Initializes the CPU, AHB and APB buses clocks
 251:Core/Src/main.c ****   */
 252:Core/Src/main.c ****   RCC_ClkInitStruct.ClockType = RCC_CLOCKTYPE_HCLK|RCC_CLOCKTYPE_SYSCLK
 253:Core/Src/main.c ****                               |RCC_CLOCKTYPE_PCLK1|RCC_CLOCKTYPE_PCLK2;
 254:Core/Src/main.c ****   RCC_ClkInitStruct.SYSCLKSource = RCC_SYSCLKSOURCE_PLLCLK;
 255:Core/Src/main.c ****   RCC_ClkInitStruct.AHBCLKDivider = RCC_SYSCLK_DIV1;
 256:Core/Src/main.c ****   RCC_ClkInitStruct.APB1CLKDivider = RCC_HCLK_DIV1;
 257:Core/Src/main.c ****   RCC_ClkInitStruct.APB2CLKDivider = RCC_HCLK_DIV1;
 258:Core/Src/main.c **** 
 259:Core/Src/main.c ****   if (HAL_RCC_ClockConfig(&RCC_ClkInitStruct, FLASH_LATENCY_4) != HAL_OK)
 260:Core/Src/main.c ****   {
 261:Core/Src/main.c ****     Error_Handler();
 262:Core/Src/main.c ****   }
 263:Core/Src/main.c **** }
 264:Core/Src/main.c **** 
 265:Core/Src/main.c **** /* USER CODE BEGIN 4 */
 266:Core/Src/main.c **** 
 267:Core/Src/main.c **** /* USER CODE END 4 */
 268:Core/Src/main.c **** 
 269:Core/Src/main.c **** /**
 270:Core/Src/main.c ****   * @brief  This function is executed in case of error occurrence.
 271:Core/Src/main.c ****   * @retval None
 272:Core/Src/main.c ****   */
 273:Core/Src/main.c **** void Error_Handler(void)
 274:Core/Src/main.c **** {
  79              		.loc 1 274 1 is_stmt 1 view -0
  80              		.cfi_startproc
  81              		@ Volatile: function does not return.
  82              		@ args = 0, pretend = 0, frame = 0
  83              		@ frame_needed = 0, uses_anonymous_args = 0
  84              		@ link register save eliminated.
 275:Core/Src/main.c ****   /* USER CODE BEGIN Error_Handler_Debug */
 276:Core/Src/main.c ****   /* User can add his own implementation to report the HAL error return state */
 277:Core/Src/main.c ****   __disable_irq();
  85              		.loc 1 277 3 view .LVU8
  86              	.LBB4:
  87              	.LBI4:
  88              		.file 3 "Drivers/CMSIS/Include/cmsis_gcc.h"
   1:Drivers/CMSIS/Include/cmsis_gcc.h **** /**************************************************************************//**
   2:Drivers/CMSIS/Include/cmsis_gcc.h ****  * @file     cmsis_gcc.h
   3:Drivers/CMSIS/Include/cmsis_gcc.h ****  * @brief    CMSIS compiler GCC header file
   4:Drivers/CMSIS/Include/cmsis_gcc.h ****  * @version  V5.2.0
   5:Drivers/CMSIS/Include/cmsis_gcc.h ****  * @date     08. May 2019
   6:Drivers/CMSIS/Include/cmsis_gcc.h ****  ******************************************************************************/
   7:Drivers/CMSIS/Include/cmsis_gcc.h **** /*
   8:Drivers/CMSIS/Include/cmsis_gcc.h ****  * Copyright (c) 2009-2019 Arm Limited. All rights reserved.
   9:Drivers/CMSIS/Include/cmsis_gcc.h ****  *
  10:Drivers/CMSIS/Include/cmsis_gcc.h ****  * SPDX-License-Identifier: Apache-2.0
  11:Drivers/CMSIS/Include/cmsis_gcc.h ****  *
  12:Drivers/CMSIS/Include/cmsis_gcc.h ****  * Licensed under the Apache License, Version 2.0 (the License); you may
  13:Drivers/CMSIS/Include/cmsis_gcc.h ****  * not use this file except in compliance with the License.
  14:Drivers/CMSIS/Include/cmsis_gcc.h ****  * You may obtain a copy of the License at
ARM GAS  C:\Users\purdu\AppData\Local\Temp\cc4WMaCT.s 			page 8


  15:Drivers/CMSIS/Include/cmsis_gcc.h ****  *
  16:Drivers/CMSIS/Include/cmsis_gcc.h ****  * www.apache.org/licenses/LICENSE-2.0
  17:Drivers/CMSIS/Include/cmsis_gcc.h ****  *
  18:Drivers/CMSIS/Include/cmsis_gcc.h ****  * Unless required by applicable law or agreed to in writing, software
  19:Drivers/CMSIS/Include/cmsis_gcc.h ****  * distributed under the License is distributed on an AS IS BASIS, WITHOUT
  20:Drivers/CMSIS/Include/cmsis_gcc.h ****  * WARRANTIES OR CONDITIONS OF ANY KIND, either express or implied.
  21:Drivers/CMSIS/Include/cmsis_gcc.h ****  * See the License for the specific language governing permissions and
  22:Drivers/CMSIS/Include/cmsis_gcc.h ****  * limitations under the License.
  23:Drivers/CMSIS/Include/cmsis_gcc.h ****  */
  24:Drivers/CMSIS/Include/cmsis_gcc.h **** 
  25:Drivers/CMSIS/Include/cmsis_gcc.h **** #ifndef __CMSIS_GCC_H
  26:Drivers/CMSIS/Include/cmsis_gcc.h **** #define __CMSIS_GCC_H
  27:Drivers/CMSIS/Include/cmsis_gcc.h **** 
  28:Drivers/CMSIS/Include/cmsis_gcc.h **** /* ignore some GCC warnings */
  29:Drivers/CMSIS/Include/cmsis_gcc.h **** #pragma GCC diagnostic push
  30:Drivers/CMSIS/Include/cmsis_gcc.h **** #pragma GCC diagnostic ignored "-Wsign-conversion"
  31:Drivers/CMSIS/Include/cmsis_gcc.h **** #pragma GCC diagnostic ignored "-Wconversion"
  32:Drivers/CMSIS/Include/cmsis_gcc.h **** #pragma GCC diagnostic ignored "-Wunused-parameter"
  33:Drivers/CMSIS/Include/cmsis_gcc.h **** 
  34:Drivers/CMSIS/Include/cmsis_gcc.h **** /* Fallback for __has_builtin */
  35:Drivers/CMSIS/Include/cmsis_gcc.h **** #ifndef __has_builtin
  36:Drivers/CMSIS/Include/cmsis_gcc.h ****   #define __has_builtin(x) (0)
  37:Drivers/CMSIS/Include/cmsis_gcc.h **** #endif
  38:Drivers/CMSIS/Include/cmsis_gcc.h **** 
  39:Drivers/CMSIS/Include/cmsis_gcc.h **** /* CMSIS compiler specific defines */
  40:Drivers/CMSIS/Include/cmsis_gcc.h **** #ifndef   __ASM
  41:Drivers/CMSIS/Include/cmsis_gcc.h ****   #define __ASM                                  __asm
  42:Drivers/CMSIS/Include/cmsis_gcc.h **** #endif
  43:Drivers/CMSIS/Include/cmsis_gcc.h **** #ifndef   __INLINE
  44:Drivers/CMSIS/Include/cmsis_gcc.h ****   #define __INLINE                               inline
  45:Drivers/CMSIS/Include/cmsis_gcc.h **** #endif
  46:Drivers/CMSIS/Include/cmsis_gcc.h **** #ifndef   __STATIC_INLINE
  47:Drivers/CMSIS/Include/cmsis_gcc.h ****   #define __STATIC_INLINE                        static inline
  48:Drivers/CMSIS/Include/cmsis_gcc.h **** #endif
  49:Drivers/CMSIS/Include/cmsis_gcc.h **** #ifndef   __STATIC_FORCEINLINE                 
  50:Drivers/CMSIS/Include/cmsis_gcc.h ****   #define __STATIC_FORCEINLINE                   __attribute__((always_inline)) static inline
  51:Drivers/CMSIS/Include/cmsis_gcc.h **** #endif                                           
  52:Drivers/CMSIS/Include/cmsis_gcc.h **** #ifndef   __NO_RETURN
  53:Drivers/CMSIS/Include/cmsis_gcc.h ****   #define __NO_RETURN                            __attribute__((__noreturn__))
  54:Drivers/CMSIS/Include/cmsis_gcc.h **** #endif
  55:Drivers/CMSIS/Include/cmsis_gcc.h **** #ifndef   __USED
  56:Drivers/CMSIS/Include/cmsis_gcc.h ****   #define __USED                                 __attribute__((used))
  57:Drivers/CMSIS/Include/cmsis_gcc.h **** #endif
  58:Drivers/CMSIS/Include/cmsis_gcc.h **** #ifndef   __WEAK
  59:Drivers/CMSIS/Include/cmsis_gcc.h ****   #define __WEAK                                 __attribute__((weak))
  60:Drivers/CMSIS/Include/cmsis_gcc.h **** #endif
  61:Drivers/CMSIS/Include/cmsis_gcc.h **** #ifndef   __PACKED
  62:Drivers/CMSIS/Include/cmsis_gcc.h ****   #define __PACKED                               __attribute__((packed, aligned(1)))
  63:Drivers/CMSIS/Include/cmsis_gcc.h **** #endif
  64:Drivers/CMSIS/Include/cmsis_gcc.h **** #ifndef   __PACKED_STRUCT
  65:Drivers/CMSIS/Include/cmsis_gcc.h ****   #define __PACKED_STRUCT                        struct __attribute__((packed, aligned(1)))
  66:Drivers/CMSIS/Include/cmsis_gcc.h **** #endif
  67:Drivers/CMSIS/Include/cmsis_gcc.h **** #ifndef   __PACKED_UNION
  68:Drivers/CMSIS/Include/cmsis_gcc.h ****   #define __PACKED_UNION                         union __attribute__((packed, aligned(1)))
  69:Drivers/CMSIS/Include/cmsis_gcc.h **** #endif
  70:Drivers/CMSIS/Include/cmsis_gcc.h **** #ifndef   __UNALIGNED_UINT32        /* deprecated */
  71:Drivers/CMSIS/Include/cmsis_gcc.h ****   #pragma GCC diagnostic push
ARM GAS  C:\Users\purdu\AppData\Local\Temp\cc4WMaCT.s 			page 9


  72:Drivers/CMSIS/Include/cmsis_gcc.h ****   #pragma GCC diagnostic ignored "-Wpacked"
  73:Drivers/CMSIS/Include/cmsis_gcc.h ****   #pragma GCC diagnostic ignored "-Wattributes"
  74:Drivers/CMSIS/Include/cmsis_gcc.h ****   struct __attribute__((packed)) T_UINT32 { uint32_t v; };
  75:Drivers/CMSIS/Include/cmsis_gcc.h ****   #pragma GCC diagnostic pop
  76:Drivers/CMSIS/Include/cmsis_gcc.h ****   #define __UNALIGNED_UINT32(x)                  (((struct T_UINT32 *)(x))->v)
  77:Drivers/CMSIS/Include/cmsis_gcc.h **** #endif
  78:Drivers/CMSIS/Include/cmsis_gcc.h **** #ifndef   __UNALIGNED_UINT16_WRITE
  79:Drivers/CMSIS/Include/cmsis_gcc.h ****   #pragma GCC diagnostic push
  80:Drivers/CMSIS/Include/cmsis_gcc.h ****   #pragma GCC diagnostic ignored "-Wpacked"
  81:Drivers/CMSIS/Include/cmsis_gcc.h ****   #pragma GCC diagnostic ignored "-Wattributes"
  82:Drivers/CMSIS/Include/cmsis_gcc.h ****   __PACKED_STRUCT T_UINT16_WRITE { uint16_t v; };
  83:Drivers/CMSIS/Include/cmsis_gcc.h ****   #pragma GCC diagnostic pop
  84:Drivers/CMSIS/Include/cmsis_gcc.h ****   #define __UNALIGNED_UINT16_WRITE(addr, val)    (void)((((struct T_UINT16_WRITE *)(void *)(addr))-
  85:Drivers/CMSIS/Include/cmsis_gcc.h **** #endif
  86:Drivers/CMSIS/Include/cmsis_gcc.h **** #ifndef   __UNALIGNED_UINT16_READ
  87:Drivers/CMSIS/Include/cmsis_gcc.h ****   #pragma GCC diagnostic push
  88:Drivers/CMSIS/Include/cmsis_gcc.h ****   #pragma GCC diagnostic ignored "-Wpacked"
  89:Drivers/CMSIS/Include/cmsis_gcc.h ****   #pragma GCC diagnostic ignored "-Wattributes"
  90:Drivers/CMSIS/Include/cmsis_gcc.h ****   __PACKED_STRUCT T_UINT16_READ { uint16_t v; };
  91:Drivers/CMSIS/Include/cmsis_gcc.h ****   #pragma GCC diagnostic pop
  92:Drivers/CMSIS/Include/cmsis_gcc.h ****   #define __UNALIGNED_UINT16_READ(addr)          (((const struct T_UINT16_READ *)(const void *)(add
  93:Drivers/CMSIS/Include/cmsis_gcc.h **** #endif
  94:Drivers/CMSIS/Include/cmsis_gcc.h **** #ifndef   __UNALIGNED_UINT32_WRITE
  95:Drivers/CMSIS/Include/cmsis_gcc.h ****   #pragma GCC diagnostic push
  96:Drivers/CMSIS/Include/cmsis_gcc.h ****   #pragma GCC diagnostic ignored "-Wpacked"
  97:Drivers/CMSIS/Include/cmsis_gcc.h ****   #pragma GCC diagnostic ignored "-Wattributes"
  98:Drivers/CMSIS/Include/cmsis_gcc.h ****   __PACKED_STRUCT T_UINT32_WRITE { uint32_t v; };
  99:Drivers/CMSIS/Include/cmsis_gcc.h ****   #pragma GCC diagnostic pop
 100:Drivers/CMSIS/Include/cmsis_gcc.h ****   #define __UNALIGNED_UINT32_WRITE(addr, val)    (void)((((struct T_UINT32_WRITE *)(void *)(addr))-
 101:Drivers/CMSIS/Include/cmsis_gcc.h **** #endif
 102:Drivers/CMSIS/Include/cmsis_gcc.h **** #ifndef   __UNALIGNED_UINT32_READ
 103:Drivers/CMSIS/Include/cmsis_gcc.h ****   #pragma GCC diagnostic push
 104:Drivers/CMSIS/Include/cmsis_gcc.h ****   #pragma GCC diagnostic ignored "-Wpacked"
 105:Drivers/CMSIS/Include/cmsis_gcc.h ****   #pragma GCC diagnostic ignored "-Wattributes"
 106:Drivers/CMSIS/Include/cmsis_gcc.h ****   __PACKED_STRUCT T_UINT32_READ { uint32_t v; };
 107:Drivers/CMSIS/Include/cmsis_gcc.h ****   #pragma GCC diagnostic pop
 108:Drivers/CMSIS/Include/cmsis_gcc.h ****   #define __UNALIGNED_UINT32_READ(addr)          (((const struct T_UINT32_READ *)(const void *)(add
 109:Drivers/CMSIS/Include/cmsis_gcc.h **** #endif
 110:Drivers/CMSIS/Include/cmsis_gcc.h **** #ifndef   __ALIGNED
 111:Drivers/CMSIS/Include/cmsis_gcc.h ****   #define __ALIGNED(x)                           __attribute__((aligned(x)))
 112:Drivers/CMSIS/Include/cmsis_gcc.h **** #endif
 113:Drivers/CMSIS/Include/cmsis_gcc.h **** #ifndef   __RESTRICT
 114:Drivers/CMSIS/Include/cmsis_gcc.h ****   #define __RESTRICT                             __restrict
 115:Drivers/CMSIS/Include/cmsis_gcc.h **** #endif
 116:Drivers/CMSIS/Include/cmsis_gcc.h **** #ifndef   __COMPILER_BARRIER
 117:Drivers/CMSIS/Include/cmsis_gcc.h ****   #define __COMPILER_BARRIER()                   __ASM volatile("":::"memory")
 118:Drivers/CMSIS/Include/cmsis_gcc.h **** #endif
 119:Drivers/CMSIS/Include/cmsis_gcc.h **** 
 120:Drivers/CMSIS/Include/cmsis_gcc.h **** /* #########################  Startup and Lowlevel Init  ######################## */
 121:Drivers/CMSIS/Include/cmsis_gcc.h **** 
 122:Drivers/CMSIS/Include/cmsis_gcc.h **** #ifndef __PROGRAM_START
 123:Drivers/CMSIS/Include/cmsis_gcc.h **** 
 124:Drivers/CMSIS/Include/cmsis_gcc.h **** /**
 125:Drivers/CMSIS/Include/cmsis_gcc.h ****   \brief   Initializes data and bss sections
 126:Drivers/CMSIS/Include/cmsis_gcc.h ****   \details This default implementations initialized all data and additional bss
 127:Drivers/CMSIS/Include/cmsis_gcc.h ****            sections relying on .copy.table and .zero.table specified properly
 128:Drivers/CMSIS/Include/cmsis_gcc.h ****            in the used linker script.
ARM GAS  C:\Users\purdu\AppData\Local\Temp\cc4WMaCT.s 			page 10


 129:Drivers/CMSIS/Include/cmsis_gcc.h ****   
 130:Drivers/CMSIS/Include/cmsis_gcc.h ****  */
 131:Drivers/CMSIS/Include/cmsis_gcc.h **** __STATIC_FORCEINLINE __NO_RETURN void __cmsis_start(void)
 132:Drivers/CMSIS/Include/cmsis_gcc.h **** {
 133:Drivers/CMSIS/Include/cmsis_gcc.h ****   extern void _start(void) __NO_RETURN;
 134:Drivers/CMSIS/Include/cmsis_gcc.h ****   
 135:Drivers/CMSIS/Include/cmsis_gcc.h ****   typedef struct {
 136:Drivers/CMSIS/Include/cmsis_gcc.h ****     uint32_t const* src;
 137:Drivers/CMSIS/Include/cmsis_gcc.h ****     uint32_t* dest;
 138:Drivers/CMSIS/Include/cmsis_gcc.h ****     uint32_t  wlen;
 139:Drivers/CMSIS/Include/cmsis_gcc.h ****   } __copy_table_t;
 140:Drivers/CMSIS/Include/cmsis_gcc.h ****   
 141:Drivers/CMSIS/Include/cmsis_gcc.h ****   typedef struct {
 142:Drivers/CMSIS/Include/cmsis_gcc.h ****     uint32_t* dest;
 143:Drivers/CMSIS/Include/cmsis_gcc.h ****     uint32_t  wlen;
 144:Drivers/CMSIS/Include/cmsis_gcc.h ****   } __zero_table_t;
 145:Drivers/CMSIS/Include/cmsis_gcc.h ****   
 146:Drivers/CMSIS/Include/cmsis_gcc.h ****   extern const __copy_table_t __copy_table_start__;
 147:Drivers/CMSIS/Include/cmsis_gcc.h ****   extern const __copy_table_t __copy_table_end__;
 148:Drivers/CMSIS/Include/cmsis_gcc.h ****   extern const __zero_table_t __zero_table_start__;
 149:Drivers/CMSIS/Include/cmsis_gcc.h ****   extern const __zero_table_t __zero_table_end__;
 150:Drivers/CMSIS/Include/cmsis_gcc.h **** 
 151:Drivers/CMSIS/Include/cmsis_gcc.h ****   for (__copy_table_t const* pTable = &__copy_table_start__; pTable < &__copy_table_end__; ++pTable
 152:Drivers/CMSIS/Include/cmsis_gcc.h ****     for(uint32_t i=0u; i<pTable->wlen; ++i) {
 153:Drivers/CMSIS/Include/cmsis_gcc.h ****       pTable->dest[i] = pTable->src[i];
 154:Drivers/CMSIS/Include/cmsis_gcc.h ****     }
 155:Drivers/CMSIS/Include/cmsis_gcc.h ****   }
 156:Drivers/CMSIS/Include/cmsis_gcc.h ****  
 157:Drivers/CMSIS/Include/cmsis_gcc.h ****   for (__zero_table_t const* pTable = &__zero_table_start__; pTable < &__zero_table_end__; ++pTable
 158:Drivers/CMSIS/Include/cmsis_gcc.h ****     for(uint32_t i=0u; i<pTable->wlen; ++i) {
 159:Drivers/CMSIS/Include/cmsis_gcc.h ****       pTable->dest[i] = 0u;
 160:Drivers/CMSIS/Include/cmsis_gcc.h ****     }
 161:Drivers/CMSIS/Include/cmsis_gcc.h ****   }
 162:Drivers/CMSIS/Include/cmsis_gcc.h ****  
 163:Drivers/CMSIS/Include/cmsis_gcc.h ****   _start();
 164:Drivers/CMSIS/Include/cmsis_gcc.h **** }
 165:Drivers/CMSIS/Include/cmsis_gcc.h ****   
 166:Drivers/CMSIS/Include/cmsis_gcc.h **** #define __PROGRAM_START           __cmsis_start
 167:Drivers/CMSIS/Include/cmsis_gcc.h **** #endif
 168:Drivers/CMSIS/Include/cmsis_gcc.h **** 
 169:Drivers/CMSIS/Include/cmsis_gcc.h **** #ifndef __INITIAL_SP
 170:Drivers/CMSIS/Include/cmsis_gcc.h **** #define __INITIAL_SP              __StackTop
 171:Drivers/CMSIS/Include/cmsis_gcc.h **** #endif
 172:Drivers/CMSIS/Include/cmsis_gcc.h **** 
 173:Drivers/CMSIS/Include/cmsis_gcc.h **** #ifndef __STACK_LIMIT
 174:Drivers/CMSIS/Include/cmsis_gcc.h **** #define __STACK_LIMIT             __StackLimit
 175:Drivers/CMSIS/Include/cmsis_gcc.h **** #endif
 176:Drivers/CMSIS/Include/cmsis_gcc.h **** 
 177:Drivers/CMSIS/Include/cmsis_gcc.h **** #ifndef __VECTOR_TABLE
 178:Drivers/CMSIS/Include/cmsis_gcc.h **** #define __VECTOR_TABLE            __Vectors
 179:Drivers/CMSIS/Include/cmsis_gcc.h **** #endif
 180:Drivers/CMSIS/Include/cmsis_gcc.h **** 
 181:Drivers/CMSIS/Include/cmsis_gcc.h **** #ifndef __VECTOR_TABLE_ATTRIBUTE
 182:Drivers/CMSIS/Include/cmsis_gcc.h **** #define __VECTOR_TABLE_ATTRIBUTE  __attribute((used, section(".vectors")))
 183:Drivers/CMSIS/Include/cmsis_gcc.h **** #endif
 184:Drivers/CMSIS/Include/cmsis_gcc.h **** 
 185:Drivers/CMSIS/Include/cmsis_gcc.h **** /* ###########################  Core Function Access  ########################### */
ARM GAS  C:\Users\purdu\AppData\Local\Temp\cc4WMaCT.s 			page 11


 186:Drivers/CMSIS/Include/cmsis_gcc.h **** /** \ingroup  CMSIS_Core_FunctionInterface
 187:Drivers/CMSIS/Include/cmsis_gcc.h ****     \defgroup CMSIS_Core_RegAccFunctions CMSIS Core Register Access Functions
 188:Drivers/CMSIS/Include/cmsis_gcc.h ****   @{
 189:Drivers/CMSIS/Include/cmsis_gcc.h ****  */
 190:Drivers/CMSIS/Include/cmsis_gcc.h **** 
 191:Drivers/CMSIS/Include/cmsis_gcc.h **** /**
 192:Drivers/CMSIS/Include/cmsis_gcc.h ****   \brief   Enable IRQ Interrupts
 193:Drivers/CMSIS/Include/cmsis_gcc.h ****   \details Enables IRQ interrupts by clearing the I-bit in the CPSR.
 194:Drivers/CMSIS/Include/cmsis_gcc.h ****            Can only be executed in Privileged modes.
 195:Drivers/CMSIS/Include/cmsis_gcc.h ****  */
 196:Drivers/CMSIS/Include/cmsis_gcc.h **** __STATIC_FORCEINLINE void __enable_irq(void)
 197:Drivers/CMSIS/Include/cmsis_gcc.h **** {
 198:Drivers/CMSIS/Include/cmsis_gcc.h ****   __ASM volatile ("cpsie i" : : : "memory");
 199:Drivers/CMSIS/Include/cmsis_gcc.h **** }
 200:Drivers/CMSIS/Include/cmsis_gcc.h **** 
 201:Drivers/CMSIS/Include/cmsis_gcc.h **** 
 202:Drivers/CMSIS/Include/cmsis_gcc.h **** /**
 203:Drivers/CMSIS/Include/cmsis_gcc.h ****   \brief   Disable IRQ Interrupts
 204:Drivers/CMSIS/Include/cmsis_gcc.h ****   \details Disables IRQ interrupts by setting the I-bit in the CPSR.
 205:Drivers/CMSIS/Include/cmsis_gcc.h ****            Can only be executed in Privileged modes.
 206:Drivers/CMSIS/Include/cmsis_gcc.h ****  */
 207:Drivers/CMSIS/Include/cmsis_gcc.h **** __STATIC_FORCEINLINE void __disable_irq(void)
  89              		.loc 3 207 27 view .LVU9
  90              	.LBB5:
 208:Drivers/CMSIS/Include/cmsis_gcc.h **** {
 209:Drivers/CMSIS/Include/cmsis_gcc.h ****   __ASM volatile ("cpsid i" : : : "memory");
  91              		.loc 3 209 3 view .LVU10
  92              		.syntax unified
  93              	@ 209 "Drivers/CMSIS/Include/cmsis_gcc.h" 1
  94 0000 72B6     		cpsid i
  95              	@ 0 "" 2
  96              		.thumb
  97              		.syntax unified
  98              	.L6:
  99              	.LBE5:
 100              	.LBE4:
 278:Core/Src/main.c ****   while (1)
 101              		.loc 1 278 3 view .LVU11
 279:Core/Src/main.c ****   {
 280:Core/Src/main.c ****   }
 102              		.loc 1 280 3 view .LVU12
 278:Core/Src/main.c ****   while (1)
 103              		.loc 1 278 9 view .LVU13
 104 0002 FEE7     		b	.L6
 105              		.cfi_endproc
 106              	.LFE335:
 108              		.section	.text.SystemClock_Config,"ax",%progbits
 109              		.align	1
 110              		.global	SystemClock_Config
 111              		.syntax unified
 112              		.thumb
 113              		.thumb_func
 115              	SystemClock_Config:
 116              	.LFB334:
 224:Core/Src/main.c ****   RCC_OscInitTypeDef RCC_OscInitStruct = {0};
 117              		.loc 1 224 1 view -0
 118              		.cfi_startproc
ARM GAS  C:\Users\purdu\AppData\Local\Temp\cc4WMaCT.s 			page 12


 119              		@ args = 0, pretend = 0, frame = 80
 120              		@ frame_needed = 0, uses_anonymous_args = 0
 121 0000 00B5     		push	{lr}
 122              	.LCFI3:
 123              		.cfi_def_cfa_offset 4
 124              		.cfi_offset 14, -4
 125 0002 95B0     		sub	sp, sp, #84
 126              	.LCFI4:
 127              		.cfi_def_cfa_offset 88
 225:Core/Src/main.c ****   RCC_ClkInitTypeDef RCC_ClkInitStruct = {0};
 128              		.loc 1 225 3 view .LVU15
 225:Core/Src/main.c ****   RCC_ClkInitTypeDef RCC_ClkInitStruct = {0};
 129              		.loc 1 225 22 is_stmt 0 view .LVU16
 130 0004 3822     		movs	r2, #56
 131 0006 0021     		movs	r1, #0
 132 0008 06A8     		add	r0, sp, #24
 133 000a FFF7FEFF 		bl	memset
 134              	.LVL4:
 226:Core/Src/main.c **** 
 135              		.loc 1 226 3 is_stmt 1 view .LVU17
 226:Core/Src/main.c **** 
 136              		.loc 1 226 22 is_stmt 0 view .LVU18
 137 000e 0023     		movs	r3, #0
 138 0010 0193     		str	r3, [sp, #4]
 139 0012 0293     		str	r3, [sp, #8]
 140 0014 0393     		str	r3, [sp, #12]
 141 0016 0493     		str	r3, [sp, #16]
 142 0018 0593     		str	r3, [sp, #20]
 230:Core/Src/main.c **** 
 143              		.loc 1 230 3 is_stmt 1 view .LVU19
 144 001a 4FF40070 		mov	r0, #512
 145 001e FFF7FEFF 		bl	HAL_PWREx_ControlVoltageScaling
 146              	.LVL5:
 235:Core/Src/main.c ****   RCC_OscInitStruct.HSIState = RCC_HSI_ON;
 147              		.loc 1 235 3 view .LVU20
 235:Core/Src/main.c ****   RCC_OscInitStruct.HSIState = RCC_HSI_ON;
 148              		.loc 1 235 36 is_stmt 0 view .LVU21
 149 0022 0223     		movs	r3, #2
 150 0024 0693     		str	r3, [sp, #24]
 236:Core/Src/main.c ****   RCC_OscInitStruct.HSICalibrationValue = RCC_HSICALIBRATION_DEFAULT;
 151              		.loc 1 236 3 is_stmt 1 view .LVU22
 236:Core/Src/main.c ****   RCC_OscInitStruct.HSICalibrationValue = RCC_HSICALIBRATION_DEFAULT;
 152              		.loc 1 236 30 is_stmt 0 view .LVU23
 153 0026 4FF48072 		mov	r2, #256
 154 002a 0992     		str	r2, [sp, #36]
 237:Core/Src/main.c ****   RCC_OscInitStruct.PLL.PLLState = RCC_PLL_ON;
 155              		.loc 1 237 3 is_stmt 1 view .LVU24
 237:Core/Src/main.c ****   RCC_OscInitStruct.PLL.PLLState = RCC_PLL_ON;
 156              		.loc 1 237 41 is_stmt 0 view .LVU25
 157 002c 4022     		movs	r2, #64
 158 002e 0A92     		str	r2, [sp, #40]
 238:Core/Src/main.c ****   RCC_OscInitStruct.PLL.PLLSource = RCC_PLLSOURCE_HSI;
 159              		.loc 1 238 3 is_stmt 1 view .LVU26
 238:Core/Src/main.c ****   RCC_OscInitStruct.PLL.PLLSource = RCC_PLLSOURCE_HSI;
 160              		.loc 1 238 34 is_stmt 0 view .LVU27
 161 0030 0D93     		str	r3, [sp, #52]
 239:Core/Src/main.c ****   RCC_OscInitStruct.PLL.PLLM = RCC_PLLM_DIV4;
ARM GAS  C:\Users\purdu\AppData\Local\Temp\cc4WMaCT.s 			page 13


 162              		.loc 1 239 3 is_stmt 1 view .LVU28
 239:Core/Src/main.c ****   RCC_OscInitStruct.PLL.PLLM = RCC_PLLM_DIV4;
 163              		.loc 1 239 35 is_stmt 0 view .LVU29
 164 0032 0E93     		str	r3, [sp, #56]
 240:Core/Src/main.c ****   RCC_OscInitStruct.PLL.PLLN = 75;
 165              		.loc 1 240 3 is_stmt 1 view .LVU30
 240:Core/Src/main.c ****   RCC_OscInitStruct.PLL.PLLN = 75;
 166              		.loc 1 240 30 is_stmt 0 view .LVU31
 167 0034 0422     		movs	r2, #4
 168 0036 0F92     		str	r2, [sp, #60]
 241:Core/Src/main.c ****   RCC_OscInitStruct.PLL.PLLP = RCC_PLLP_DIV2;
 169              		.loc 1 241 3 is_stmt 1 view .LVU32
 241:Core/Src/main.c ****   RCC_OscInitStruct.PLL.PLLP = RCC_PLLP_DIV2;
 170              		.loc 1 241 30 is_stmt 0 view .LVU33
 171 0038 4B22     		movs	r2, #75
 172 003a 1092     		str	r2, [sp, #64]
 242:Core/Src/main.c ****   RCC_OscInitStruct.PLL.PLLQ = RCC_PLLQ_DIV2;
 173              		.loc 1 242 3 is_stmt 1 view .LVU34
 242:Core/Src/main.c ****   RCC_OscInitStruct.PLL.PLLQ = RCC_PLLQ_DIV2;
 174              		.loc 1 242 30 is_stmt 0 view .LVU35
 175 003c 1193     		str	r3, [sp, #68]
 243:Core/Src/main.c ****   RCC_OscInitStruct.PLL.PLLR = RCC_PLLR_DIV2;
 176              		.loc 1 243 3 is_stmt 1 view .LVU36
 243:Core/Src/main.c ****   RCC_OscInitStruct.PLL.PLLR = RCC_PLLR_DIV2;
 177              		.loc 1 243 30 is_stmt 0 view .LVU37
 178 003e 1293     		str	r3, [sp, #72]
 244:Core/Src/main.c ****   if (HAL_RCC_OscConfig(&RCC_OscInitStruct) != HAL_OK)
 179              		.loc 1 244 3 is_stmt 1 view .LVU38
 244:Core/Src/main.c ****   if (HAL_RCC_OscConfig(&RCC_OscInitStruct) != HAL_OK)
 180              		.loc 1 244 30 is_stmt 0 view .LVU39
 181 0040 1393     		str	r3, [sp, #76]
 245:Core/Src/main.c ****   {
 182              		.loc 1 245 3 is_stmt 1 view .LVU40
 245:Core/Src/main.c ****   {
 183              		.loc 1 245 7 is_stmt 0 view .LVU41
 184 0042 06A8     		add	r0, sp, #24
 185 0044 FFF7FEFF 		bl	HAL_RCC_OscConfig
 186              	.LVL6:
 245:Core/Src/main.c ****   {
 187              		.loc 1 245 6 discriminator 1 view .LVU42
 188 0048 80B9     		cbnz	r0, .L11
 252:Core/Src/main.c ****                               |RCC_CLOCKTYPE_PCLK1|RCC_CLOCKTYPE_PCLK2;
 189              		.loc 1 252 3 is_stmt 1 view .LVU43
 252:Core/Src/main.c ****                               |RCC_CLOCKTYPE_PCLK1|RCC_CLOCKTYPE_PCLK2;
 190              		.loc 1 252 31 is_stmt 0 view .LVU44
 191 004a 0F23     		movs	r3, #15
 192 004c 0193     		str	r3, [sp, #4]
 254:Core/Src/main.c ****   RCC_ClkInitStruct.AHBCLKDivider = RCC_SYSCLK_DIV1;
 193              		.loc 1 254 3 is_stmt 1 view .LVU45
 254:Core/Src/main.c ****   RCC_ClkInitStruct.AHBCLKDivider = RCC_SYSCLK_DIV1;
 194              		.loc 1 254 34 is_stmt 0 view .LVU46
 195 004e 0323     		movs	r3, #3
 196 0050 0293     		str	r3, [sp, #8]
 255:Core/Src/main.c ****   RCC_ClkInitStruct.APB1CLKDivider = RCC_HCLK_DIV1;
 197              		.loc 1 255 3 is_stmt 1 view .LVU47
 255:Core/Src/main.c ****   RCC_ClkInitStruct.APB1CLKDivider = RCC_HCLK_DIV1;
 198              		.loc 1 255 35 is_stmt 0 view .LVU48
ARM GAS  C:\Users\purdu\AppData\Local\Temp\cc4WMaCT.s 			page 14


 199 0052 0023     		movs	r3, #0
 200 0054 0393     		str	r3, [sp, #12]
 256:Core/Src/main.c ****   RCC_ClkInitStruct.APB2CLKDivider = RCC_HCLK_DIV1;
 201              		.loc 1 256 3 is_stmt 1 view .LVU49
 256:Core/Src/main.c ****   RCC_ClkInitStruct.APB2CLKDivider = RCC_HCLK_DIV1;
 202              		.loc 1 256 36 is_stmt 0 view .LVU50
 203 0056 0493     		str	r3, [sp, #16]
 257:Core/Src/main.c **** 
 204              		.loc 1 257 3 is_stmt 1 view .LVU51
 257:Core/Src/main.c **** 
 205              		.loc 1 257 36 is_stmt 0 view .LVU52
 206 0058 0593     		str	r3, [sp, #20]
 259:Core/Src/main.c ****   {
 207              		.loc 1 259 3 is_stmt 1 view .LVU53
 259:Core/Src/main.c ****   {
 208              		.loc 1 259 7 is_stmt 0 view .LVU54
 209 005a 0421     		movs	r1, #4
 210 005c 0DEB0100 		add	r0, sp, r1
 211 0060 FFF7FEFF 		bl	HAL_RCC_ClockConfig
 212              	.LVL7:
 259:Core/Src/main.c ****   {
 213              		.loc 1 259 6 discriminator 1 view .LVU55
 214 0064 20B9     		cbnz	r0, .L12
 263:Core/Src/main.c **** 
 215              		.loc 1 263 1 view .LVU56
 216 0066 15B0     		add	sp, sp, #84
 217              	.LCFI5:
 218              		.cfi_remember_state
 219              		.cfi_def_cfa_offset 4
 220              		@ sp needed
 221 0068 5DF804FB 		ldr	pc, [sp], #4
 222              	.L11:
 223              	.LCFI6:
 224              		.cfi_restore_state
 247:Core/Src/main.c ****   }
 225              		.loc 1 247 5 is_stmt 1 view .LVU57
 226 006c FFF7FEFF 		bl	Error_Handler
 227              	.LVL8:
 228              	.L12:
 261:Core/Src/main.c ****   }
 229              		.loc 1 261 5 view .LVU58
 230 0070 FFF7FEFF 		bl	Error_Handler
 231              	.LVL9:
 232              		.cfi_endproc
 233              	.LFE334:
 235              		.section	.text.main,"ax",%progbits
 236              		.align	1
 237              		.global	main
 238              		.syntax unified
 239              		.thumb
 240              		.thumb_func
 242              	main:
 243              	.LFB333:
 110:Core/Src/main.c ****   /* USER CODE BEGIN 1 */
 244              		.loc 1 110 1 view -0
 245              		.cfi_startproc
 246              		@ Volatile: function does not return.
ARM GAS  C:\Users\purdu\AppData\Local\Temp\cc4WMaCT.s 			page 15


 247              		@ args = 0, pretend = 0, frame = 8
 248              		@ frame_needed = 0, uses_anonymous_args = 0
 249 0000 2DE98048 		push	{r7, fp, lr}
 250              	.LCFI7:
 251              		.cfi_def_cfa_offset 12
 252              		.cfi_offset 7, -12
 253              		.cfi_offset 11, -8
 254              		.cfi_offset 14, -4
 255 0004 83B0     		sub	sp, sp, #12
 256              	.LCFI8:
 257              		.cfi_def_cfa_offset 24
 113:Core/Src/main.c **** 
 258              		.loc 1 113 3 view .LVU60
 113:Core/Src/main.c **** 
 259              		.loc 1 113 8 is_stmt 0 view .LVU61
 260 0006 4FF0FF43 		mov	r3, #2139095040
 261 000a 0193     		str	r3, [sp, #4]
 115:Core/Src/main.c ****   C_sys.sample = &supercap_ADC1[1];
 262              		.loc 1 115 3 is_stmt 1 view .LVU62
 115:Core/Src/main.c ****   C_sys.sample = &supercap_ADC1[1];
 263              		.loc 1 115 17 is_stmt 0 view .LVU63
 264 000c 884F     		ldr	r7, .L16
 265 000e 894B     		ldr	r3, .L16+4
 266 0010 1F60     		str	r7, [r3]
 116:Core/Src/main.c ****   C_right.sample = &supercap_ADC3[2];
 267              		.loc 1 116 3 is_stmt 1 view .LVU64
 116:Core/Src/main.c ****   C_right.sample = &supercap_ADC3[2];
 268              		.loc 1 116 16 is_stmt 0 view .LVU65
 269 0012 BA1C     		adds	r2, r7, #2
 270 0014 884B     		ldr	r3, .L16+8
 271 0016 1A60     		str	r2, [r3]
 117:Core/Src/main.c ****   V_sys_op.sample = &supercap_ADC2[0];
 272              		.loc 1 117 3 is_stmt 1 view .LVU66
 117:Core/Src/main.c ****   V_sys_op.sample = &supercap_ADC2[0];
 273              		.loc 1 117 18 is_stmt 0 view .LVU67
 274 0018 884C     		ldr	r4, .L16+12
 275 001a 894B     		ldr	r3, .L16+16
 276 001c 1C60     		str	r4, [r3]
 118:Core/Src/main.c ****   V_cap_op.sample = &supercap_ADC2[1];
 277              		.loc 1 118 3 is_stmt 1 view .LVU68
 118:Core/Src/main.c ****   V_cap_op.sample = &supercap_ADC2[1];
 278              		.loc 1 118 19 is_stmt 0 view .LVU69
 279 001e 894D     		ldr	r5, .L16+20
 280 0020 894B     		ldr	r3, .L16+24
 281 0022 1D60     		str	r5, [r3]
 119:Core/Src/main.c ****   V_cap.sample = &supercap_ADC2[2];
 282              		.loc 1 119 3 is_stmt 1 view .LVU70
 119:Core/Src/main.c ****   V_cap.sample = &supercap_ADC2[2];
 283              		.loc 1 119 19 is_stmt 0 view .LVU71
 284 0024 AA1C     		adds	r2, r5, #2
 285 0026 894B     		ldr	r3, .L16+28
 286 0028 1A60     		str	r2, [r3]
 120:Core/Src/main.c ****   V_bat.sample = &supercap_ADC3[0];
 287              		.loc 1 120 3 is_stmt 1 view .LVU72
 120:Core/Src/main.c ****   V_bat.sample = &supercap_ADC3[0];
 288              		.loc 1 120 16 is_stmt 0 view .LVU73
 289 002a 2A1D     		adds	r2, r5, #4
ARM GAS  C:\Users\purdu\AppData\Local\Temp\cc4WMaCT.s 			page 16


 290 002c 884B     		ldr	r3, .L16+32
 291 002e 1A60     		str	r2, [r3]
 121:Core/Src/main.c ****   V_sys.sample = &supercap_ADC3[1];
 292              		.loc 1 121 3 is_stmt 1 view .LVU74
 121:Core/Src/main.c ****   V_sys.sample = &supercap_ADC3[1];
 293              		.loc 1 121 16 is_stmt 0 view .LVU75
 294 0030 043C     		subs	r4, r4, #4
 295 0032 884B     		ldr	r3, .L16+36
 296 0034 1C60     		str	r4, [r3]
 122:Core/Src/main.c **** 	V_1V6.sample = &supercap_ADC4[0];
 297              		.loc 1 122 3 is_stmt 1 view .LVU76
 122:Core/Src/main.c **** 	V_1V6.sample = &supercap_ADC4[0];
 298              		.loc 1 122 16 is_stmt 0 view .LVU77
 299 0036 A21C     		adds	r2, r4, #2
 300 0038 874B     		ldr	r3, .L16+40
 301 003a 1A60     		str	r2, [r3]
 123:Core/Src/main.c **** 	ADC4_12.sample = &supercap_ADC4[1];
 302              		.loc 1 123 2 is_stmt 1 view .LVU78
 123:Core/Src/main.c **** 	ADC4_12.sample = &supercap_ADC4[1];
 303              		.loc 1 123 15 is_stmt 0 view .LVU79
 304 003c 874E     		ldr	r6, .L16+44
 305 003e 884B     		ldr	r3, .L16+48
 306 0040 1E60     		str	r6, [r3]
 124:Core/Src/main.c **** 	
 307              		.loc 1 124 2 is_stmt 1 view .LVU80
 124:Core/Src/main.c **** 	
 308              		.loc 1 124 17 is_stmt 0 view .LVU81
 309 0042 B21C     		adds	r2, r6, #2
 310 0044 874B     		ldr	r3, .L16+52
 311 0046 1A60     		str	r2, [r3]
 126:Core/Src/main.c ****   /* USER CODE END 1 */
 312              		.loc 1 126 2 is_stmt 1 view .LVU82
 132:Core/Src/main.c **** 
 313              		.loc 1 132 3 view .LVU83
 314 0048 FFF7FEFF 		bl	HAL_Init
 315              	.LVL10:
 139:Core/Src/main.c **** 
 316              		.loc 1 139 3 view .LVU84
 317 004c FFF7FEFF 		bl	SystemClock_Config
 318              	.LVL11:
 146:Core/Src/main.c ****   MX_DMA_Init();
 319              		.loc 1 146 3 view .LVU85
 320 0050 FFF7FEFF 		bl	MX_GPIO_Init
 321              	.LVL12:
 147:Core/Src/main.c ****   MX_ADC1_Init();
 322              		.loc 1 147 3 view .LVU86
 323 0054 FFF7FEFF 		bl	MX_DMA_Init
 324              	.LVL13:
 148:Core/Src/main.c ****   MX_ADC2_Init();
 325              		.loc 1 148 3 view .LVU87
 326 0058 FFF7FEFF 		bl	MX_ADC1_Init
 327              	.LVL14:
 149:Core/Src/main.c ****   MX_TIM1_Init();
 328              		.loc 1 149 3 view .LVU88
 329 005c FFF7FEFF 		bl	MX_ADC2_Init
 330              	.LVL15:
 150:Core/Src/main.c ****   MX_USART1_UART_Init();
ARM GAS  C:\Users\purdu\AppData\Local\Temp\cc4WMaCT.s 			page 17


 331              		.loc 1 150 3 view .LVU89
 332 0060 FFF7FEFF 		bl	MX_TIM1_Init
 333              	.LVL16:
 151:Core/Src/main.c ****   MX_USART2_UART_Init();
 334              		.loc 1 151 3 view .LVU90
 335 0064 FFF7FEFF 		bl	MX_USART1_UART_Init
 336              	.LVL17:
 152:Core/Src/main.c ****   MX_USART3_UART_Init();
 337              		.loc 1 152 3 view .LVU91
 338 0068 FFF7FEFF 		bl	MX_USART2_UART_Init
 339              	.LVL18:
 153:Core/Src/main.c ****   MX_TIM3_Init();
 340              		.loc 1 153 3 view .LVU92
 341 006c FFF7FEFF 		bl	MX_USART3_UART_Init
 342              	.LVL19:
 154:Core/Src/main.c ****   MX_TIM4_Init();
 343              		.loc 1 154 3 view .LVU93
 344 0070 FFF7FEFF 		bl	MX_TIM3_Init
 345              	.LVL20:
 155:Core/Src/main.c ****   MX_ADC4_Init();
 346              		.loc 1 155 3 view .LVU94
 347 0074 FFF7FEFF 		bl	MX_TIM4_Init
 348              	.LVL21:
 156:Core/Src/main.c ****   MX_FDCAN1_Init();
 349              		.loc 1 156 3 view .LVU95
 350 0078 FFF7FEFF 		bl	MX_ADC4_Init
 351              	.LVL22:
 157:Core/Src/main.c ****   MX_ADC5_Init();
 352              		.loc 1 157 3 view .LVU96
 353 007c FFF7FEFF 		bl	MX_FDCAN1_Init
 354              	.LVL23:
 158:Core/Src/main.c ****   MX_ADC3_Init();
 355              		.loc 1 158 3 view .LVU97
 356 0080 FFF7FEFF 		bl	MX_ADC5_Init
 357              	.LVL24:
 159:Core/Src/main.c ****   MX_TIM2_Init();
 358              		.loc 1 159 3 view .LVU98
 359 0084 FFF7FEFF 		bl	MX_ADC3_Init
 360              	.LVL25:
 160:Core/Src/main.c ****   MX_TIM5_Init();
 361              		.loc 1 160 3 view .LVU99
 362 0088 FFF7FEFF 		bl	MX_TIM2_Init
 363              	.LVL26:
 161:Core/Src/main.c ****   /* USER CODE BEGIN 2 */
 364              		.loc 1 161 3 view .LVU100
 365 008c FFF7FEFF 		bl	MX_TIM5_Init
 366              	.LVL27:
 163:Core/Src/main.c **** 	HAL_ADCEx_Calibration_Start(&hadc2, ADC_SINGLE_ENDED);
 367              		.loc 1 163 2 view .LVU101
 368 0090 DFF804B2 		ldr	fp, .L16+104
 369 0094 7F21     		movs	r1, #127
 370 0096 5846     		mov	r0, fp
 371 0098 FFF7FEFF 		bl	HAL_ADCEx_Calibration_Start
 372              	.LVL28:
 164:Core/Src/main.c **** 	HAL_ADCEx_Calibration_Start(&hadc3, ADC_SINGLE_ENDED);
 373              		.loc 1 164 2 view .LVU102
 374 009c DFF8FCA1 		ldr	r10, .L16+108
ARM GAS  C:\Users\purdu\AppData\Local\Temp\cc4WMaCT.s 			page 18


 375 00a0 7F21     		movs	r1, #127
 376 00a2 5046     		mov	r0, r10
 377 00a4 FFF7FEFF 		bl	HAL_ADCEx_Calibration_Start
 378              	.LVL29:
 165:Core/Src/main.c **** 	HAL_ADCEx_Calibration_Start(&hadc4, ADC_SINGLE_ENDED);
 379              		.loc 1 165 2 view .LVU103
 380 00a8 DFF8F491 		ldr	r9, .L16+112
 381 00ac 7F21     		movs	r1, #127
 382 00ae 4846     		mov	r0, r9
 383 00b0 FFF7FEFF 		bl	HAL_ADCEx_Calibration_Start
 384              	.LVL30:
 166:Core/Src/main.c **** 
 385              		.loc 1 166 2 view .LVU104
 386 00b4 DFF8EC81 		ldr	r8, .L16+116
 387 00b8 7F21     		movs	r1, #127
 388 00ba 4046     		mov	r0, r8
 389 00bc FFF7FEFF 		bl	HAL_ADCEx_Calibration_Start
 390              	.LVL31:
 168:Core/Src/main.c ****   HAL_ADC_Start_DMA(&hadc2, (uint32_t*)supercap_ADC2, 3);
 391              		.loc 1 168 3 view .LVU105
 392 00c0 0222     		movs	r2, #2
 393 00c2 3946     		mov	r1, r7
 394 00c4 5846     		mov	r0, fp
 395 00c6 FFF7FEFF 		bl	HAL_ADC_Start_DMA
 396              	.LVL32:
 169:Core/Src/main.c ****   HAL_ADC_Start_DMA(&hadc3, (uint32_t*)supercap_ADC3, 3);
 397              		.loc 1 169 3 view .LVU106
 398 00ca 0322     		movs	r2, #3
 399 00cc 2946     		mov	r1, r5
 400 00ce 5046     		mov	r0, r10
 401 00d0 FFF7FEFF 		bl	HAL_ADC_Start_DMA
 402              	.LVL33:
 170:Core/Src/main.c **** 	HAL_ADC_Start_DMA(&hadc4, (uint32_t*)supercap_ADC4, 2);
 403              		.loc 1 170 3 view .LVU107
 404 00d4 0322     		movs	r2, #3
 405 00d6 2146     		mov	r1, r4
 406 00d8 4846     		mov	r0, r9
 407 00da FFF7FEFF 		bl	HAL_ADC_Start_DMA
 408              	.LVL34:
 171:Core/Src/main.c **** 	
 409              		.loc 1 171 2 view .LVU108
 410 00de 0222     		movs	r2, #2
 411 00e0 3146     		mov	r1, r6
 412 00e2 4046     		mov	r0, r8
 413 00e4 FFF7FEFF 		bl	HAL_ADC_Start_DMA
 414              	.LVL35:
 173:Core/Src/main.c **** 	HAL_TIM_PWM_Start(&htim1, TIM_CHANNEL_1);
 415              		.loc 1 173 2 view .LVU109
 416 00e8 5F4C     		ldr	r4, .L16+56
 417 00ea 2046     		mov	r0, r4
 418 00ec FFF7FEFF 		bl	HAL_TIM_Base_Start
 419              	.LVL36:
 174:Core/Src/main.c ****   HAL_TIMEx_PWMN_Start(&htim1, TIM_CHANNEL_1);
 420              		.loc 1 174 2 view .LVU110
 421 00f0 0021     		movs	r1, #0
 422 00f2 2046     		mov	r0, r4
 423 00f4 FFF7FEFF 		bl	HAL_TIM_PWM_Start
ARM GAS  C:\Users\purdu\AppData\Local\Temp\cc4WMaCT.s 			page 19


 424              	.LVL37:
 175:Core/Src/main.c ****   HAL_TIM_PWM_Start(&htim1, TIM_CHANNEL_4);
 425              		.loc 1 175 3 view .LVU111
 426 00f8 0021     		movs	r1, #0
 427 00fa 2046     		mov	r0, r4
 428 00fc FFF7FEFF 		bl	HAL_TIMEx_PWMN_Start
 429              	.LVL38:
 176:Core/Src/main.c ****   HAL_TIMEx_PWMN_Start(&htim1, TIM_CHANNEL_4);
 430              		.loc 1 176 3 view .LVU112
 431 0100 0C21     		movs	r1, #12
 432 0102 2046     		mov	r0, r4
 433 0104 FFF7FEFF 		bl	HAL_TIM_PWM_Start
 434              	.LVL39:
 177:Core/Src/main.c **** 	
 435              		.loc 1 177 3 view .LVU113
 436 0108 0C21     		movs	r1, #12
 437 010a 2046     		mov	r0, r4
 438 010c FFF7FEFF 		bl	HAL_TIMEx_PWMN_Start
 439              	.LVL40:
 179:Core/Src/main.c **** 	HAL_TIM_PWM_Start(&htim3, TIM_CHANNEL_3);
 440              		.loc 1 179 3 view .LVU114
 441 0110 564C     		ldr	r4, .L16+60
 442 0112 0421     		movs	r1, #4
 443 0114 2046     		mov	r0, r4
 444 0116 FFF7FEFF 		bl	HAL_TIM_PWM_Start
 445              	.LVL41:
 180:Core/Src/main.c **** 	
 446              		.loc 1 180 2 view .LVU115
 447 011a 0821     		movs	r1, #8
 448 011c 2046     		mov	r0, r4
 449 011e FFF7FEFF 		bl	HAL_TIM_PWM_Start
 450              	.LVL42:
 182:Core/Src/main.c **** 	HAL_TIM_PWM_Start(&htim4, TIM_CHANNEL_2);
 451              		.loc 1 182 2 view .LVU116
 452 0122 534C     		ldr	r4, .L16+64
 453 0124 0021     		movs	r1, #0
 454 0126 2046     		mov	r0, r4
 455 0128 FFF7FEFF 		bl	HAL_TIM_PWM_Start
 456              	.LVL43:
 183:Core/Src/main.c **** 	
 457              		.loc 1 183 2 view .LVU117
 458 012c 0421     		movs	r1, #4
 459 012e 2046     		mov	r0, r4
 460 0130 FFF7FEFF 		bl	HAL_TIM_PWM_Start
 461              	.LVL44:
 185:Core/Src/main.c **** 	
 462              		.loc 1 185 2 view .LVU118
 463 0134 FFF7FEFF 		bl	Supercap_Soft_Start
 464              	.LVL45:
 187:Core/Src/main.c **** 	HAL_TIM_Base_Start_IT(&htim5);
 465              		.loc 1 187 2 view .LVU119
 466 0138 4E48     		ldr	r0, .L16+68
 467 013a FFF7FEFF 		bl	HAL_TIM_Base_Start_IT
 468              	.LVL46:
 188:Core/Src/main.c **** 
 469              		.loc 1 188 2 view .LVU120
 470 013e 4E48     		ldr	r0, .L16+72
ARM GAS  C:\Users\purdu\AppData\Local\Temp\cc4WMaCT.s 			page 20


 471 0140 FFF7FEFF 		bl	HAL_TIM_Base_Start_IT
 472              	.LVL47:
 190:Core/Src/main.c ****   Supercap_PID_Init(&PID_24V_loop, 1.0f, 0.000f, 0.0f, MAX_CAP_VOLTAGE, 0, 2500);
 473              		.loc 1 190 2 view .LVU121
 474 0144 9FED4D8A 		vldr.32	s16, .L16+76
 475 0148 4FF47A73 		mov	r3, #1000
 476 014c 0022     		movs	r2, #0
 477 014e 40F68C21 		movw	r1, #2700
 478 0152 B0EE481A 		vmov.f32	s2, s16
 479 0156 DFED4A0A 		vldr.32	s1, .L16+80
 480 015a 9FED4A0A 		vldr.32	s0, .L16+84
 481 015e 4A48     		ldr	r0, .L16+88
 482 0160 FFF7FEFF 		bl	Supercap_PID_Init
 483              	.LVL48:
 191:Core/Src/main.c ****   Supercap_PID_Init(&PID_7A_loop, 1.0f, 0.000f, 0.0f, MAX_CAP_VOLTAGE, 0, 2500);
 484              		.loc 1 191 3 view .LVU122
 485 0164 40F6C413 		movw	r3, #2500
 486 0168 0022     		movs	r2, #0
 487 016a 40F68C21 		movw	r1, #2700
 488 016e B0EE481A 		vmov.f32	s2, s16
 489 0172 F0EE480A 		vmov.f32	s1, s16
 490 0176 B7EE000A 		vmov.f32	s0, #1.0e+0
 491 017a 4448     		ldr	r0, .L16+92
 492 017c FFF7FEFF 		bl	Supercap_PID_Init
 493              	.LVL49:
 192:Core/Src/main.c **** 	
 494              		.loc 1 192 3 view .LVU123
 495 0180 40F6C413 		movw	r3, #2500
 496 0184 0022     		movs	r2, #0
 497 0186 40F68C21 		movw	r1, #2700
 498 018a B0EE481A 		vmov.f32	s2, s16
 499 018e F0EE480A 		vmov.f32	s1, s16
 500 0192 B7EE000A 		vmov.f32	s0, #1.0e+0
 501 0196 3E48     		ldr	r0, .L16+96
 502 0198 FFF7FEFF 		bl	Supercap_PID_Init
 503              	.LVL50:
 504              	.L14:
 198:Core/Src/main.c ****   {
 505              		.loc 1 198 3 view .LVU124
 205:Core/Src/main.c **** 		HAL_UART_Transmit(&huart3, (uint8_t*)&(temp), 4, 1000);
 506              		.loc 1 205 3 view .LVU125
 205:Core/Src/main.c **** 		HAL_UART_Transmit(&huart3, (uint8_t*)&(temp), 4, 1000);
 507              		.loc 1 205 10 is_stmt 0 view .LVU126
 508 019c 40F2FF71 		movw	r1, #2047
 509 01a0 254B     		ldr	r3, .L16+8
 510 01a2 9889     		ldrh	r0, [r3, #12]
 511 01a4 FFF7FEFF 		bl	Supercap_ADC_to_Current_Funtion
 512              	.LVL51:
 205:Core/Src/main.c **** 		HAL_UART_Transmit(&huart3, (uint8_t*)&(temp), 4, 1000);
 513              		.loc 1 205 8 discriminator 1 view .LVU127
 514 01a8 8DED000A 		vstr.32	s0, [sp]
 206:Core/Src/main.c ****     temp = PID_45W_loop.output;
 515              		.loc 1 206 3 is_stmt 1 view .LVU128
 516 01ac 394C     		ldr	r4, .L16+100
 517 01ae 4FF47A73 		mov	r3, #1000
 518 01b2 0422     		movs	r2, #4
 519 01b4 6946     		mov	r1, sp
ARM GAS  C:\Users\purdu\AppData\Local\Temp\cc4WMaCT.s 			page 21


 520 01b6 2046     		mov	r0, r4
 521 01b8 FFF7FEFF 		bl	HAL_UART_Transmit
 522              	.LVL52:
 207:Core/Src/main.c ****     HAL_UART_Transmit(&huart3, (uint8_t*)&(temp), 4, 1000);
 523              		.loc 1 207 5 view .LVU129
 207:Core/Src/main.c ****     HAL_UART_Transmit(&huart3, (uint8_t*)&(temp), 4, 1000);
 524              		.loc 1 207 24 is_stmt 0 view .LVU130
 525 01bc 324B     		ldr	r3, .L16+88
 526 01be B3F91430 		ldrsh	r3, [r3, #20]
 527 01c2 07EE903A 		vmov	s15, r3	@ int
 207:Core/Src/main.c ****     HAL_UART_Transmit(&huart3, (uint8_t*)&(temp), 4, 1000);
 528              		.loc 1 207 10 view .LVU131
 529 01c6 F8EEE77A 		vcvt.f32.s32	s15, s15
 530 01ca CDED007A 		vstr.32	s15, [sp]
 208:Core/Src/main.c ****     temp = PID_24V_loop.output;
 531              		.loc 1 208 5 is_stmt 1 view .LVU132
 532 01ce 4FF47A73 		mov	r3, #1000
 533 01d2 0422     		movs	r2, #4
 534 01d4 6946     		mov	r1, sp
 535 01d6 2046     		mov	r0, r4
 536 01d8 FFF7FEFF 		bl	HAL_UART_Transmit
 537              	.LVL53:
 209:Core/Src/main.c ****     HAL_UART_Transmit(&huart3, (uint8_t*)&(temp), 4, 1000);
 538              		.loc 1 209 5 view .LVU133
 209:Core/Src/main.c ****     HAL_UART_Transmit(&huart3, (uint8_t*)&(temp), 4, 1000);
 539              		.loc 1 209 24 is_stmt 0 view .LVU134
 540 01dc 2B4B     		ldr	r3, .L16+92
 541 01de B3F91430 		ldrsh	r3, [r3, #20]
 542 01e2 07EE903A 		vmov	s15, r3	@ int
 209:Core/Src/main.c ****     HAL_UART_Transmit(&huart3, (uint8_t*)&(temp), 4, 1000);
 543              		.loc 1 209 10 view .LVU135
 544 01e6 F8EEE77A 		vcvt.f32.s32	s15, s15
 545 01ea CDED007A 		vstr.32	s15, [sp]
 210:Core/Src/main.c ****     temp = PID_7A_loop.output;
 546              		.loc 1 210 5 is_stmt 1 view .LVU136
 547 01ee 4FF47A73 		mov	r3, #1000
 548 01f2 0422     		movs	r2, #4
 549 01f4 6946     		mov	r1, sp
 550 01f6 2046     		mov	r0, r4
 551 01f8 FFF7FEFF 		bl	HAL_UART_Transmit
 552              	.LVL54:
 211:Core/Src/main.c ****     HAL_UART_Transmit(&huart3, (uint8_t*)&(temp), 4, 1000);
 553              		.loc 1 211 5 view .LVU137
 211:Core/Src/main.c ****     HAL_UART_Transmit(&huart3, (uint8_t*)&(temp), 4, 1000);
 554              		.loc 1 211 23 is_stmt 0 view .LVU138
 555 01fc 244B     		ldr	r3, .L16+96
 556 01fe B3F91430 		ldrsh	r3, [r3, #20]
 557 0202 07EE903A 		vmov	s15, r3	@ int
 211:Core/Src/main.c ****     HAL_UART_Transmit(&huart3, (uint8_t*)&(temp), 4, 1000);
 558              		.loc 1 211 10 view .LVU139
 559 0206 F8EEE77A 		vcvt.f32.s32	s15, s15
 560 020a CDED007A 		vstr.32	s15, [sp]
 212:Core/Src/main.c **** 
 561              		.loc 1 212 5 is_stmt 1 view .LVU140
 562 020e 4FF47A73 		mov	r3, #1000
 563 0212 0422     		movs	r2, #4
 564 0214 6946     		mov	r1, sp
ARM GAS  C:\Users\purdu\AppData\Local\Temp\cc4WMaCT.s 			page 22


 565 0216 2046     		mov	r0, r4
 566 0218 FFF7FEFF 		bl	HAL_UART_Transmit
 567              	.LVL55:
 214:Core/Src/main.c ****   }
 568              		.loc 1 214 3 discriminator 1 view .LVU141
 569 021c 4FF47A73 		mov	r3, #1000
 570 0220 0422     		movs	r2, #4
 571 0222 0DEB0201 		add	r1, sp, r2
 572 0226 2046     		mov	r0, r4
 573 0228 FFF7FEFF 		bl	HAL_UART_Transmit
 574              	.LVL56:
 198:Core/Src/main.c ****   {
 575              		.loc 1 198 9 view .LVU142
 576 022c B6E7     		b	.L14
 577              	.L17:
 578 022e 00BF     		.align	2
 579              	.L16:
 580 0230 00000000 		.word	supercap_ADC1
 581 0234 00000000 		.word	C_left
 582 0238 00000000 		.word	C_sys
 583 023c 04000000 		.word	supercap_ADC3+4
 584 0240 00000000 		.word	C_right
 585 0244 00000000 		.word	supercap_ADC2
 586 0248 00000000 		.word	V_sys_op
 587 024c 00000000 		.word	V_cap_op
 588 0250 00000000 		.word	V_cap
 589 0254 00000000 		.word	V_bat
 590 0258 00000000 		.word	V_sys
 591 025c 00000000 		.word	supercap_ADC4
 592 0260 00000000 		.word	V_1V6
 593 0264 00000000 		.word	ADC4_12
 594 0268 00000000 		.word	htim1
 595 026c 00000000 		.word	htim3
 596 0270 00000000 		.word	htim4
 597 0274 00000000 		.word	htim2
 598 0278 00000000 		.word	htim5
 599 027c 00000000 		.word	0
 600 0280 ACC52737 		.word	925353388
 601 0284 6F12833A 		.word	981668463
 602 0288 00000000 		.word	PID_45W_loop
 603 028c 00000000 		.word	PID_24V_loop
 604 0290 00000000 		.word	PID_7A_loop
 605 0294 00000000 		.word	huart3
 606 0298 00000000 		.word	hadc1
 607 029c 00000000 		.word	hadc2
 608 02a0 00000000 		.word	hadc3
 609 02a4 00000000 		.word	hadc4
 610              		.cfi_endproc
 611              	.LFE333:
 613              		.global	temp_counter
 614              		.section	.bss.temp_counter,"aw",%nobits
 615              		.align	1
 618              	temp_counter:
 619 0000 0000     		.space	2
 620              		.global	temp2
 621              		.section	.bss.temp2,"aw",%nobits
 622              		.align	2
ARM GAS  C:\Users\purdu\AppData\Local\Temp\cc4WMaCT.s 			page 23


 625              	temp2:
 626 0000 00000000 		.space	4
 627              		.global	PID_7A_loop
 628              		.section	.bss.PID_7A_loop,"aw",%nobits
 629              		.align	2
 632              	PID_7A_loop:
 633 0000 00000000 		.space	28
 633      00000000 
 633      00000000 
 633      00000000 
 633      00000000 
 634              		.global	PID_24V_loop
 635              		.section	.bss.PID_24V_loop,"aw",%nobits
 636              		.align	2
 639              	PID_24V_loop:
 640 0000 00000000 		.space	28
 640      00000000 
 640      00000000 
 640      00000000 
 640      00000000 
 641              		.global	PID_45W_loop
 642              		.section	.bss.PID_45W_loop,"aw",%nobits
 643              		.align	2
 646              	PID_45W_loop:
 647 0000 00000000 		.space	28
 647      00000000 
 647      00000000 
 647      00000000 
 647      00000000 
 648              		.global	C_left_kalman
 649              		.section	.data.C_left_kalman,"aw"
 650              		.align	2
 653              	C_left_kalman:
 654 0000 00000000 		.space	16
 654      00000000 
 654      00000000 
 654      00000000 
 655 0010 0000003F 		.word	1056964608
 656 0014 0000803F 		.word	1065353216
 657              		.global	ADC4_12
 658              		.section	.bss.ADC4_12,"aw",%nobits
 659              		.align	2
 662              	ADC4_12:
 663 0000 00000000 		.space	20
 663      00000000 
 663      00000000 
 663      00000000 
 663      00000000 
 664              		.global	V_1V6
 665              		.section	.bss.V_1V6,"aw",%nobits
 666              		.align	2
 669              	V_1V6:
 670 0000 00000000 		.space	20
 670      00000000 
 670      00000000 
 670      00000000 
 670      00000000 
ARM GAS  C:\Users\purdu\AppData\Local\Temp\cc4WMaCT.s 			page 24


 671              		.global	V_sys
 672              		.section	.bss.V_sys,"aw",%nobits
 673              		.align	2
 676              	V_sys:
 677 0000 00000000 		.space	20
 677      00000000 
 677      00000000 
 677      00000000 
 677      00000000 
 678              		.global	V_bat
 679              		.section	.bss.V_bat,"aw",%nobits
 680              		.align	2
 683              	V_bat:
 684 0000 00000000 		.space	20
 684      00000000 
 684      00000000 
 684      00000000 
 684      00000000 
 685              		.global	V_cap
 686              		.section	.bss.V_cap,"aw",%nobits
 687              		.align	2
 690              	V_cap:
 691 0000 00000000 		.space	20
 691      00000000 
 691      00000000 
 691      00000000 
 691      00000000 
 692              		.global	V_cap_op
 693              		.section	.bss.V_cap_op,"aw",%nobits
 694              		.align	2
 697              	V_cap_op:
 698 0000 00000000 		.space	20
 698      00000000 
 698      00000000 
 698      00000000 
 698      00000000 
 699              		.global	V_sys_op
 700              		.section	.bss.V_sys_op,"aw",%nobits
 701              		.align	2
 704              	V_sys_op:
 705 0000 00000000 		.space	20
 705      00000000 
 705      00000000 
 705      00000000 
 705      00000000 
 706              		.global	C_right
 707              		.section	.bss.C_right,"aw",%nobits
 708              		.align	2
 711              	C_right:
 712 0000 00000000 		.space	20
 712      00000000 
 712      00000000 
 712      00000000 
 712      00000000 
 713              		.global	C_sys
 714              		.section	.bss.C_sys,"aw",%nobits
 715              		.align	2
ARM GAS  C:\Users\purdu\AppData\Local\Temp\cc4WMaCT.s 			page 25


 718              	C_sys:
 719 0000 00000000 		.space	20
 719      00000000 
 719      00000000 
 719      00000000 
 719      00000000 
 720              		.global	C_left
 721              		.section	.bss.C_left,"aw",%nobits
 722              		.align	2
 725              	C_left:
 726 0000 00000000 		.space	20
 726      00000000 
 726      00000000 
 726      00000000 
 726      00000000 
 727              		.global	supercap_ADC4
 728              		.section	.bss.supercap_ADC4,"aw",%nobits
 729              		.align	2
 732              	supercap_ADC4:
 733 0000 00000000 		.space	4
 734              		.global	supercap_ADC3
 735              		.section	.bss.supercap_ADC3,"aw",%nobits
 736              		.align	2
 739              	supercap_ADC3:
 740 0000 00000000 		.space	6
 740      0000
 741              		.global	supercap_ADC2
 742              		.section	.bss.supercap_ADC2,"aw",%nobits
 743              		.align	2
 746              	supercap_ADC2:
 747 0000 00000000 		.space	6
 747      0000
 748              		.global	supercap_ADC1
 749              		.section	.bss.supercap_ADC1,"aw",%nobits
 750              		.align	2
 753              	supercap_ADC1:
 754 0000 00000000 		.space	4
 755              		.text
 756              	.Letext0:
 757              		.file 4 "C:/Program Files (x86)/Arm GNU Toolchain arm-none-eabi/13.2 Rel1/arm-none-eabi/include/ma
 758              		.file 5 "C:/Program Files (x86)/Arm GNU Toolchain arm-none-eabi/13.2 Rel1/arm-none-eabi/include/sy
 759              		.file 6 "Drivers/CMSIS/Device/ST/STM32G4xx/Include/stm32g473xx.h"
 760              		.file 7 "Drivers/CMSIS/Device/ST/STM32G4xx/Include/stm32g4xx.h"
 761              		.file 8 "Drivers/STM32G4xx_HAL_Driver/Inc/stm32g4xx_hal_def.h"
 762              		.file 9 "Drivers/STM32G4xx_HAL_Driver/Inc/stm32g4xx_hal_rcc.h"
 763              		.file 10 "Drivers/STM32G4xx_HAL_Driver/Inc/stm32g4xx_hal_dma.h"
 764              		.file 11 "Drivers/STM32G4xx_HAL_Driver/Inc/stm32g4xx_hal_adc.h"
 765              		.file 12 "Drivers/STM32G4xx_HAL_Driver/Inc/stm32g4xx_hal_tim.h"
 766              		.file 13 "Drivers/STM32G4xx_HAL_Driver/Inc/stm32g4xx_hal_uart.h"
 767              		.file 14 "Core/Inc/adc.h"
 768              		.file 15 "Core/Inc/tim.h"
 769              		.file 16 "Core/Inc/usart.h"
 770              		.file 17 "C:/Program Files (x86)/Arm GNU Toolchain arm-none-eabi/13.2 Rel1/lib/gcc/arm-none-eabi/1
 771              		.file 18 "C:/Program Files (x86)/Arm GNU Toolchain arm-none-eabi/13.2 Rel1/arm-none-eabi/include/s
 772              		.file 19 "C:/Program Files (x86)/Arm GNU Toolchain arm-none-eabi/13.2 Rel1/arm-none-eabi/include/s
 773              		.file 20 "C:/Program Files (x86)/Arm GNU Toolchain arm-none-eabi/13.2 Rel1/arm-none-eabi/include/s
 774              		.file 21 "C:/Program Files (x86)/Arm GNU Toolchain arm-none-eabi/13.2 Rel1/arm-none-eabi/include/s
ARM GAS  C:\Users\purdu\AppData\Local\Temp\cc4WMaCT.s 			page 26


 775              		.file 22 "Core/Inc/Kalman_Filter.h"
 776              		.file 23 "Core/Inc/supercap.h"
 777              		.file 24 "Drivers/STM32G4xx_HAL_Driver/Inc/stm32g4xx_hal_pwr_ex.h"
 778              		.file 25 "Drivers/STM32G4xx_HAL_Driver/Inc/stm32g4xx_hal_tim_ex.h"
 779              		.file 26 "Drivers/STM32G4xx_HAL_Driver/Inc/stm32g4xx_hal_adc_ex.h"
 780              		.file 27 "Core/Inc/fdcan.h"
 781              		.file 28 "Core/Inc/dma.h"
 782              		.file 29 "Core/Inc/gpio.h"
 783              		.file 30 "Drivers/STM32G4xx_HAL_Driver/Inc/stm32g4xx_hal.h"
 784              		.file 31 "<built-in>"
ARM GAS  C:\Users\purdu\AppData\Local\Temp\cc4WMaCT.s 			page 27


DEFINED SYMBOLS
                            *ABS*:00000000 main.c
C:\Users\purdu\AppData\Local\Temp\cc4WMaCT.s:21     .text.fputc:00000000 $t
C:\Users\purdu\AppData\Local\Temp\cc4WMaCT.s:27     .text.fputc:00000000 fputc
C:\Users\purdu\AppData\Local\Temp\cc4WMaCT.s:66     .text.fputc:0000001c $d
C:\Users\purdu\AppData\Local\Temp\cc4WMaCT.s:71     .text.Error_Handler:00000000 $t
C:\Users\purdu\AppData\Local\Temp\cc4WMaCT.s:77     .text.Error_Handler:00000000 Error_Handler
C:\Users\purdu\AppData\Local\Temp\cc4WMaCT.s:109    .text.SystemClock_Config:00000000 $t
C:\Users\purdu\AppData\Local\Temp\cc4WMaCT.s:115    .text.SystemClock_Config:00000000 SystemClock_Config
C:\Users\purdu\AppData\Local\Temp\cc4WMaCT.s:236    .text.main:00000000 $t
C:\Users\purdu\AppData\Local\Temp\cc4WMaCT.s:242    .text.main:00000000 main
C:\Users\purdu\AppData\Local\Temp\cc4WMaCT.s:580    .text.main:00000230 $d
C:\Users\purdu\AppData\Local\Temp\cc4WMaCT.s:753    .bss.supercap_ADC1:00000000 supercap_ADC1
C:\Users\purdu\AppData\Local\Temp\cc4WMaCT.s:725    .bss.C_left:00000000 C_left
C:\Users\purdu\AppData\Local\Temp\cc4WMaCT.s:718    .bss.C_sys:00000000 C_sys
C:\Users\purdu\AppData\Local\Temp\cc4WMaCT.s:739    .bss.supercap_ADC3:00000000 supercap_ADC3
C:\Users\purdu\AppData\Local\Temp\cc4WMaCT.s:711    .bss.C_right:00000000 C_right
C:\Users\purdu\AppData\Local\Temp\cc4WMaCT.s:746    .bss.supercap_ADC2:00000000 supercap_ADC2
C:\Users\purdu\AppData\Local\Temp\cc4WMaCT.s:704    .bss.V_sys_op:00000000 V_sys_op
C:\Users\purdu\AppData\Local\Temp\cc4WMaCT.s:697    .bss.V_cap_op:00000000 V_cap_op
C:\Users\purdu\AppData\Local\Temp\cc4WMaCT.s:690    .bss.V_cap:00000000 V_cap
C:\Users\purdu\AppData\Local\Temp\cc4WMaCT.s:683    .bss.V_bat:00000000 V_bat
C:\Users\purdu\AppData\Local\Temp\cc4WMaCT.s:676    .bss.V_sys:00000000 V_sys
C:\Users\purdu\AppData\Local\Temp\cc4WMaCT.s:732    .bss.supercap_ADC4:00000000 supercap_ADC4
C:\Users\purdu\AppData\Local\Temp\cc4WMaCT.s:669    .bss.V_1V6:00000000 V_1V6
C:\Users\purdu\AppData\Local\Temp\cc4WMaCT.s:662    .bss.ADC4_12:00000000 ADC4_12
C:\Users\purdu\AppData\Local\Temp\cc4WMaCT.s:646    .bss.PID_45W_loop:00000000 PID_45W_loop
C:\Users\purdu\AppData\Local\Temp\cc4WMaCT.s:639    .bss.PID_24V_loop:00000000 PID_24V_loop
C:\Users\purdu\AppData\Local\Temp\cc4WMaCT.s:632    .bss.PID_7A_loop:00000000 PID_7A_loop
C:\Users\purdu\AppData\Local\Temp\cc4WMaCT.s:618    .bss.temp_counter:00000000 temp_counter
C:\Users\purdu\AppData\Local\Temp\cc4WMaCT.s:615    .bss.temp_counter:00000000 $d
C:\Users\purdu\AppData\Local\Temp\cc4WMaCT.s:625    .bss.temp2:00000000 temp2
C:\Users\purdu\AppData\Local\Temp\cc4WMaCT.s:622    .bss.temp2:00000000 $d
C:\Users\purdu\AppData\Local\Temp\cc4WMaCT.s:629    .bss.PID_7A_loop:00000000 $d
C:\Users\purdu\AppData\Local\Temp\cc4WMaCT.s:636    .bss.PID_24V_loop:00000000 $d
C:\Users\purdu\AppData\Local\Temp\cc4WMaCT.s:643    .bss.PID_45W_loop:00000000 $d
C:\Users\purdu\AppData\Local\Temp\cc4WMaCT.s:653    .data.C_left_kalman:00000000 C_left_kalman
C:\Users\purdu\AppData\Local\Temp\cc4WMaCT.s:650    .data.C_left_kalman:00000000 $d
C:\Users\purdu\AppData\Local\Temp\cc4WMaCT.s:659    .bss.ADC4_12:00000000 $d
C:\Users\purdu\AppData\Local\Temp\cc4WMaCT.s:666    .bss.V_1V6:00000000 $d
C:\Users\purdu\AppData\Local\Temp\cc4WMaCT.s:673    .bss.V_sys:00000000 $d
C:\Users\purdu\AppData\Local\Temp\cc4WMaCT.s:680    .bss.V_bat:00000000 $d
C:\Users\purdu\AppData\Local\Temp\cc4WMaCT.s:687    .bss.V_cap:00000000 $d
C:\Users\purdu\AppData\Local\Temp\cc4WMaCT.s:694    .bss.V_cap_op:00000000 $d
C:\Users\purdu\AppData\Local\Temp\cc4WMaCT.s:701    .bss.V_sys_op:00000000 $d
C:\Users\purdu\AppData\Local\Temp\cc4WMaCT.s:708    .bss.C_right:00000000 $d
C:\Users\purdu\AppData\Local\Temp\cc4WMaCT.s:715    .bss.C_sys:00000000 $d
C:\Users\purdu\AppData\Local\Temp\cc4WMaCT.s:722    .bss.C_left:00000000 $d
C:\Users\purdu\AppData\Local\Temp\cc4WMaCT.s:729    .bss.supercap_ADC4:00000000 $d
C:\Users\purdu\AppData\Local\Temp\cc4WMaCT.s:736    .bss.supercap_ADC3:00000000 $d
C:\Users\purdu\AppData\Local\Temp\cc4WMaCT.s:743    .bss.supercap_ADC2:00000000 $d
C:\Users\purdu\AppData\Local\Temp\cc4WMaCT.s:750    .bss.supercap_ADC1:00000000 $d

UNDEFINED SYMBOLS
HAL_UART_Transmit
huart3
memset
ARM GAS  C:\Users\purdu\AppData\Local\Temp\cc4WMaCT.s 			page 28


HAL_PWREx_ControlVoltageScaling
HAL_RCC_OscConfig
HAL_RCC_ClockConfig
HAL_Init
MX_GPIO_Init
MX_DMA_Init
MX_ADC1_Init
MX_ADC2_Init
MX_TIM1_Init
MX_USART1_UART_Init
MX_USART2_UART_Init
MX_USART3_UART_Init
MX_TIM3_Init
MX_TIM4_Init
MX_ADC4_Init
MX_FDCAN1_Init
MX_ADC5_Init
MX_ADC3_Init
MX_TIM2_Init
MX_TIM5_Init
HAL_ADCEx_Calibration_Start
HAL_ADC_Start_DMA
HAL_TIM_Base_Start
HAL_TIM_PWM_Start
HAL_TIMEx_PWMN_Start
Supercap_Soft_Start
HAL_TIM_Base_Start_IT
Supercap_PID_Init
Supercap_ADC_to_Current_Funtion
htim1
htim3
htim4
htim2
htim5
hadc1
hadc2
hadc3
hadc4
